<?xml version="1.0" encoding="utf-8"?><testsuites name="pytest tests"><testsuite name="pytest" errors="0" failures="0" skipped="0" tests="18" time="175.364" timestamp="2026-07-08T12:32:18.784189+00:00" hostname="agent-env-d747f935-23a3-478a-b320-92d4e78ba06a"><testcase classname="tests.test_assessment_engine.TestAssessmentStart" name="test_start_returns_first_question" time="4.821" /><testcase classname="tests.test_assessment_engine.TestAssessmentStart" name="test_start_again_resumes" time="4.151" /><testcase classname="tests.test_assessment_engine.TestAssessmentCurrent" name="test_current_returns_in_progress" time="0.003" /><testcase classname="tests.test_assessment_engine.TestAssessmentAnswerFlow" name="test_walk_full_interview" time="132.507" /><testcase classname="tests.test_assessment_engine.TestAssessmentFinalize" name="test_finalize_creates_dna" time="32.630" /><testcase classname="tests.test_assessment_engine.TestAssessmentFinalize" name="test_finalize_again_idempotent" time="0.004" /><testcase classname="tests.test_assessment_engine.TestCoachingDNAGet" name="test_get_returns_v1" time="0.002" /><testcase classname="tests.test_assessment_engine.TestCoachingDNAPatch" name="test_patch_updates_allowed_fields" time="1.116" /><testcase classname="tests.test_assessment_engine.TestCoachingDNAPatch" name="test_patch_empty_updates_400" time="0.002" /><testcase classname="tests.test_assessment_engine.TestCoachingDNAPatch" name="test_patch_invalid_field_filtered" time="0.003" /><testcase classname="tests.test_assessment_engine.TestAssessmentHistory" name="test_history_shows_completed" time="0.003" /><testcase classname="tests.test_assessment_engine.TestAuthGating" name="test_no_auth_rejected[POST-/assessment/start-payload0]" time="0.001" /><testcase classname="tests.test_assessment_engine.TestAuthGating" name="test_no_auth_rejected[GET-/assessment/current-None]" time="0.001" /><testcase classname="tests.test_assessment_engine.TestAuthGating" name="test_no_auth_rejected[POST-/assessment/answer-payload2]" time="0.001" /><testcase classname="tests.test_assessment_engine.TestAuthGating" name="test_no_auth_rejected[POST-/assessment/finalize-payload3]" time="0.001" /><testcase classname="tests.test_assessment_engine.TestAuthGating" name="test_no_auth_rejected[GET-/coaching-dna-None]" time="0.001" /><testcase classname="tests.test_assessment_engine.TestAuthGating" name="test_no_auth_rejected[PATCH-/coaching-dna-payload5]" time="0.001" /><testcase classname="tests.test_assessment_engine.TestAuthGating" name="test_no_auth_rejected[GET-/assessment/history-None]" time="0.003" /></testsuite></testsuites>