<?xml version="1.0" encoding="utf-8"?><testsuites name="pytest tests"><testsuite name="pytest" errors="0" failures="0" skipped="0" tests="7" time="52.383" timestamp="2026-07-08T19:49:00.927104+00:00" hostname="agent-env-d747f935-23a3-478a-b320-92d4e78ba06a"><testcase classname="backend.tests.test_atlas_nano_banana_image.TestAtlasImageGenAuth" name="test_client_forbidden" time="0.506" /><testcase classname="backend.tests.test_atlas_nano_banana_image.TestAtlasImageGenAuth" name="test_unauth_rejected" time="0.110" /><testcase classname="backend.tests.test_atlas_nano_banana_image.TestAtlasImageGeneration" name="test_coach_generates_image_success" time="8.527" /><testcase classname="backend.tests.test_atlas_nano_banana_image.TestAtlasImageGeneration" name="test_coach_regenerate_replaces_image" time="20.117" /><testcase classname="backend.tests.test_atlas_nano_banana_image.TestAtlasImageGeneration" name="test_unknown_exercise_auto_created" time="7.502" /><testcase classname="backend.tests.test_atlas_nano_banana_image.TestAtlasImageGeneration" name="test_url_encoded_name_with_slash" time="7.695" /><testcase classname="backend.tests.test_atlas_nano_banana_image.TestAtlasImageGeneration" name="test_style_hint_accepted" time="7.908" /></testsuite></testsuites>