<?xml version="1.0" encoding="utf-8"?><testsuites name="pytest tests"><testsuite name="pytest" errors="0" failures="0" skipped="0" tests="26" time="16.001" timestamp="2026-07-10T13:58:13.120512+00:00" hostname="agent-env-d747f935-23a3-478a-b320-92d4e78ba06a"><testcase classname="backend.tests.test_brand_images_personalise.TestPersonaliseApprovalFlow" name="test_00_wipe_client_personal_state" time="0.534" /><testcase classname="backend.tests.test_brand_images_personalise.TestPersonaliseApprovalFlow" name="test_01_pick_falls_back_to_library_when_no_personal" time="0.055" /><testcase classname="backend.tests.test_brand_images_personalise.TestPersonaliseApprovalFlow" name="test_02_client_forbidden_on_pending_approval_queue" time="0.053" /><testcase classname="backend.tests.test_brand_images_personalise.TestPersonaliseApprovalFlow" name="test_03_coach_pending_approval_reachable" time="0.320" /><testcase classname="backend.tests.test_brand_images_personalise.TestPersonaliseApprovalFlow" name="test_04_personalise_kickoff" time="0.053" /><testcase classname="backend.tests.test_brand_images_personalise.TestPersonaliseApprovalFlow" name="test_05_second_personalise_while_pending_returns_409" time="0.154" /><testcase classname="backend.tests.test_brand_images_personalise.TestPersonaliseApprovalFlow" name="test_06_poll_until_pending_approval" time="8.304" /><testcase classname="backend.tests.test_brand_images_personalise.TestPersonaliseApprovalFlow" name="test_07_file_exists_on_disk_via_stream" time="0.110" /><testcase classname="backend.tests.test_brand_images_personalise.TestPersonaliseApprovalFlow" name="test_08_personal_mine_lists_newest_first" time="0.047" /><testcase classname="backend.tests.test_brand_images_personalise.TestPersonaliseApprovalFlow" name="test_09_list_hides_pending_approval_by_default" time="0.103" /><testcase classname="backend.tests.test_brand_images_personalise.TestPersonaliseApprovalFlow" name="test_10_list_hides_other_users_personal" time="0.049" /><testcase classname="backend.tests.test_brand_images_personalise.TestPersonaliseApprovalFlow" name="test_11_coach_pending_queue_contains_it" time="0.049" /><testcase classname="backend.tests.test_brand_images_personalise.TestPersonaliseApprovalFlow" name="test_12_patch_invalid_status_400" time="0.048" /><testcase classname="backend.tests.test_brand_images_personalise.TestPersonaliseApprovalFlow" name="test_13_coach_approves" time="0.057" /><testcase classname="backend.tests.test_brand_images_personalise.TestPersonaliseApprovalFlow" name="test_14_pick_now_returns_personalised" time="0.053" /><testcase classname="backend.tests.test_brand_images_personalise.TestRejectFlow" name="test_00_plant_synthetic_ready" time="0.001" /><testcase classname="backend.tests.test_brand_images_personalise.TestRejectFlow" name="test_01_stream_ok_before_reject" time="0.053" /><testcase classname="backend.tests.test_brand_images_personalise.TestRejectFlow" name="test_02_patch_rejected_hides_and_deletes_file" time="0.055" /><testcase classname="backend.tests.test_brand_images_personalise.TestRejectFlow" name="test_03_stream_after_reject_404" time="0.048" /><testcase classname="backend.tests.test_brand_images_personalise.TestStartupReconcile" name="test_00_seed_synthetic_stuck_rows" time="0.001" /><testcase classname="backend.tests.test_brand_images_personalise.TestStartupReconcile" name="test_01_restart_backend_and_wait" time="5.480" /><testcase classname="backend.tests.test_brand_images_personalise.TestStartupReconcile" name="test_02_stuck_rows_now_failed" time="0.001" /><testcase classname="backend.tests.test_brand_images_personalise.TestRegressionPhase25" name="test_seed_still_idempotent" time="0.070" /><testcase classname="backend.tests.test_brand_images_personalise.TestRegressionPhase25" name="test_pick_library_only_case" time="0.050" /><testcase classname="backend.tests.test_brand_images_personalise.TestRegressionPhase25" name="test_social_settings_still_responds" time="0.050" /><testcase classname="backend.tests.test_brand_images_personalise.TestRegressionPhase25" name="test_user_profile_photo_still_responds" time="0.059" /></testsuite></testsuites>