<?xml version="1.0" encoding="utf-8"?><testsuites name="pytest tests"><testsuite name="pytest" errors="0" failures="0" skipped="0" tests="29" time="11.955" timestamp="2026-07-10T13:36:51.965645+00:00" hostname="agent-env-d747f935-23a3-478a-b320-92d4e78ba06a"><testcase classname="backend.tests.test_brand_images.TestSeed" name="test_seed_requires_coach_role" time="0.470" /><testcase classname="backend.tests.test_brand_images.TestSeed" name="test_seed_no_auth_401" time="0.053" /><testcase classname="backend.tests.test_brand_images.TestSeed" name="test_seed_idempotent" time="0.334" /><testcase classname="backend.tests.test_brand_images.TestList" name="test_list_default" time="0.059" /><testcase classname="backend.tests.test_brand_images.TestList" name="test_list_filter_category_hero" time="0.053" /><testcase classname="backend.tests.test_brand_images.TestList" name="test_list_include_hidden_default_omits" time="0.104" /><testcase classname="backend.tests.test_brand_images.TestList" name="test_list_accessible_to_client" time="0.056" /><testcase classname="backend.tests.test_brand_images.TestPick" name="test_pick_no_query_returns_default" time="0.053" /><testcase classname="backend.tests.test_brand_images.TestPick" name="test_pick_pilot_male" time="0.059" /><testcase classname="backend.tests.test_brand_images.TestPick" name="test_pick_endurance_marathon" time="0.053" /><testcase classname="backend.tests.test_brand_images.TestPick" name="test_pick_unmatched_falls_back" time="0.051" /><testcase classname="backend.tests.test_brand_images.TestStream" name="test_stream_header_auth_coach" time="0.162" /><testcase classname="backend.tests.test_brand_images.TestStream" name="test_stream_header_auth_client" time="0.083" /><testcase classname="backend.tests.test_brand_images.TestStream" name="test_stream_query_token_auth" time="0.195" /><testcase classname="backend.tests.test_brand_images.TestStream" name="test_stream_no_auth_401" time="0.110" /><testcase classname="backend.tests.test_brand_images.TestStream" name="test_stream_missing_id_404" time="0.054" /><testcase classname="backend.tests.test_brand_images.TestPatch" name="test_patch_requires_coach" time="0.113" /><testcase classname="backend.tests.test_brand_images.TestPatch" name="test_patch_invalid_status_400" time="0.061" /><testcase classname="backend.tests.test_brand_images.TestPatch" name="test_patch_valid_label_and_default" time="0.111" /><testcase classname="backend.tests.test_brand_images.TestPatch" name="test_patch_approved_maps_to_ready" time="0.113" /><testcase classname="backend.tests.test_brand_images.TestPatch" name="test_patch_404_on_missing" time="0.053" /><testcase classname="backend.tests.test_brand_images.TestRegenerate" name="test_regenerate_requires_coach" time="0.112" /><testcase classname="backend.tests.test_brand_images.TestRegenerate" name="test_regenerate_404_missing" time="0.057" /><testcase classname="backend.tests.test_brand_images.TestRegenerate" name="test_regenerate_kickoff_and_poll" time="8.859" /><testcase classname="backend.tests.test_brand_images.TestDelete" name="test_delete_requires_coach" time="0.100" /><testcase classname="backend.tests.test_brand_images.TestDelete" name="test_delete_soft_hides_and_removes_file" time="0.214" /><testcase classname="backend.tests.test_brand_images.TestDelete" name="test_delete_404_missing" time="0.058" /><testcase classname="backend.tests.test_brand_images.TestRegression" name="test_social_settings_still_works" time="0.065" /><testcase classname="backend.tests.test_brand_images.TestRegression" name="test_profile_photo_endpoint_reachable" time="0.058" /></testsuite></testsuites>