<?xml version="1.0" encoding="utf-8"?><testsuites name="pytest tests"><testsuite name="pytest" errors="0" failures="2" skipped="0" tests="31" time="4.903" timestamp="2026-07-07T13:36:32.903157+00:00" hostname="agent-env-d747f935-23a3-478a-b320-92d4e78ba06a"><testcase classname="backend.tests.test_coach_videos_phase_b.TestList" name="test_list_ok" time="0.474" /><testcase classname="backend.tests.test_coach_videos_phase_b.TestList" name="test_list_search" time="0.117" /><testcase classname="backend.tests.test_coach_videos_phase_b.TestList" name="test_list_client_forbidden" time="0.438" /><testcase classname="backend.tests.test_coach_videos_phase_b.TestDetail" name="test_detail_ok" time="0.108" /><testcase classname="backend.tests.test_coach_videos_phase_b.TestDetail" name="test_detail_slash_key" time="0.100" /><testcase classname="backend.tests.test_coach_videos_phase_b.TestDetail" name="test_detail_client_forbidden" time="0.097" /><testcase classname="backend.tests.test_coach_videos_phase_b.TestDetail" name="test_detail_missing_key" time="0.106" /><testcase classname="backend.tests.test_coach_videos_phase_b.TestUpsert" name="test_upsert" time="0.105" /><testcase classname="backend.tests.test_coach_videos_phase_b.TestUpsert" name="test_upsert_client_forbidden" time="0.103" /><testcase classname="backend.tests.test_coach_videos_phase_b.TestSetSlot" name="test_set_custom_url_slot" time="0.114" /><testcase classname="backend.tests.test_coach_videos_phase_b.TestSetSlot" name="test_set_slot_invalid_slot_name" time="0.116" /><testcase classname="backend.tests.test_coach_videos_phase_b.TestSetSlot" name="test_set_slot_missing_key" time="0.107" /><testcase classname="backend.tests.test_coach_videos_phase_b.TestSetSlot" name="test_set_slot_client_forbidden" time="0.101" /><testcase classname="backend.tests.test_coach_videos_phase_b.TestApprove" name="test_approve_reject_primary" time="0.306" /><testcase classname="backend.tests.test_coach_videos_phase_b.TestApprove" name="test_approve_invalid_status" time="0.096" /><testcase classname="backend.tests.test_coach_videos_phase_b.TestApprove" name="test_approve_client_forbidden" time="0.111" /><testcase classname="backend.tests.test_coach_videos_phase_b.TestPreferred" name="test_set_preferred_custom_url" time="0.101" /><testcase classname="backend.tests.test_coach_videos_phase_b.TestPreferred" name="test_set_preferred_empty_slot_400" time="0.100" /><testcase classname="backend.tests.test_coach_videos_phase_b.TestPreferred" name="test_preferred_client_forbidden" time="0.103" /><testcase classname="backend.tests.test_coach_videos_phase_b.TestVariant" name="test_set_hotel_variant" time="0.104" /><testcase classname="backend.tests.test_coach_videos_phase_b.TestVariant" name="test_client_resolves_hotel_variant" time="0.103"><failure message="assert None is not None">backend/tests/test_coach_videos_phase_b.py:238: in test_client_resolves_hotel_variant
    assert d["video"] is not None
E   assert None is not None</failure></testcase><testcase classname="backend.tests.test_coach_videos_phase_b.TestVariant" name="test_client_resolves_home_uses_preferred" time="0.105"><failure message="assert None is not None">backend/tests/test_coach_videos_phase_b.py:247: in test_client_resolves_home_uses_preferred
    assert d["video"] is not None
E   assert None is not None</failure></testcase><testcase classname="backend.tests.test_coach_videos_phase_b.TestVariant" name="test_delete_hotel_variant" time="0.136" /><testcase classname="backend.tests.test_coach_videos_phase_b.TestVariant" name="test_variant_invalid" time="0.103" /><testcase classname="backend.tests.test_coach_videos_phase_b.TestVariant" name="test_variant_client_forbidden" time="0.104" /><testcase classname="backend.tests.test_coach_videos_phase_b.TestDeleteSlot" name="test_delete_custom_url_resets_preferred" time="0.163" /><testcase classname="backend.tests.test_coach_videos_phase_b.TestDeleteSlot" name="test_delete_slot_client_forbidden" time="0.102" /><testcase classname="backend.tests.test_coach_videos_phase_b.TestRescan" name="test_rescan_returns_fresh_primary" time="0.715" /><testcase classname="backend.tests.test_coach_videos_phase_b.TestRescan" name="test_rescan_client_forbidden" time="0.099" /><testcase classname="backend.tests.test_coach_videos_phase_b.TestRegression" name="test_get_exercises_video_default" time="0.106" /><testcase classname="backend.tests.test_coach_videos_phase_b.TestRegression" name="test_videos_batch_with_variant" time="0.100" /></testsuite></testsuites>