<?xml version="1.0" encoding="utf-8"?><testsuites name="pytest tests"><testsuite name="pytest" errors="0" failures="0" skipped="0" tests="20" time="2.549" timestamp="2026-07-07T11:28:14.237832+00:00" hostname="agent-env-d747f935-23a3-478a-b320-92d4e78ba06a"><testcase classname="backend.tests.test_coach_dashboard.TestCoachCalendar" name="test_default_14" time="0.521" /><testcase classname="backend.tests.test_coach_dashboard.TestCoachCalendar" name="test_days_7" time="0.059" /><testcase classname="backend.tests.test_coach_dashboard.TestCoachCalendar" name="test_days_28" time="0.077" /><testcase classname="backend.tests.test_coach_dashboard.TestCoachCalendar" name="test_forbidden_for_client" time="0.403" /><testcase classname="backend.tests.test_coach_dashboard.TestCoachCalendar" name="test_missing_auth_401" time="0.042" /><testcase classname="backend.tests.test_coach_dashboard.TestCoachCalendar" name="test_alex_present_and_dates_sequential" time="0.075" /><testcase classname="backend.tests.test_coach_dashboard.TestCoachAnalytics" name="test_default_30" time="0.057" /><testcase classname="backend.tests.test_coach_dashboard.TestCoachAnalytics" name="test_days_7" time="0.056" /><testcase classname="backend.tests.test_coach_dashboard.TestCoachAnalytics" name="test_days_90" time="0.056" /><testcase classname="backend.tests.test_coach_dashboard.TestCoachAnalytics" name="test_forbidden_for_client" time="0.049" /><testcase classname="backend.tests.test_coach_dashboard.TestCoachAnalytics" name="test_missing_auth_401" time="0.050" /><testcase classname="backend.tests.test_coach_dashboard.TestCoachAnalytics" name="test_sorted_by_compliance_desc" time="0.054" /><testcase classname="backend.tests.test_coach_dashboard.TestCoachAnalytics" name="test_totals_add_up" time="0.059" /><testcase classname="backend.tests.test_coach_dashboard.TestCoachRegression" name="test_dashboard_still_ok" time="0.065" /><testcase classname="backend.tests.test_coach_dashboard.TestCoachRegression" name="test_pending_approvals" time="0.170" /><testcase classname="backend.tests.test_coach_dashboard.TestCoachRegression" name="test_pending_approvals_forbidden_for_client" time="0.047" /><testcase classname="backend.tests.test_coach_dashboard.TestCoachRegression" name="test_clients" time="0.066" /><testcase classname="backend.tests.test_coach_dashboard.TestCoreRegression" name="test_login_client_ok" time="0.271" /><testcase classname="backend.tests.test_coach_dashboard.TestCoreRegression" name="test_login_coach_ok" time="0.271" /><testcase classname="backend.tests.test_coach_dashboard.TestCoreRegression" name="test_roster_current" time="0.046" /></testsuite></testsuites>