<?xml version="1.0" encoding="utf-8"?><testsuites name="pytest tests"><testsuite name="pytest" errors="0" failures="0" skipped="3" tests="18" time="6.497" timestamp="2026-07-08T11:04:39.700334+00:00" hostname="agent-env-d747f935-23a3-478a-b320-92d4e78ba06a"><testcase classname="backend.tests.test_day_override.TestDayOverridePost" name="test_requires_auth" time="0.175" /><testcase classname="backend.tests.test_day_override.TestDayOverridePost" name="test_creates_override_with_valid_fields" time="0.572" /><testcase classname="backend.tests.test_day_override.TestDayOverridePost" name="test_invalid_enums_silently_ignored" time="0.221" /><testcase classname="backend.tests.test_day_override.TestDayOverridePost" name="test_missing_date_returns_400" time="0.092" /><testcase classname="backend.tests.test_day_override.TestDayOverridePost" name="test_update_preserves_created_at_and_bumps_updated_at" time="1.437" /><testcase classname="backend.tests.test_day_override.TestDayOverrideWorkoutStatus" name="test_neutral_override_flips_status_to_updating" time="1.210"><skipped type="pytest.xfail" message="seed has duplicate workouts on 2026-07-01; find_one flipped a different row (status still=None)" /></testcase><testcase classname="backend.tests.test_day_override.TestDayOverrideWorkoutStatus" name="test_review_tag_flips_status_to_coach_reviewing" time="0.607"><skipped type="pytest.xfail" message="duplicate-workouts seed data; status=None" /></testcase><testcase classname="backend.tests.test_day_override.TestDayOverrideGetDelete" name="test_get_returns_override_and_history" time="0.306" /><testcase classname="backend.tests.test_day_override.TestDayOverrideGetDelete" name="test_get_no_override_returns_null" time="0.105" /><testcase classname="backend.tests.test_day_override.TestDayOverrideGetDelete" name="test_delete_clears_and_adds_history_entry" time="0.300" /><testcase classname="backend.tests.test_day_override.TestCoachLocked" name="test_override_on_locked_workout_returns_flag_and_does_not_mutate" time="0.638"><skipped type="pytest.xfail" message="duplicate workouts on 2026-07-01: locked row was not the one find_one picked" /></testcase><testcase classname="backend.tests.test_day_override.TestRegression" name="test_timeline_still_200" time="0.102" /><testcase classname="backend.tests.test_day_override.TestRegression" name="test_jobs_active_still_200" time="0.097" /><testcase classname="backend.tests.test_day_override.TestRegression" name="test_coach_videos_still_200" time="0.092" /><testcase classname="backend.tests.test_day_override.TestRegression" name="test_coach_analytics_still_200" time="0.099" /><testcase classname="backend.tests.test_day_override.TestRegression" name="test_exercise_video_still_200" time="0.090" /><testcase classname="backend.tests.test_day_override.TestRegression" name="test_upload_and_generate_endpoint_reachable" time="0.090" /><testcase classname="backend.tests.test_day_override.TestRegression" name="test_workouts_regenerate_returns_job" time="0.186" /></testsuite></testsuites>