<?xml version="1.0" encoding="utf-8"?><testsuites name="pytest tests"><testsuite name="pytest" errors="0" failures="0" skipped="0" tests="18" time="6.800" timestamp="2026-07-08T11:18:47.216686+00:00" hostname="agent-env-d747f935-23a3-478a-b320-92d4e78ba06a"><testcase classname="backend.tests.test_day_override.TestDayOverridePost" name="test_requires_auth" time="0.194" /><testcase classname="backend.tests.test_day_override.TestDayOverridePost" name="test_creates_override_with_valid_fields" time="0.545" /><testcase classname="backend.tests.test_day_override.TestDayOverridePost" name="test_invalid_enums_silently_ignored" time="0.235" /><testcase classname="backend.tests.test_day_override.TestDayOverridePost" name="test_missing_date_returns_400" time="0.092" /><testcase classname="backend.tests.test_day_override.TestDayOverridePost" name="test_update_preserves_created_at_and_bumps_updated_at" time="1.403" /><testcase classname="backend.tests.test_day_override.TestDayOverrideWorkoutStatus" name="test_neutral_override_flips_status_to_updating" time="1.272" /><testcase classname="backend.tests.test_day_override.TestDayOverrideWorkoutStatus" name="test_review_tag_flips_status_to_coach_reviewing" time="0.700" /><testcase classname="backend.tests.test_day_override.TestDayOverrideGetDelete" name="test_get_returns_override_and_history" time="0.300" /><testcase classname="backend.tests.test_day_override.TestDayOverrideGetDelete" name="test_get_no_override_returns_null" time="0.109" /><testcase classname="backend.tests.test_day_override.TestDayOverrideGetDelete" name="test_delete_clears_and_adds_history_entry" time="0.303" /><testcase classname="backend.tests.test_day_override.TestCoachLocked" name="test_override_on_locked_workout_returns_flag_and_does_not_mutate" time="0.711" /><testcase classname="backend.tests.test_day_override.TestRegression" name="test_timeline_still_200" time="0.104" /><testcase classname="backend.tests.test_day_override.TestRegression" name="test_jobs_active_still_200" time="0.090" /><testcase classname="backend.tests.test_day_override.TestRegression" name="test_coach_videos_still_200" time="0.120" /><testcase classname="backend.tests.test_day_override.TestRegression" name="test_coach_analytics_still_200" time="0.110" /><testcase classname="backend.tests.test_day_override.TestRegression" name="test_exercise_video_still_200" time="0.097" /><testcase classname="backend.tests.test_day_override.TestRegression" name="test_upload_and_generate_endpoint_reachable" time="0.105" /><testcase classname="backend.tests.test_day_override.TestRegression" name="test_workouts_regenerate_returns_job" time="0.200" /></testsuite></testsuites>