<?xml version="1.0" encoding="utf-8"?><testsuites name="pytest tests"><testsuite name="pytest" errors="0" failures="0" skipped="5" tests="27" time="2.126" timestamp="2026-07-27T20:50:21.590546+00:00" hostname="agent-env-d747f935-23a3-478a-b320-92d4e78ba06a"><testcase classname="tests.test_engine_v2_publish_e2e.TestGoalConfigStatus" name="test_marathon_is_complete" time="0.557" /><testcase classname="tests.test_engine_v2_publish_e2e.TestGoalConfigStatus" name="test_5k_is_partial_with_warnings" time="0.055" /><testcase classname="tests.test_engine_v2_publish_e2e.TestGoalConfigStatus" name="test_unknown_goal_is_missing" time="0.055" /><testcase classname="tests.test_engine_v2_publish_e2e.TestGoalConfigStatus" name="test_requires_coach_auth" time="0.053"><skipped type="pytest.skip" message="client login failed: 401">/app/backend/tests/test_engine_v2_publish_e2e.py:94: client login failed: 401</skipped></testcase><testcase classname="tests.test_engine_v2_publish_e2e.TestDraftSetup" name="test_regenerate_pietro_draft" time="0.087" /><testcase classname="tests.test_engine_v2_publish_e2e.TestExceptions" name="test_list_exceptions_shape" time="0.055" /><testcase classname="tests.test_engine_v2_publish_e2e.TestExceptions" name="test_at_least_one_important_unfilled" time="0.000" /><testcase classname="tests.test_engine_v2_publish_e2e.TestExceptions" name="test_exception_fields" time="0.000" /><testcase classname="tests.test_engine_v2_publish_e2e.TestExceptions" name="test_non_coach_gets_403" time="0.000"><skipped type="pytest.skip" message="client login failed: 401">/app/backend/tests/test_engine_v2_publish_e2e.py:160: client login failed: 401</skipped></testcase><testcase classname="tests.test_engine_v2_publish_e2e.TestPublishGates" name="test_publish_blocked_by_unresolved_exceptions" time="0.051" /><testcase classname="tests.test_engine_v2_publish_e2e.TestPublishGates" name="test_publish_blocked_by_stale_draft" time="0.052" /><testcase classname="tests.test_engine_v2_publish_e2e.TestPublishGates" name="test_publish_config_missing" time="0.000"><skipped type="pytest.skip" message="config_missing gate covered by classifier test + code review">/app/backend/tests/test_engine_v2_publish_e2e.py:200: config_missing gate covered by classifier test + code review</skipped></testcase><testcase classname="tests.test_engine_v2_publish_e2e.TestResolveException" name="test_override_requires_reason" time="0.055" /><testcase classname="tests.test_engine_v2_publish_e2e.TestResolveException" name="test_carry_forward_requires_reason" time="0.054" /><testcase classname="tests.test_engine_v2_publish_e2e.TestResolveException" name="test_modify_objective_requires_reason" time="0.049" /><testcase classname="tests.test_engine_v2_publish_e2e.TestResolveException" name="test_resolve_nonexistent_exception_404" time="0.058" /><testcase classname="tests.test_engine_v2_publish_e2e.TestResolveException" name="test_resolve_all_key_important" time="0.121" /><testcase classname="tests.test_engine_v2_publish_e2e.TestResolveException" name="test_resolve_is_idempotent" time="0.203" /><testcase classname="tests.test_engine_v2_publish_e2e.TestResolveException" name="test_exceptions_shows_zero_unresolved_key_important" time="0.056" /><testcase classname="tests.test_engine_v2_publish_e2e.TestCompare" name="test_compare_shape" time="0.065" /><testcase classname="tests.test_engine_v2_publish_e2e.TestPublishSuccess" name="test_publish_partial_config_requires_ack" time="0.000"><skipped type="pytest.skip" message="Pietro is running.marathon (COMPLETE) — PARTIAL ack not testable here">/app/backend/tests/test_engine_v2_publish_e2e.py:333: Pietro is running.marathon (COMPLETE) — PARTIAL ack not testable here</skipped></testcase><testcase classname="tests.test_engine_v2_publish_e2e.TestPublishSuccess" name="test_publish_succeeds" time="0.063" /><testcase classname="tests.test_engine_v2_publish_e2e.TestPublishSuccess" name="test_publish_stale_after_success" time="0.202" /><testcase classname="tests.test_engine_v2_publish_e2e.TestCompareAfterPublish" name="test_has_live_true" time="0.060" /><testcase classname="tests.test_engine_v2_publish_e2e.TestClientPlanLive" name="test_coach_hitting_client_endpoint_403" time="0.059" /><testcase classname="tests.test_engine_v2_publish_e2e.TestClientPlanLive" name="test_client_without_v2_flag_409" time="0.000"><skipped type="pytest.skip" message="client login failed: 401">/app/backend/tests/test_engine_v2_publish_e2e.py:407: client login failed: 401</skipped></testcase><testcase classname="tests.test_engine_v2_publish_e2e.TestClientPlanLive" name="test_client_day_endpoint_auth" time="0.056" /></testsuite></testsuites>