<?xml version="1.0" encoding="utf-8"?><testsuites name="pytest tests"><testsuite name="pytest" errors="0" failures="0" skipped="0" tests="21" time="3.132" timestamp="2026-07-07T10:08:25.534999+00:00" hostname="agent-env-d747f935-23a3-478a-b320-92d4e78ba06a"><testcase classname="backend.tests.test_events.TestEventCRUD" name="test_client_create_event" time="1.016" /><testcase classname="backend.tests.test_events.TestEventCRUD" name="test_create_deactivates_previous_and_history_kept" time="0.133" /><testcase classname="backend.tests.test_events.TestEventCRUD" name="test_current_returns_active_with_phase_info" time="0.043" /><testcase classname="backend.tests.test_events.TestEventCRUD" name="test_patch_own_event" time="0.088" /><testcase classname="backend.tests.test_events.TestEventCRUD" name="test_client_cannot_patch_other_users_event" time="0.388" /><testcase classname="backend.tests.test_events.TestEventCRUD" name="test_delete_soft_deactivates" time="0.135" /><testcase classname="backend.tests.test_events.TestEventCRUD" name="test_client_cannot_delete_other_users_event" time="0.125" /><testcase classname="backend.tests.test_events.TestEventCoachOnBehalf" name="test_coach_creates_event_for_client" time="0.043" /><testcase classname="backend.tests.test_events.TestEventCoachOnBehalf" name="test_coach_get_client_event" time="0.043" /><testcase classname="backend.tests.test_events.TestEventCoachOnBehalf" name="test_coach_client_endpoint_requires_coach" time="0.039" /><testcase classname="backend.tests.test_events.TestEventCoachOnBehalf" name="test_coach_client_detail_includes_event" time="0.116" /><testcase classname="backend.tests.test_events.TestEventPhaseComputation" name="test_phase_branch[200-base]" time="0.092" /><testcase classname="backend.tests.test_events.TestEventPhaseComputation" name="test_phase_branch[70-build]" time="0.084" /><testcase classname="backend.tests.test_events.TestEventPhaseComputation" name="test_phase_branch[40-peak]" time="0.124" /><testcase classname="backend.tests.test_events.TestEventPhaseComputation" name="test_phase_branch[15-taper]" time="0.095" /><testcase classname="backend.tests.test_events.TestEventPhaseComputation" name="test_phase_branch[5-race_week]" time="0.086" /><testcase classname="backend.tests.test_events.TestEventPhaseComputation" name="test_phase_branch[-5-recovery]" time="0.091" /><testcase classname="backend.tests.test_events.TestEventPhaseComputation" name="test_phase_branch[-30-post]" time="0.085" /><testcase classname="backend.tests.test_events.TestWorkoutPatchEventFields" name="test_patch_key_session_and_event_phase" time="0.126" /><testcase classname="backend.tests.test_events.TestEventsNotFound" name="test_patch_missing_returns_404" time="0.083" /><testcase classname="backend.tests.test_events.TestEventsNotFound" name="test_delete_missing_returns_404" time="0.047" /></testsuite></testsuites>