<?xml version="1.0" encoding="utf-8"?><testsuites name="pytest tests"><testsuite name="pytest" errors="0" failures="0" skipped="0" tests="26" time="61.097" timestamp="2026-07-10T06:08:15.329861+00:00" hostname="agent-env-d747f935-23a3-478a-b320-92d4e78ba06a"><testcase classname="backend.tests.test_habits.TestHabitsMineAndToday" name="test_habits_mine_returns_active" time="0.423" /><testcase classname="backend.tests.test_habits.TestHabitsMineAndToday" name="test_habits_today_structure" time="0.099" /><testcase classname="backend.tests.test_habits.TestHabitsMineAndToday" name="test_seed_is_idempotent_for_existing_client" time="0.093" /><testcase classname="backend.tests.test_habits.TestHabitLog" name="test_log_done_and_streak" time="0.233" /><testcase classname="backend.tests.test_habits.TestHabitLog" name="test_log_upserts_on_same_day" time="0.407" /><testcase classname="backend.tests.test_habits.TestHabitLog" name="test_log_invalid_status_400" time="0.228" /><testcase classname="backend.tests.test_habits.TestHabitLog" name="test_log_unknown_habit_404" time="0.090" /><testcase classname="backend.tests.test_habits.TestHabitLog" name="test_logs_history_sorted_desc" time="0.210" /><testcase classname="backend.tests.test_habits.TestStreakPreservation" name="test_skipped_yesterday_done_today_gives_streak_2" time="0.652" /><testcase classname="backend.tests.test_habits.TestStreakPreservation" name="test_not_possible_preserves_streak" time="0.308" /><testcase classname="backend.tests.test_habits.TestStreakPreservation" name="test_missing_day_breaks_streak" time="0.295" /><testcase classname="backend.tests.test_habits.TestRemindersToggle" name="test_toggle_persists" time="0.207" /><testcase classname="backend.tests.test_habits.TestReviewsLatest" name="test_reviews_latest_ok" time="0.091" /><testcase classname="backend.tests.test_habits.TestFreshSeed" name="test_signup_and_seed_new_client" time="6.204" /><testcase classname="backend.tests.test_habits.TestHabitVisibility" name="test_post_flight_habit_hidden_without_workout" time="0.289" /><testcase classname="backend.tests.test_habits.TestCoachHabits" name="test_coach_get_habits" time="0.098" /><testcase classname="backend.tests.test_habits.TestCoachHabits" name="test_coach_create_and_change_log" time="0.095" /><testcase classname="backend.tests.test_habits.TestCoachHabits" name="test_coach_patch_pause_archive_activate" time="0.501" /><testcase classname="backend.tests.test_habits.TestCoachHabits" name="test_coach_patch_no_updates_400" time="0.206" /><testcase classname="backend.tests.test_habits.TestCoachHabits" name="test_role_guards" time="0.480" /><testcase classname="backend.tests.test_habits.TestReviewApproveReject" name="test_approve_applies_and_closes_task" time="0.297" /><testcase classname="backend.tests.test_habits.TestReviewApproveReject" name="test_reject_flow" time="0.413" /><testcase classname="backend.tests.test_habits.TestMaxHabitsCap" name="test_new_habits_not_inserted_when_5_active" time="0.294" /><testcase classname="backend.tests.test_habits.TestRegressionExistingEndpoints" name="test_coach_controls_get_put" time="0.196" /><testcase classname="backend.tests.test_habits.TestRegressionExistingEndpoints" name="test_coach_change_log_endpoint" time="0.106" /><testcase classname="backend.tests.test_habits.TestCheckinReviewGeneration" name="test_checkin_triggers_habit_review" time="48.478" /></testsuite></testsuites>