<?xml version="1.0" encoding="utf-8"?><testsuites name="pytest tests"><testsuite name="pytest" errors="0" failures="0" skipped="0" tests="6" time="8.558" timestamp="2026-08-21T18:55:56.952089+00:00" hostname="agent-env-d747f935-23a3-478a-b320-92d4e78ba06a"><testcase classname="backend.tests.test_iter189g_alternatives_redesign.TestExerciseAlternativesEndpoint" name="test_1a_alternatives_meta_dedup_and_cap" time="0.746" /><testcase classname="backend.tests.test_iter189g_alternatives_redesign.TestExerciseAlternativesEndpoint" name="test_1b_legacy_flat_alternatives_capped_at_3" time="0.263" /><testcase classname="backend.tests.test_iter189g_alternatives_redesign.TestExerciseAlternativesEndpoint" name="test_1c_no_library_no_catalog_returns_empty" time="0.236" /><testcase classname="backend.tests.test_iter189g_alternatives_redesign.TestExerciseAlternativesEndpoint" name="test_1d_catalog_match_capped_at_3" time="0.260" /><testcase classname="backend.tests.test_iter189g_alternatives_redesign.TestGenerateAlternativesLLM" name="test_generate_alternatives_writes_meta_and_backfills_ids" time="6.726" /><testcase classname="backend.tests.test_iter189g_alternatives_redesign.TestSwapExerciseSmoke" name="test_swap_exercise_returns_200" time="0.206" /></testsuite></testsuites>