<?xml version="1.0" encoding="utf-8"?><testsuites name="pytest tests"><testsuite name="pytest" errors="0" failures="1" skipped="0" tests="7" time="4.940" timestamp="2026-07-12T22:04:20.209867+00:00" hostname="agent-env-d747f935-23a3-478a-b320-92d4e78ba06a"><testcase classname="tests.test_iter55_setup_gate_and_banners" name="test_gate_relaxed_duty_hours_12_returns_tomorrow" time="1.954" /><testcase classname="tests.test_iter55_setup_gate_and_banners" name="test_gate_night_flight_tomorrow_returns_plus2" time="0.000" /><testcase classname="tests.test_iter55_setup_gate_and_banners" name="test_gate_caps_at_plus2_even_if_everything_heavy" time="0.000" /><testcase classname="tests.test_iter55_setup_gate_and_banners" name="test_active_endpoint_shape_when_no_active_job" time="0.542" /><testcase classname="tests.test_iter55_setup_gate_and_banners" name="test_active_endpoint_returns_needs_review_stub" time="0.236"><failure message="AssertionError: /api/roster/jobs/active did NOT return the needs_review job. Got: {}. Frontend amber banner will not render.&#10;assert None == 'TEST_0357fe164473'&#10; +  where None = &lt;built-in method get of dict object at 0xf98b718449c0&gt;('id')&#10; +    where &lt;built-in method get of dict object at 0xf98b718449c0&gt; = {}.get">tests/test_iter55_setup_gate_and_banners.py:156: in test_active_endpoint_returns_needs_review_stub
    assert j.get("id") == job_id, (
E   AssertionError: /api/roster/jobs/active did NOT return the needs_review job. Got: {}. Frontend amber banner will not render.
E   assert None == 'TEST_0357fe164473'
E    +  where None = &lt;built-in method get of dict object at 0xf98b718449c0&gt;('id')
E    +    where &lt;built-in method get of dict object at 0xf98b718449c0&gt; = {}.get</failure></testcase><testcase classname="tests.test_iter55_setup_gate_and_banners" name="test_retry_zero_workouts_opens_coach_task" time="1.934" /><testcase classname="tests.test_iter55_setup_gate_and_banners" name="test_workouts_week_returns_list" time="0.178" /></testsuite></testsuites>