<?xml version="1.0" encoding="utf-8"?><testsuites name="pytest tests"><testsuite name="pytest" errors="0" failures="9" skipped="0" tests="30" time="6.656" timestamp="2026-07-21T17:31:15.428424+00:00" hostname="agent-env-d747f935-23a3-478a-b320-92d4e78ba06a"><testcase classname="tests.test_iter79_plan_c_workout_editor.TestT1WorkoutMeta" name="test_patch_updates_and_flags" time="2.775"><failure message="AssertionError: Internal Server Error&#10;assert 500 == 200&#10; +  where 500 = &lt;Response [500]&gt;.status_code">tests/test_iter79_plan_c_workout_editor.py:214: in test_patch_updates_and_flags
    assert r.status_code == 200, r.text
E   AssertionError: Internal Server Error
E   assert 500 == 200
E    +  where 500 = &lt;Response [500]&gt;.status_code</failure></testcase><testcase classname="tests.test_iter79_plan_c_workout_editor.TestT1WorkoutMeta" name="test_patch_completed_workout_400" time="0.108" /><testcase classname="tests.test_iter79_plan_c_workout_editor.TestT2ExerciseCRUD" name="test_add_valid_and_bogus" time="0.322"><failure message="AssertionError: Internal Server Error&#10;assert 500 == 200&#10; +  where 500 = &lt;Response [500]&gt;.status_code">tests/test_iter79_plan_c_workout_editor.py:275: in test_add_valid_and_bogus
    assert r.status_code == 200, r.text
E   AssertionError: Internal Server Error
E   assert 500 == 200
E    +  where 500 = &lt;Response [500]&gt;.status_code</failure></testcase><testcase classname="tests.test_iter79_plan_c_workout_editor.TestT2ExerciseCRUD" name="test_edit_exercise" time="0.142"><failure message="AssertionError: Internal Server Error&#10;assert 500 == 200&#10; +  where 500 = &lt;Response [500]&gt;.status_code">tests/test_iter79_plan_c_workout_editor.py:285: in test_edit_exercise
    assert r.status_code == 200, r.text
E   AssertionError: Internal Server Error
E   assert 500 == 200
E    +  where 500 = &lt;Response [500]&gt;.status_code</failure></testcase><testcase classname="tests.test_iter79_plan_c_workout_editor.TestT2ExerciseCRUD" name="test_edit_exercise_out_of_range" time="0.118" /><testcase classname="tests.test_iter79_plan_c_workout_editor.TestT2ExerciseCRUD" name="test_delete_exercise" time="0.158"><failure message="AssertionError: Internal Server Error&#10;assert 500 == 200&#10; +  where 500 = &lt;Response [500]&gt;.status_code">tests/test_iter79_plan_c_workout_editor.py:305: in test_delete_exercise
    assert r.status_code == 200, r.text
E   AssertionError: Internal Server Error
E   assert 500 == 200
E    +  where 500 = &lt;Response [500]&gt;.status_code</failure></testcase><testcase classname="tests.test_iter79_plan_c_workout_editor.TestT2ExerciseCRUD" name="test_reorder_valid_and_invalid" time="0.107"><failure message="AssertionError: Internal Server Error&#10;assert 500 == 200&#10; +  where 500 = &lt;Response [500]&gt;.status_code">tests/test_iter79_plan_c_workout_editor.py:324: in test_reorder_valid_and_invalid
    assert r.status_code == 200, r.text
E   AssertionError: Internal Server Error
E   assert 500 == 200
E    +  where 500 = &lt;Response [500]&gt;.status_code</failure></testcase><testcase classname="tests.test_iter79_plan_c_workout_editor.TestT3ExerciseSwap" name="test_swap_preserves_prescription" time="0.155"><failure message="AssertionError: Internal Server Error&#10;assert 500 == 200&#10; +  where 500 = &lt;Response [500]&gt;.status_code">tests/test_iter79_plan_c_workout_editor.py:356: in test_swap_preserves_prescription
    assert r.status_code == 200, r.text
E   AssertionError: Internal Server Error
E   assert 500 == 200
E    +  where 500 = &lt;Response [500]&gt;.status_code</failure></testcase><testcase classname="tests.test_iter79_plan_c_workout_editor.TestT3ExerciseSwap" name="test_swap_no_preserve_defaults" time="0.105"><failure message="AssertionError: Internal Server Error&#10;assert 500 == 200&#10; +  where 500 = &lt;Response [500]&gt;.status_code">tests/test_iter79_plan_c_workout_editor.py:374: in test_swap_no_preserve_defaults
    assert r.status_code == 200, r.text
E   AssertionError: Internal Server Error
E   assert 500 == 200
E    +  where 500 = &lt;Response [500]&gt;.status_code</failure></testcase><testcase classname="tests.test_iter79_plan_c_workout_editor.TestT3ExerciseSwap" name="test_swap_override_wins" time="0.105"><failure message="AssertionError: Internal Server Error&#10;assert 500 == 200&#10; +  where 500 = &lt;Response [500]&gt;.status_code">tests/test_iter79_plan_c_workout_editor.py:393: in test_swap_override_wins
    assert r.status_code == 200, r.text
E   AssertionError: Internal Server Error
E   assert 500 == 200
E    +  where 500 = &lt;Response [500]&gt;.status_code</failure></testcase><testcase classname="tests.test_iter79_plan_c_workout_editor.TestT3ExerciseSwap" name="test_swap_bogus_replacement_404" time="0.099" /><testcase classname="tests.test_iter79_plan_c_workout_editor.TestT4V2Search" name="test_query_filter" time="0.103" /><testcase classname="tests.test_iter79_plan_c_workout_editor.TestT4V2Search" name="test_movement_filter" time="0.162" /><testcase classname="tests.test_iter79_plan_c_workout_editor.TestT4V2Search" name="test_tag_intersection" time="0.108" /><testcase classname="tests.test_iter79_plan_c_workout_editor.TestT4V2Search" name="test_draft_excluded" time="0.099" /><testcase classname="tests.test_iter79_plan_c_workout_editor.TestT4V2Search" name="test_limit_capped" time="0.106" /><testcase classname="tests.test_iter79_plan_c_workout_editor.TestT5WorkoutRegenPreview" name="test_preset_shorter" time="0.102" /><testcase classname="tests.test_iter79_plan_c_workout_editor.TestT5WorkoutRegenPreview" name="test_preset_easier_floors_rpe" time="0.121" /><testcase classname="tests.test_iter79_plan_c_workout_editor.TestT5WorkoutRegenPreview" name="test_preset_harder_caps_sets" time="0.144" /><testcase classname="tests.test_iter79_plan_c_workout_editor.TestT5WorkoutRegenPreview" name="test_preset_tired" time="0.103" /><testcase classname="tests.test_iter79_plan_c_workout_editor.TestT5WorkoutRegenPreview" name="test_preset_as_running" time="0.110" /><testcase classname="tests.test_iter79_plan_c_workout_editor.TestT5WorkoutRegenPreview" name="test_preset_unknown_400" time="0.101" /><testcase classname="tests.test_iter79_plan_c_workout_editor.TestT6ProgrammeRegenPreview" name="test_preview_shape" time="0.108" /><testcase classname="tests.test_iter79_plan_c_workout_editor.TestT6ProgrammeRegenPreview" name="test_preview_no_active_roster_400" time="0.104" /><testcase classname="tests.test_iter79_plan_c_workout_editor.TestT7ProgrammeRegenApply" name="test_apply_queues_job" time="0.128"><failure message="AssertionError: Internal Server Error&#10;assert 500 == 200&#10; +  where 500 = &lt;Response [500]&gt;.status_code">tests/test_iter79_plan_c_workout_editor.py:596: in test_apply_queues_job
    assert r.status_code == 200, r.text
E   AssertionError: Internal Server Error
E   assert 500 == 200
E    +  where 500 = &lt;Response [500]&gt;.status_code</failure></testcase><testcase classname="tests.test_iter79_plan_c_workout_editor.TestT7ProgrammeRegenApply" name="test_apply_no_active_roster_400" time="0.121" /><testcase classname="tests.test_iter79_plan_c_workout_editor.TestT8RegressionSmoke" name="test_coach_dashboard" time="0.135" /><testcase classname="tests.test_iter79_plan_c_workout_editor.TestT8RegressionSmoke" name="test_coach_roster_alerts" time="0.117" /><testcase classname="tests.test_iter79_plan_c_workout_editor.TestT8RegressionSmoke" name="test_programme_overview_still_healthy" time="0.104" /><testcase classname="tests.test_iter79_plan_c_workout_editor.TestT8RegressionSmoke" name="test_programme_timeline_still_healthy" time="0.113" /></testsuite></testsuites>