<?xml version="1.0" encoding="utf-8"?><testsuites name="pytest tests"><testsuite name="pytest" errors="0" failures="0" skipped="0" tests="76" time="98.543" timestamp="2026-07-10T10:15:06.433801+00:00" hostname="agent-env-d747f935-23a3-478a-b320-92d4e78ba06a"><testcase classname="tests.test_notifications_v1.TestSettingsDefaults" name="test_fresh_user_defaults" time="0.402" /><testcase classname="tests.test_notifications_v1.TestSettingsDefaults" name="test_put_partial_merge" time="0.106" /><testcase classname="tests.test_notifications_v1.TestSettingsDefaults" name="test_put_empty_body_400" time="0.857" /><testcase classname="tests.test_notifications_v1.TestPermission" name="test_granted" time="0.091" /><testcase classname="tests.test_notifications_v1.TestPermission" name="test_denied" time="0.049" /><testcase classname="tests.test_notifications_v1.TestPermission" name="test_not_requested" time="0.045" /><testcase classname="tests.test_notifications_v1.TestPermission" name="test_invalid_status_400" time="0.044" /><testcase classname="tests.test_notifications_v1.TestListAndRead" name="test_list_and_unread_shape" time="0.094" /><testcase classname="tests.test_notifications_v1.TestListAndRead" name="test_read_nonexistent_returns_404" time="0.311" /><testcase classname="tests.test_notifications_v1.TestListAndRead" name="test_read_all_empty_returns_marked_int" time="0.043" /><testcase classname="tests.test_notifications_v1.TestRoleGuards" name="test_anonymous_list_401" time="0.042" /><testcase classname="tests.test_notifications_v1.TestRoleGuards" name="test_anonymous_settings_401" time="0.044" /><testcase classname="tests.test_notifications_v1.TestRoleGuards" name="test_anonymous_permission_401" time="0.043" /><testcase classname="tests.test_notifications_v1.TestHookWiring" name="test_generate_creates_coach_draft_ready" time="4.700" /><testcase classname="tests.test_notifications_v1.TestHookWiring" name="test_second_generate_creates_second_notification_unique_dedupe" time="3.985" /><testcase classname="tests.test_notifications_v1.TestHookWiring" name="test_approve_creates_client_coach_message_notification" time="0.169" /><testcase classname="tests.test_notifications_v1.TestHookWiring" name="test_double_approve_400" time="0.044" /><testcase classname="tests.test_notifications_v1.TestHookWiring" name="test_second_approve_creates_second_coach_message_unique_dedupe" time="0.097" /><testcase classname="tests.test_notifications_v1.TestListFilters" name="test_sorted_desc_and_unread_only" time="0.096" /><testcase classname="tests.test_notifications_v1.TestListFilters" name="test_mark_single_read_and_read_all" time="0.218" /><testcase classname="tests.test_notifications_v1.TestRegression" name="test_habits_today" time="0.048" /><testcase classname="tests.test_notifications_v1.TestRegression" name="test_habit_log" time="0.089" /><testcase classname="tests.test_notifications_v1.TestRegression" name="test_coach_message_drafts" time="0.308" /><testcase classname="tests.test_notifications_v1.TestRegression" name="test_coach_client_controls" time="0.045" /><testcase classname="tests.test_notifications_v1.TestRegression" name="test_coach_change_log" time="0.055" /><testcase classname="tests.test_notifications_v1.TestRegression" name="test_coach_client_habits" time="0.047" /><testcase classname="tests.test_notifications_v1.TestRegression" name="test_habit_review_approve_404_for_bogus_id" time="0.046" /><testcase classname="tests.test_habits.TestHabitsMineAndToday" name="test_habits_mine_returns_active" time="0.448" /><testcase classname="tests.test_habits.TestHabitsMineAndToday" name="test_habits_today_structure" time="0.100" /><testcase classname="tests.test_habits.TestHabitsMineAndToday" name="test_seed_is_idempotent_for_existing_client" time="0.127" /><testcase classname="tests.test_habits.TestHabitLog" name="test_log_done_and_streak" time="0.190" /><testcase classname="tests.test_habits.TestHabitLog" name="test_log_upserts_on_same_day" time="0.383" /><testcase classname="tests.test_habits.TestHabitLog" name="test_log_invalid_status_400" time="0.191" /><testcase classname="tests.test_habits.TestHabitLog" name="test_log_unknown_habit_404" time="0.098" /><testcase classname="tests.test_habits.TestHabitLog" name="test_logs_history_sorted_desc" time="0.204" /><testcase classname="tests.test_habits.TestStreakPreservation" name="test_skipped_yesterday_done_today_gives_streak_2" time="0.649" /><testcase classname="tests.test_habits.TestStreakPreservation" name="test_not_possible_preserves_streak" time="0.309" /><testcase classname="tests.test_habits.TestStreakPreservation" name="test_missing_day_breaks_streak" time="0.398" /><testcase classname="tests.test_habits.TestRemindersToggle" name="test_toggle_persists" time="0.308" /><testcase classname="tests.test_habits.TestReviewsLatest" name="test_reviews_latest_ok" time="0.136" /><testcase classname="tests.test_habits.TestFreshSeed" name="test_signup_and_seed_new_client" time="7.263" /><testcase classname="tests.test_habits.TestHabitVisibility" name="test_post_flight_habit_hidden_without_workout" time="0.299" /><testcase classname="tests.test_habits.TestCoachHabits" name="test_coach_get_habits" time="0.104" /><testcase classname="tests.test_habits.TestCoachHabits" name="test_coach_create_and_change_log" time="0.099" /><testcase classname="tests.test_habits.TestCoachHabits" name="test_coach_patch_pause_archive_activate" time="0.501" /><testcase classname="tests.test_habits.TestCoachHabits" name="test_coach_patch_no_updates_400" time="0.193" /><testcase classname="tests.test_habits.TestCoachHabits" name="test_role_guards" time="0.479" /><testcase classname="tests.test_habits.TestReviewApproveReject" name="test_approve_applies_and_closes_task" time="0.308" /><testcase classname="tests.test_habits.TestReviewApproveReject" name="test_reject_flow" time="0.393" /><testcase classname="tests.test_habits.TestMaxHabitsCap" name="test_new_habits_not_inserted_when_5_active" time="0.307" /><testcase classname="tests.test_habits.TestRegressionExistingEndpoints" name="test_coach_controls_get_put" time="0.200" /><testcase classname="tests.test_habits.TestRegressionExistingEndpoints" name="test_coach_change_log_endpoint" time="0.103" /><testcase classname="tests.test_habits.TestCheckinReviewGeneration" name="test_checkin_triggers_habit_review" time="44.779" /><testcase classname="tests.test_coach_message_drafts.TestBackgroundDraftFromClientMessage" name="test_client_send_message_returns_normally" time="0.759" /><testcase classname="tests.test_coach_message_drafts.TestBackgroundDraftFromClientMessage" name="test_background_draft_created" time="4.234" /><testcase classname="tests.test_coach_message_drafts.TestBackgroundDraftFromClientMessage" name="test_coach_task_message_draft_ready_exists" time="0.048" /><testcase classname="tests.test_coach_message_drafts.TestBackgroundDraftFromClientMessage" name="test_draft_detail_with_thread" time="0.048" /><testcase classname="tests.test_coach_message_drafts.TestManualGenerate" name="test_manual_generate_creates_draft" time="3.491" /><testcase classname="tests.test_coach_message_drafts.TestRegenerate" name="test_regenerate_shorter" time="3.411" /><testcase classname="tests.test_coach_message_drafts.TestEdit" name="test_patch_edit_text" time="0.047" /><testcase classname="tests.test_coach_message_drafts.TestApprove" name="test_approve_sends_message" time="0.283" /><testcase classname="tests.test_coach_message_drafts.TestApprove" name="test_double_approve_400" time="0.046" /><testcase classname="tests.test_coach_message_drafts.TestDismiss" name="test_dismiss_flow" time="8.219" /><testcase classname="tests.test_coach_message_drafts.TestCoachControls" name="test_get_controls_defaults" time="0.048" /><testcase classname="tests.test_coach_message_drafts.TestCoachControls" name="test_put_partial_merge" time="0.092" /><testcase classname="tests.test_coach_message_drafts.TestCoachControls" name="test_controls_change_log_entry" time="0.045" /><testcase classname="tests.test_coach_message_drafts.TestChangeLog" name="test_change_log_sorted_newest_first" time="0.045" /><testcase classname="tests.test_coach_message_drafts.TestChangeLog" name="test_change_log_filter_category_message" time="0.044" /><testcase classname="tests.test_coach_message_drafts.TestChangeLog" name="test_client_scoped_change_log" time="0.049" /><testcase classname="tests.test_coach_message_drafts.TestRoleGuards" name="test_client_cannot_list_drafts" time="0.050" /><testcase classname="tests.test_coach_message_drafts.TestRoleGuards" name="test_anon_cannot_list_drafts" time="0.169" /><testcase classname="tests.test_coach_message_drafts.TestRoleGuards" name="test_client_cannot_read_controls" time="0.055" /><testcase classname="tests.test_coach_message_drafts.TestRoleGuards" name="test_client_cannot_write_controls" time="0.046" /><testcase classname="tests.test_coach_message_drafts.TestRoleGuards" name="test_client_cannot_read_change_log" time="0.048" /><testcase classname="tests.test_coach_message_drafts.TestRoleGuards" name="test_client_cannot_generate_draft" time="0.052" /><testcase classname="tests.test_coach_message_drafts.TestNoDraftForClientToClient" name="test_client_to_client_no_draft" time="6.293" /></testsuite></testsuites>