<?xml version="1.0" encoding="utf-8"?><testsuites name="pytest tests"><testsuite name="pytest" errors="0" failures="0" skipped="0" tests="16" time="79.640" timestamp="2026-07-20T09:39:39.726874+00:00" hostname="agent-env-d747f935-23a3-478a-b320-92d4e78ba06a"><testcase classname="backend.tests.test_iter63_programme_phase4.TestProgrammePillOnListing" name="test_coach_clients_contains_programme_pill_key" time="0.822" /><testcase classname="backend.tests.test_iter63_programme_phase4.TestProgrammePillOnListing" name="test_coach_dashboard_contains_programme_pill" time="0.160" /><testcase classname="backend.tests.test_iter63_programme_phase4.TestProgrammePillOnListing" name="test_programme_pill_none_when_no_programme" time="0.224" /><testcase classname="backend.tests.test_iter63_programme_phase4.TestAuthOnNewEndpoints" name="test_regenerate_requires_auth" time="0.102" /><testcase classname="backend.tests.test_iter63_programme_phase4.TestAuthOnNewEndpoints" name="test_regenerate_forbidden_for_client_role" time="0.464" /><testcase classname="backend.tests.test_iter63_programme_phase4.TestAuthOnNewEndpoints" name="test_approve_requires_auth" time="0.098" /><testcase classname="backend.tests.test_iter63_programme_phase4.TestAuthOnNewEndpoints" name="test_approve_forbidden_for_client_role" time="0.102" /><testcase classname="backend.tests.test_iter63_programme_phase4.TestApproveEndpoint" name="test_approve_true_flips_programme_and_clears_review_flag" time="0.429" /><testcase classname="backend.tests.test_iter63_programme_phase4.TestApproveEndpoint" name="test_approve_false_does_not_touch_workouts" time="0.100" /><testcase classname="backend.tests.test_iter63_programme_phase4.TestApproveEndpoint" name="test_approve_404_when_no_programme" time="0.117" /><testcase classname="backend.tests.test_iter63_programme_phase4.TestRegenerateEndpoint" name="test_regenerate_returns_running_and_creates_gen_job" time="76.135" /><testcase classname="backend.tests.test_iter63_programme_phase4.TestRegenerateEndpoint" name="test_regenerate_400_when_no_active_roster" time="0.188" /><testcase classname="backend.tests.test_iter63_programme_phase4.TestRegenerateEndpoint" name="test_regenerate_404_when_client_not_found" time="0.110" /><testcase classname="backend.tests.test_iter63_programme_phase4.TestRegression" name="test_pending_approvals_endpoint_still_works" time="0.201" /><testcase classname="backend.tests.test_iter63_programme_phase4.TestRegression" name="test_client_self_regenerate_still_works" time="0.101" /><testcase classname="backend.tests.test_iter63_programme_phase4.TestRegression" name="test_coach_programme_current_history_endpoints" time="0.196" /></testsuite></testsuites>