<?xml version="1.0" encoding="utf-8"?><testsuites name="pytest tests"><testsuite name="pytest" errors="0" failures="0" skipped="0" tests="27" time="3.911" timestamp="2026-08-25T20:39:49.152653+00:00" hostname="agent-env-d747f935-23a3-478a-b320-92d4e78ba06a"><testcase classname="tests.test_iter189v_guided_flow_duration.TestParseRepsTimeToSeconds" name="test_parses[25 min-1500]" time="2.859" /><testcase classname="tests.test_iter189v_guided_flow_duration.TestParseRepsTimeToSeconds" name="test_parses[5 min-300]" time="0.000" /><testcase classname="tests.test_iter189v_guided_flow_duration.TestParseRepsTimeToSeconds" name="test_parses[5 minutes-300]" time="0.000" /><testcase classname="tests.test_iter189v_guided_flow_duration.TestParseRepsTimeToSeconds" name="test_parses[45 sec-45]" time="0.000" /><testcase classname="tests.test_iter189v_guided_flow_duration.TestParseRepsTimeToSeconds" name="test_parses[90s-90]" time="0.000" /><testcase classname="tests.test_iter189v_guided_flow_duration.TestParseRepsTimeToSeconds" name="test_parses[1 hr-3600]" time="0.000" /><testcase classname="tests.test_iter189v_guided_flow_duration.TestParseRepsTimeToSeconds" name="test_parses[2 hours-7200]" time="0.000" /><testcase classname="tests.test_iter189v_guided_flow_duration.TestParseRepsTimeToSeconds" name="test_parses[5:00-300]" time="0.000" /><testcase classname="tests.test_iter189v_guided_flow_duration.TestParseRepsTimeToSeconds" name="test_parses[0:30-30]" time="0.000" /><testcase classname="tests.test_iter189v_guided_flow_duration.TestParseRepsTimeToSeconds" name="test_parses[20-25 min-1500]" time="0.000" /><testcase classname="tests.test_iter189v_guided_flow_duration.TestParseRepsTimeToSeconds" name="test_parses[30-45 sec-45]" time="0.000" /><testcase classname="tests.test_iter189v_guided_flow_duration.TestParseRepsTimeToSeconds" name="test_parses[8-None]" time="0.000" /><testcase classname="tests.test_iter189v_guided_flow_duration.TestParseRepsTimeToSeconds" name="test_parses[-None]" time="0.000" /><testcase classname="tests.test_iter189v_guided_flow_duration.TestParseRepsTimeToSeconds" name="test_parses[AMRAP-None]" time="0.000" /><testcase classname="tests.test_iter189v_guided_flow_duration.TestDeriveLoggingType" name="test_reps_min_promotes_to_timer_without_v2" time="0.000" /><testcase classname="tests.test_iter189v_guided_flow_duration.TestDeriveLoggingType" name="test_reps_sec_promotes_to_timer" time="0.000" /><testcase classname="tests.test_iter189v_guided_flow_duration.TestDeriveLoggingType" name="test_explicit_duration_sec_promotes_to_timer" time="0.000" /><testcase classname="tests.test_iter189v_guided_flow_duration.TestDeriveLoggingType" name="test_bare_reps_stays_weighted" time="0.000" /><testcase classname="tests.test_iter189v_guided_flow_duration.TestDeriveLoggingType" name="test_library_logging_type_wins" time="0.000" /><testcase classname="tests.test_iter189v_guided_flow_duration.TestEnrichForGuided" name="test_main_cardio_25_min_gets_1500s_timer" time="0.001" /><testcase classname="tests.test_iter189v_guided_flow_duration.TestEnrichForGuided" name="test_main_cardio_45_min_long_run" time="0.000" /><testcase classname="tests.test_iter189v_guided_flow_duration.TestEnrichForGuided" name="test_warmup_5_min_gets_300s" time="0.000" /><testcase classname="tests.test_iter189v_guided_flow_duration.TestEnrichForGuided" name="test_30_sec_hold_gets_30s" time="0.000" /><testcase classname="tests.test_iter189v_guided_flow_duration.TestEnrichForGuided" name="test_bare_reps_strength_stays_weighted" time="0.000" /><testcase classname="tests.test_iter189v_guided_flow_duration.TestEnrichForGuided" name="test_idempotent_preserves_existing_duration" time="0.000" /><testcase classname="tests.test_iter189v_guided_flow_duration.TestProgrammeImportZone2" name="test_seed_via_mongo_and_backfill_produces_timer_1500" time="0.992" /><testcase classname="tests.test_iter189v_guided_flow_duration.TestExistingRegressions" name="test_import_module" time="0.000" /></testsuite></testsuites>