<?xml version="1.0" encoding="utf-8"?><testsuites name="pytest tests"><testsuite name="pytest" errors="0" failures="0" skipped="0" tests="18" time="3.768" timestamp="2026-07-12T15:47:44.207758+00:00" hostname="agent-env-d747f935-23a3-478a-b320-92d4e78ba06a"><testcase classname="backend.tests.test_message_attachments" name="test_regression_client_has_louis_as_coach" time="0.925" /><testcase classname="backend.tests.test_message_attachments" name="test_01_upload_image_happy" time="0.060" /><testcase classname="backend.tests.test_message_attachments" name="test_02_send_message_with_attachment" time="0.103" /><testcase classname="backend.tests.test_message_attachments" name="test_03_hydration_on_read" time="0.110" /><testcase classname="backend.tests.test_message_attachments" name="test_04_louis_can_access" time="0.211" /><testcase classname="backend.tests.test_message_attachments" name="test_05_third_party_forbidden" time="0.515" /><testcase classname="backend.tests.test_message_attachments" name="test_06_unauth_forbidden" time="0.099" /><testcase classname="backend.tests.test_message_attachments" name="test_07_voice_upload_and_send" time="0.118" /><testcase classname="backend.tests.test_message_attachments" name="test_08_video_upload_and_send" time="0.111" /><testcase classname="backend.tests.test_message_attachments" name="test_09_size_guard_image" time="0.396" /><testcase classname="backend.tests.test_message_attachments" name="test_10_type_guard" time="0.049" /><testcase classname="backend.tests.test_message_attachments" name="test_11_video_too_long" time="0.051" /><testcase classname="backend.tests.test_message_attachments" name="test_12_voice_too_long" time="0.052" /><testcase classname="backend.tests.test_message_attachments" name="test_13_max_5_images" time="0.345" /><testcase classname="backend.tests.test_message_attachments" name="test_14_delete_pre_send" time="0.143" /><testcase classname="backend.tests.test_message_attachments" name="test_15_delete_after_send_blocked" time="0.193" /><testcase classname="backend.tests.test_message_attachments" name="test_17_regression_text_only" time="0.077" /><testcase classname="backend.tests.test_message_attachments" name="test_18_regression_louis_identity" time="0.052" /></testsuite></testsuites>