<?xml version="1.0" encoding="utf-8"?><testsuites name="pytest tests"><testsuite name="pytest" errors="0" failures="0" skipped="0" tests="11" time="0.620" timestamp="2026-07-23T12:22:54.018386+00:00" hostname="agent-env-d747f935-23a3-478a-b320-92d4e78ba06a"><testcase classname="tests.test_iter95a_endpoints.TestDualSessionToday" name="test_today_client_200" time="0.236" /><testcase classname="tests.test_iter95a_endpoints.TestDualSessionToday" name="test_today_no_500_for_seeded_mixed_user" time="0.004" /><testcase classname="tests.test_iter95a_endpoints.TestDualSessionUpcoming" name="test_upcoming_default" time="0.004" /><testcase classname="tests.test_iter95a_endpoints.TestDualSessionUpcoming" name="test_upcoming_days_param" time="0.004" /><testcase classname="tests.test_iter95a_endpoints.TestDualSessionDebug" name="test_debug_403_for_client" time="0.003" /><testcase classname="tests.test_iter95a_endpoints.TestDualSessionDebug" name="test_debug_200_for_coach" time="0.229" /><testcase classname="tests.test_iter95a_endpoints.TestDualSessionFlag" name="test_flag_toggle_disables_dual_session" time="0.014" /><testcase classname="tests.test_iter95a_endpoints.TestDualSessionFlag" name="test_flag_restored_true" time="0.004" /><testcase classname="tests.test_iter95a_endpoints.TestWeeklyReviewDedupe" name="test_checkin_and_progress_twice_returns_real_uuid" time="0.044" /><testcase classname="tests.test_iter95a_endpoints.TestWeeklyReviewDedupe" name="test_weekly_review_current_shape" time="0.009" /><testcase classname="tests.test_iter95a_endpoints.TestCoachTaskDedupe" name="test_no_duplicate_weekly_video_review_tasks" time="0.018" /></testsuite></testsuites>