<?xml version="1.0" encoding="utf-8"?><testsuites name="pytest tests"><testsuite name="pytest" errors="0" failures="0" skipped="0" tests="4" time="2.035" timestamp="2026-07-21T19:08:41.556875+00:00" hostname="agent-env-d747f935-23a3-478a-b320-92d4e78ba06a"><testcase classname="backend.tests.test_iter81_phase2_resolver_integration" name="test_apply_resolver_stats_include_phase2_keys" time="0.006" /><testcase classname="backend.tests.test_iter81_phase2_resolver_integration" name="test_apply_resolver_layover_unknown_hotel_flags_matched_ex" time="0.001" /><testcase classname="backend.tests.test_iter81_phase2_resolver_integration" name="test_apply_resolver_home_day_with_kit_passes_gate" time="0.001" /><testcase classname="backend.tests.test_iter81_phase2_resolver_integration" name="test_apply_resolver_home_day_missing_kit_flags_review" time="0.001" /></testsuite></testsuites>