<?xml version="1.0" encoding="utf-8"?><testsuites name="pytest tests"><testsuite name="pytest" errors="0" failures="0" skipped="0" tests="30" time="9.057" timestamp="2026-07-11T19:10:30.648504+00:00" hostname="agent-env-d747f935-23a3-478a-b320-92d4e78ba06a"><testcase classname="backend.tests.test_launch_hardening.TestUserQuota" name="test_user_quota_returns_all_features" time="0.393" /><testcase classname="backend.tests.test_launch_hardening.TestUserQuota" name="test_user_quota_requires_auth" time="0.045" /><testcase classname="backend.tests.test_launch_hardening.TestAdminTelemetry" name="test_summary" time="0.319" /><testcase classname="backend.tests.test_launch_hardening.TestAdminTelemetry" name="test_daily" time="0.044" /><testcase classname="backend.tests.test_launch_hardening.TestAdminTelemetry" name="test_top_users" time="0.043" /><testcase classname="backend.tests.test_launch_hardening.TestAdminTelemetry" name="test_outliers" time="0.046" /><testcase classname="backend.tests.test_launch_hardening.TestAdminTelemetry" name="test_quotas" time="0.045" /><testcase classname="backend.tests.test_launch_hardening.TestAdminTelemetry" name="test_admin_endpoints_forbidden_for_client" time="0.292" /><testcase classname="backend.tests.test_launch_hardening.TestGDPR" name="test_export_returns_json_blob" time="4.981" /><testcase classname="backend.tests.test_launch_hardening.TestGDPR" name="test_delete_missing_confirmation_400" time="0.053" /><testcase classname="backend.tests.test_launch_hardening.TestGDPR" name="test_delete_and_cancel_flow" time="0.243" /><testcase classname="backend.tests.test_launch_hardening.TestCheckinMigration" name="test_status" time="0.047" /><testcase classname="backend.tests.test_launch_hardening.TestCheckinMigration" name="test_unify_dry_run_idempotent" time="0.043" /><testcase classname="backend.tests.test_launch_hardening.TestStorage" name="test_storage_status" time="0.046" /><testcase classname="backend.tests.test_launch_hardening.TestRegression" name="test_nutrition_today" time="0.047" /><testcase classname="backend.tests.test_launch_hardening.TestRegression" name="test_habits_mine" time="0.046" /><testcase classname="backend.tests.test_launch_hardening.TestRegression" name="test_notifications" time="0.044" /><testcase classname="backend.tests.test_launch_hardening.TestRegression" name="test_coach_clients" time="0.088" /><testcase classname="backend.tests.test_beta_readiness.TestStorageSmokeTest" name="test_smoke_test_as_coach" time="0.048" /><testcase classname="backend.tests.test_beta_readiness.TestStorageSmokeTest" name="test_smoke_test_forbidden_for_client" time="0.045" /><testcase classname="backend.tests.test_beta_readiness.TestStorageSmokeTest" name="test_storage_status_still_disk" time="0.046" /><testcase classname="backend.tests.test_beta_readiness.TestSentry" name="test_sentry_status_dsn_unset" time="0.122" /><testcase classname="backend.tests.test_beta_readiness.TestSentry" name="test_sentry_test_error_returns_ok_false" time="0.048" /><testcase classname="backend.tests.test_beta_readiness.TestSentry" name="test_sentry_status_forbidden_for_client" time="0.043" /><testcase classname="backend.tests.test_beta_readiness.TestSentry" name="test_sentry_test_error_forbidden_for_client" time="0.045" /><testcase classname="backend.tests.test_beta_readiness.TestBetaDisclaimer" name="test_status_unauthenticated" time="0.053" /><testcase classname="backend.tests.test_beta_readiness.TestBetaDisclaimer" name="test_fresh_user_not_accepted" time="0.310" /><testcase classname="backend.tests.test_beta_readiness.TestBetaDisclaimer" name="test_accept_then_status_true" time="1.233" /><testcase classname="backend.tests.test_beta_readiness.TestRegressionSmoke" name="test_nutrition_today_client" time="0.045" /><testcase classname="backend.tests.test_beta_readiness.TestRegressionSmoke" name="test_coach_dashboard" time="0.084" /></testsuite></testsuites>