<?xml version="1.0" encoding="utf-8"?><testsuites name="pytest tests"><testsuite name="pytest" errors="0" failures="1" skipped="0" tests="28" time="8.373" timestamp="2026-07-08T11:20:43.953140+00:00" hostname="agent-env-d747f935-23a3-478a-b320-92d4e78ba06a"><testcase classname="backend.tests.test_day_override.TestDayOverridePost" name="test_requires_auth" time="0.115" /><testcase classname="backend.tests.test_day_override.TestDayOverridePost" name="test_creates_override_with_valid_fields" time="0.513" /><testcase classname="backend.tests.test_day_override.TestDayOverridePost" name="test_invalid_enums_silently_ignored" time="0.186" /><testcase classname="backend.tests.test_day_override.TestDayOverridePost" name="test_missing_date_returns_400" time="0.094" /><testcase classname="backend.tests.test_day_override.TestDayOverridePost" name="test_update_preserves_created_at_and_bumps_updated_at" time="1.403" /><testcase classname="backend.tests.test_day_override.TestDayOverrideWorkoutStatus" name="test_neutral_override_flips_status_to_updating" time="0.964"><failure message="AssertionError: expected a new coach_alert of kind=day_edited&#10;assert 21 &gt; 21">backend/tests/test_day_override.py:215: in test_neutral_override_flips_status_to_updating
    assert after_ct &gt; before_ct, "expected a new coach_alert of kind=day_edited"
E   AssertionError: expected a new coach_alert of kind=day_edited
E   assert 21 &gt; 21</failure></testcase><testcase classname="backend.tests.test_day_override.TestDayOverrideWorkoutStatus" name="test_review_tag_flips_status_to_coach_reviewing" time="0.691" /><testcase classname="backend.tests.test_day_override.TestDayOverrideGetDelete" name="test_get_returns_override_and_history" time="0.279" /><testcase classname="backend.tests.test_day_override.TestDayOverrideGetDelete" name="test_get_no_override_returns_null" time="0.097" /><testcase classname="backend.tests.test_day_override.TestDayOverrideGetDelete" name="test_delete_clears_and_adds_history_entry" time="0.314" /><testcase classname="backend.tests.test_day_override.TestCoachLocked" name="test_override_on_locked_workout_returns_flag_and_does_not_mutate" time="0.725" /><testcase classname="backend.tests.test_day_override.TestRegression" name="test_timeline_still_200" time="0.109" /><testcase classname="backend.tests.test_day_override.TestRegression" name="test_jobs_active_still_200" time="0.092" /><testcase classname="backend.tests.test_day_override.TestRegression" name="test_coach_videos_still_200" time="0.098" /><testcase classname="backend.tests.test_day_override.TestRegression" name="test_coach_analytics_still_200" time="0.111" /><testcase classname="backend.tests.test_day_override.TestRegression" name="test_exercise_video_still_200" time="0.094" /><testcase classname="backend.tests.test_day_override.TestRegression" name="test_upload_and_generate_endpoint_reachable" time="0.090" /><testcase classname="backend.tests.test_day_override.TestRegression" name="test_workouts_regenerate_returns_job" time="0.230" /><testcase classname="backend.tests.test_workout_dedup_index.TestDedupAndIndex" name="test_no_duplicate_user_date_groups" time="0.005" /><testcase classname="backend.tests.test_workout_dedup_index.TestDedupAndIndex" name="test_unique_compound_index_present" time="0.001" /><testcase classname="backend.tests.test_workout_dedup_index.TestDedupAndIndex" name="test_duplicate_insert_raises_dup_key_error" time="0.001" /><testcase classname="backend.tests.test_workout_dedup_index.TestDayOverrideStatusFlipDeterministic" name="test_neutral_override_flips_status_to_updating_exactly_one_row" time="0.821" /><testcase classname="backend.tests.test_workout_dedup_index.TestDayOverrideStatusFlipDeterministic" name="test_sick_tag_flips_status_to_coach_reviewing" time="0.403" /><testcase classname="backend.tests.test_workout_dedup_index.TestRegression" name="test_calendar_timeline_ok" time="0.102" /><testcase classname="backend.tests.test_workout_dedup_index.TestRegression" name="test_coach_analytics_ok" time="0.413" /><testcase classname="backend.tests.test_workout_dedup_index.TestRegression" name="test_roster_upload_and_generate_reachable" time="0.095" /><testcase classname="backend.tests.test_workout_dedup_index.TestRegression" name="test_workouts_regenerate_returns_job" time="0.196" /><testcase classname="backend.tests.test_workout_dedup_index.TestRegression" name="test_no_new_duplicates_after_regenerate" time="0.002" /></testsuite></testsuites>