<?xml version="1.0" encoding="utf-8"?><testsuites name="pytest tests"><testsuite name="pytest" errors="0" failures="0" skipped="0" tests="30" time="7.242" timestamp="2026-07-21T17:39:38.690709+00:00" hostname="agent-env-d747f935-23a3-478a-b320-92d4e78ba06a"><testcase classname="backend.tests.test_iter79_plan_c_workout_editor.TestT1WorkoutMeta" name="test_patch_updates_and_flags" time="2.688" /><testcase classname="backend.tests.test_iter79_plan_c_workout_editor.TestT1WorkoutMeta" name="test_patch_completed_workout_400" time="0.125" /><testcase classname="backend.tests.test_iter79_plan_c_workout_editor.TestT2ExerciseCRUD" name="test_add_valid_and_bogus" time="0.225" /><testcase classname="backend.tests.test_iter79_plan_c_workout_editor.TestT2ExerciseCRUD" name="test_edit_exercise" time="0.167" /><testcase classname="backend.tests.test_iter79_plan_c_workout_editor.TestT2ExerciseCRUD" name="test_edit_exercise_out_of_range" time="0.123" /><testcase classname="backend.tests.test_iter79_plan_c_workout_editor.TestT2ExerciseCRUD" name="test_delete_exercise" time="0.117" /><testcase classname="backend.tests.test_iter79_plan_c_workout_editor.TestT2ExerciseCRUD" name="test_reorder_valid_and_invalid" time="1.062" /><testcase classname="backend.tests.test_iter79_plan_c_workout_editor.TestT3ExerciseSwap" name="test_swap_preserves_prescription" time="0.110" /><testcase classname="backend.tests.test_iter79_plan_c_workout_editor.TestT3ExerciseSwap" name="test_swap_no_preserve_defaults" time="0.115" /><testcase classname="backend.tests.test_iter79_plan_c_workout_editor.TestT3ExerciseSwap" name="test_swap_override_wins" time="0.109" /><testcase classname="backend.tests.test_iter79_plan_c_workout_editor.TestT3ExerciseSwap" name="test_swap_bogus_replacement_404" time="0.111" /><testcase classname="backend.tests.test_iter79_plan_c_workout_editor.TestT4V2Search" name="test_query_filter" time="0.096" /><testcase classname="backend.tests.test_iter79_plan_c_workout_editor.TestT4V2Search" name="test_movement_filter" time="0.120" /><testcase classname="backend.tests.test_iter79_plan_c_workout_editor.TestT4V2Search" name="test_tag_intersection" time="0.111" /><testcase classname="backend.tests.test_iter79_plan_c_workout_editor.TestT4V2Search" name="test_draft_excluded" time="0.130" /><testcase classname="backend.tests.test_iter79_plan_c_workout_editor.TestT4V2Search" name="test_limit_capped" time="0.106" /><testcase classname="backend.tests.test_iter79_plan_c_workout_editor.TestT5WorkoutRegenPreview" name="test_preset_shorter" time="0.108" /><testcase classname="backend.tests.test_iter79_plan_c_workout_editor.TestT5WorkoutRegenPreview" name="test_preset_easier_floors_rpe" time="0.104" /><testcase classname="backend.tests.test_iter79_plan_c_workout_editor.TestT5WorkoutRegenPreview" name="test_preset_harder_caps_sets" time="0.097" /><testcase classname="backend.tests.test_iter79_plan_c_workout_editor.TestT5WorkoutRegenPreview" name="test_preset_tired" time="0.101" /><testcase classname="backend.tests.test_iter79_plan_c_workout_editor.TestT5WorkoutRegenPreview" name="test_preset_as_running" time="0.116" /><testcase classname="backend.tests.test_iter79_plan_c_workout_editor.TestT5WorkoutRegenPreview" name="test_preset_unknown_400" time="0.116" /><testcase classname="backend.tests.test_iter79_plan_c_workout_editor.TestT6ProgrammeRegenPreview" name="test_preview_shape" time="0.101" /><testcase classname="backend.tests.test_iter79_plan_c_workout_editor.TestT6ProgrammeRegenPreview" name="test_preview_no_active_roster_400" time="0.117" /><testcase classname="backend.tests.test_iter79_plan_c_workout_editor.TestT7ProgrammeRegenApply" name="test_apply_queues_job" time="0.117" /><testcase classname="backend.tests.test_iter79_plan_c_workout_editor.TestT7ProgrammeRegenApply" name="test_apply_no_active_roster_400" time="0.122" /><testcase classname="backend.tests.test_iter79_plan_c_workout_editor.TestT8RegressionSmoke" name="test_coach_dashboard" time="0.121" /><testcase classname="backend.tests.test_iter79_plan_c_workout_editor.TestT8RegressionSmoke" name="test_coach_roster_alerts" time="0.247" /><testcase classname="backend.tests.test_iter79_plan_c_workout_editor.TestT8RegressionSmoke" name="test_programme_overview_still_healthy" time="0.116" /><testcase classname="backend.tests.test_iter79_plan_c_workout_editor.TestT8RegressionSmoke" name="test_programme_timeline_still_healthy" time="0.108" /></testsuite></testsuites>