<?xml version="1.0" encoding="utf-8"?><testsuites name="pytest tests"><testsuite name="pytest" errors="0" failures="0" skipped="0" tests="20" time="2.961" timestamp="2026-07-23T11:36:09.157807+00:00" hostname="agent-env-d747f935-23a3-478a-b320-92d4e78ba06a"><testcase classname="backend.tests.test_iter94u_daily_briefing.TestCoachProfile" name="test_returns_louis_hall" time="0.410" /><testcase classname="backend.tests.test_iter94u_daily_briefing.TestCoachProfile" name="test_requires_auth" time="0.040" /><testcase classname="backend.tests.test_iter94u_daily_briefing.TestDailyBriefingToday" name="test_shape" time="0.093" /><testcase classname="backend.tests.test_iter94u_daily_briefing.TestDailyBriefingToday" name="test_idempotent_same_id" time="0.217" /><testcase classname="backend.tests.test_iter94u_daily_briefing.TestDailyBriefingToday" name="test_timezone_is_dubai" time="0.129" /><testcase classname="backend.tests.test_iter94u_daily_briefing.TestDailyBriefingToday" name="test_greeting_matches_dubai_hour" time="0.131" /><testcase classname="backend.tests.test_iter94u_daily_briefing.TestDailyBriefingToday" name="test_goal_class_fat_loss" time="0.091" /><testcase classname="backend.tests.test_iter94u_daily_briefing.TestDismiss" name="test_dismiss_sets_flag_and_hides_modal" time="0.221" /><testcase classname="backend.tests.test_iter94u_daily_briefing.TestPreferences" name="test_defaults_after_reset" time="0.127" /><testcase classname="backend.tests.test_iter94u_daily_briefing.TestPreferences" name="test_update_prefs" time="0.170" /><testcase classname="backend.tests.test_iter94u_daily_briefing.TestPreferences" name="test_invalid_tone_400" time="0.040" /><testcase classname="backend.tests.test_iter94u_daily_briefing.TestRegenerate" name="test_regenerate_new_id" time="0.591" /><testcase classname="backend.tests.test_iter94u_daily_briefing.TestRosterAndMissed" name="test_layover_title_and_focus" time="0.257" /><testcase classname="backend.tests.test_iter94u_daily_briefing.TestRosterAndMissed" name="test_missed_yesterday_surfaces" time="0.090" /><testcase classname="backend.tests.test_iter94u_daily_briefing.TestRegressionEndpoints" name="test_app_config" time="0.085" /><testcase classname="backend.tests.test_iter94u_daily_briefing.TestRegressionEndpoints" name="test_calendar_range" time="0.050" /><testcase classname="backend.tests.test_iter94u_daily_briefing.TestRegressionEndpoints" name="test_recovery_missed" time="0.042" /><testcase classname="backend.tests.test_iter94u_daily_briefing.TestRegressionEndpoints" name="test_profile_timezone_status" time="0.054" /><testcase classname="backend.tests.test_iter94u_daily_briefing.TestRegressionEndpoints" name="test_nutrition_today" time="0.043" /><testcase classname="backend.tests.test_iter94u_daily_briefing.TestRegressionEndpoints" name="test_progress_dashboard" time="0.047" /></testsuite></testsuites>