<?xml version="1.0" encoding="utf-8"?><testsuites name="pytest tests"><testsuite name="pytest" errors="0" failures="0" skipped="5" tests="94" time="3.194" timestamp="2026-07-28T08:41:41.670656+00:00" hostname="agent-env-d747f935-23a3-478a-b320-92d4e78ba06a"><testcase classname="tests.test_engine_v2_invariants.TestGoalConfigInvariants" name="test_5k_short_prep_compresses" time="0.000" /><testcase classname="tests.test_engine_v2_invariants.TestGoalConfigInvariants" name="test_all_ten_goals_registered" time="0.000" /><testcase classname="tests.test_engine_v2_invariants.TestGoalConfigInvariants" name="test_every_quota_kind_in_registry" time="0.000" /><testcase classname="tests.test_engine_v2_invariants.TestGoalConfigInvariants" name="test_goal_key_canonicalises" time="0.000" /><testcase classname="tests.test_engine_v2_invariants.TestGoalConfigInvariants" name="test_marathon_phase_plan_sums_to_prep_weeks" time="0.000" /><testcase classname="tests.test_engine_v2_invariants.TestGoalConfigInvariants" name="test_marathon_short_prep_compresses" time="0.000" /><testcase classname="tests.test_engine_v2_invariants.TestRosterContextRolling" name="test_consecutive_duty_days_tracked" time="0.001" /><testcase classname="tests.test_engine_v2_invariants.TestRosterContextRolling" name="test_home_day_not_automatically_90min" time="0.001" /><testcase classname="tests.test_engine_v2_invariants.TestRosterContextRolling" name="test_layover_arrival_uses_prior_duty_context" time="0.001" /><testcase classname="tests.test_engine_v2_invariants.TestRosterContextRolling" name="test_no_day_scores_opp_100_across_the_board" time="0.001" /><testcase classname="tests.test_engine_v2_invariants.TestRosterContextRolling" name="test_off_day_not_automatically_120min" time="0.001" /><testcase classname="tests.test_engine_v2_invariants.TestRosterContextRolling" name="test_turnaround_reflects_prior_recovery" time="0.001" /><testcase classname="tests.test_engine_v2_invariants.TestDemandDoesNotInventSessions" name="test_duration_from_progression_not_availability" time="0.001" /><testcase classname="tests.test_engine_v2_invariants.TestDemandDoesNotInventSessions" name="test_key_sessions_never_silently_scaled_below_min" time="0.000" /><testcase classname="tests.test_engine_v2_invariants.TestDemandDoesNotInventSessions" name="test_marathon_aerobic_base_quotas_do_not_scale_with_available_days" time="0.000" /><testcase classname="tests.test_engine_v2_invariants.TestSchedulerRespectsInvariants" name="test_exposure_numbering_chronologically_monotonic" time="0.002" /><testcase classname="tests.test_engine_v2_invariants.TestSchedulerRespectsInvariants" name="test_long_runs_min_recovery_72h" time="0.002" /><testcase classname="tests.test_engine_v2_invariants.TestSchedulerRespectsInvariants" name="test_no_more_than_1_long_run_per_week" time="0.002" /><testcase classname="tests.test_engine_v2_invariants.TestSchedulerRespectsInvariants" name="test_no_placement_below_opportunity_floor" time="0.002" /><testcase classname="tests.test_engine_v2_invariants.TestSchedulerRespectsInvariants" name="test_no_placement_on_sick_day" time="0.002" /><testcase classname="tests.test_engine_v2_invariants.TestSchedulerRespectsInvariants" name="test_no_tempo_within_48h_of_long_run" time="0.002" /><testcase classname="tests.test_engine_v2_invariants.TestSchedulerRespectsInvariants" name="test_no_two_keys_within_48h" time="0.002" /><testcase classname="tests.test_engine_v2_invariants.TestSchedulerRespectsInvariants" name="test_strength_can_coexist_with_long_run_in_same_week" time="0.002" /><testcase classname="tests.test_engine_v2_invariants.TestSchedulerRespectsInvariants" name="test_weekly_endurance_hard_cap_respected" time="0.002" /><testcase classname="tests.test_engine_v2_invariants.TestSchedulerRespectsInvariants" name="test_weekly_strength_cap_respected" time="0.002" /><testcase classname="tests.test_engine_v2_invariants.TestConstructionSportTyped" name="test_brick_has_bike_and_run_segments" time="0.000" /><testcase classname="tests.test_engine_v2_invariants.TestConstructionSportTyped" name="test_cycling_intervals_have_reps" time="0.000" /><testcase classname="tests.test_engine_v2_invariants.TestConstructionSportTyped" name="test_mobility_has_flow_blocks" time="0.000" /><testcase classname="tests.test_engine_v2_invariants.TestConstructionSportTyped" name="test_running_session_has_running_payload" time="0.000" /><testcase classname="tests.test_engine_v2_invariants.TestConstructionSportTyped" name="test_strength_session_has_exercises" time="0.000" /><testcase classname="tests.test_engine_v2_invariants.TestConstructionSportTyped" name="test_swim_technique_is_swim" time="0.000" /><testcase classname="tests.test_engine_v2_invariants.TestValidatorGate" name="test_empty_running_session_fails_validation" time="0.000" /><testcase classname="tests.test_engine_v2_invariants.TestValidatorGate" name="test_valid_session_passes" time="0.000" /><testcase classname="tests.test_engine_v2_invariants.TestPietroAugustRegression" name="test_end_of_august_hell_week_impossible" time="0.000" /><testcase classname="tests.test_engine_v2_invariants.TestPietroAugustRegression" name="test_lr_to_tempo_next_day_blocked" time="0.000" /><testcase classname="tests.test_engine_v2_invariants.TestPietroAugustRegression" name="test_missing_dna_does_not_unlimit" time="0.000" /><testcase classname="tests.test_engine_v2_invariants.TestPietroAugustRegression" name="test_never_8_long_runs_in_a_month" time="0.000" /><testcase classname="tests.test_engine_v2_invariants.TestPietroAugustRegression" name="test_overlapping_planning_windows_reuse_exposure_ids" time="0.001" /><testcase classname="tests.test_engine_v2_invariants.TestPietroAugustRegression" name="test_tempo_to_lr_next_day_blocked" time="0.000" /><testcase classname="tests.test_engine_v2_invariants.TestCorrectnessPatchDailyTimeCap" name="test_daily_total_never_exceeds_60min_when_max_home_60" time="0.002" /><testcase classname="tests.test_engine_v2_invariants.TestCorrectnessPatchDailyTimeCap" name="test_mobility_may_stack_when_it_fits" time="0.001" /><testcase classname="tests.test_engine_v2_invariants.TestCorrectnessPatchDailyTimeCap" name="test_no_random_triple_stacking" time="0.002" /><testcase classname="tests.test_engine_v2_invariants.TestCorrectnessPatchUnfilledSemantics" name="test_no_ready_when_important_missing" time="0.002" /><testcase classname="tests.test_engine_v2_invariants.TestCorrectnessPatchUnfilledSemantics" name="test_supporting_unfilled_is_only_warning" time="0.000" /><testcase classname="tests.test_engine_v2_invariants.TestCorrectnessPatchUnfilledSemantics" name="test_unplaced_important_creates_validator_error" time="0.002" /><testcase classname="tests.test_engine_v2_invariants.TestCorrectnessPatchDNAGaps" name="test_missing_session_bounds_surface_as_gap" time="0.000" /><testcase classname="tests.test_engine_v2_invariants.TestCorrectnessPatchFrequencyDerivation" name="test_derivation_reports_all_inputs_and_scaling" time="0.000" /><testcase classname="tests.test_engine_v2_invariants.TestCadenceAwarePlacement" name="test_long_run_gaps_prefer_target_cadence_not_week_boundary" time="0.001" /><testcase classname="tests.test_engine_v2_invariants.TestCadenceAwarePlacement" name="test_long_run_hard_min_recovery_still_respected" time="0.001" /><testcase classname="tests.test_engine_v2_invariants.TestExposureWindowOwnership" name="test_exposure_ids_stay_distinct_per_target_week" time="0.000" /><testcase classname="tests.test_engine_v2_invariants.TestExposureWindowOwnership" name="test_important_exposures_have_one_week_spillover" time="0.000" /><testcase classname="tests.test_engine_v2_invariants.TestExposureWindowOwnership" name="test_key_exposures_have_zero_spillover" time="0.000" /><testcase classname="tests.test_engine_v2_invariants.TestExposureWindowOwnership" name="test_spillover_does_not_double_count" time="0.001" /><testcase classname="tests.test_engine_v2_invariants.TestTrainingDaysSemantics" name="test_frequency_derivation_exposes_four_concepts" time="0.000" /><testcase classname="tests.test_engine_v2_invariants.TestTrainingDaysSemantics" name="test_max_training_days_capped_by_dna" time="0.001" /><testcase classname="tests.test_engine_v2_invariants.TestTrainingDaysSemantics" name="test_support_stacking_does_not_add_training_day" time="0.002" /><testcase classname="tests.test_engine_v2_publish_e2e.TestGoalConfigStatus" name="test_marathon_is_complete" time="0.411" /><testcase classname="tests.test_engine_v2_publish_e2e.TestGoalConfigStatus" name="test_5k_is_partial_with_warnings" time="0.044" /><testcase classname="tests.test_engine_v2_publish_e2e.TestGoalConfigStatus" name="test_unknown_goal_is_missing" time="0.045" /><testcase classname="tests.test_engine_v2_publish_e2e.TestGoalConfigStatus" name="test_requires_coach_auth" time="0.315" /><testcase classname="tests.test_engine_v2_publish_e2e.TestDraftSetup" name="test_regenerate_pietro_draft" time="0.073" /><testcase classname="tests.test_engine_v2_publish_e2e.TestExceptions" name="test_list_exceptions_shape" time="0.044" /><testcase classname="tests.test_engine_v2_publish_e2e.TestExceptions" name="test_at_least_one_important_unfilled" time="0.000" /><testcase classname="tests.test_engine_v2_publish_e2e.TestExceptions" name="test_exception_fields" time="0.000" /><testcase classname="tests.test_engine_v2_publish_e2e.TestExceptions" name="test_non_coach_gets_403" time="0.060" /><testcase classname="tests.test_engine_v2_publish_e2e.TestPublishGates" name="test_publish_blocked_by_unresolved_exceptions" time="0.048" /><testcase classname="tests.test_engine_v2_publish_e2e.TestPublishGates" name="test_publish_blocked_by_stale_draft" time="0.046" /><testcase classname="tests.test_engine_v2_publish_e2e.TestPublishGates" name="test_publish_config_missing" time="0.000"><skipped type="pytest.skip" message="config_missing gate covered by classifier test + code review">/app/backend/tests/test_engine_v2_publish_e2e.py:200: config_missing gate covered by classifier test + code review</skipped></testcase><testcase classname="tests.test_engine_v2_publish_e2e.TestResolveException" name="test_override_requires_reason" time="0.049" /><testcase classname="tests.test_engine_v2_publish_e2e.TestResolveException" name="test_carry_forward_requires_reason" time="0.048" /><testcase classname="tests.test_engine_v2_publish_e2e.TestResolveException" name="test_modify_objective_requires_reason" time="0.044" /><testcase classname="tests.test_engine_v2_publish_e2e.TestResolveException" name="test_resolve_nonexistent_exception_404" time="0.049" /><testcase classname="tests.test_engine_v2_publish_e2e.TestResolveException" name="test_resolve_all_key_important" time="0.166" /><testcase classname="tests.test_engine_v2_publish_e2e.TestResolveException" name="test_resolve_is_idempotent" time="0.139" /><testcase classname="tests.test_engine_v2_publish_e2e.TestResolveException" name="test_exceptions_shows_zero_unresolved_key_important" time="0.045" /><testcase classname="tests.test_engine_v2_publish_e2e.TestCompare" name="test_compare_shape" time="0.045" /><testcase classname="tests.test_engine_v2_publish_e2e.TestPublishSuccess" name="test_publish_partial_config_requires_ack" time="0.000"><skipped type="pytest.skip" message="Pietro is running.marathon (COMPLETE) — PARTIAL ack not testable here">/app/backend/tests/test_engine_v2_publish_e2e.py:333: Pietro is running.marathon (COMPLETE) — PARTIAL ack not testable here</skipped></testcase><testcase classname="tests.test_engine_v2_publish_e2e.TestPublishSuccess" name="test_publish_succeeds" time="0.050" /><testcase classname="tests.test_engine_v2_publish_e2e.TestPublishSuccess" name="test_publish_stale_after_success" time="0.113" /><testcase classname="tests.test_engine_v2_publish_e2e.TestCompareAfterPublish" name="test_has_live_true" time="0.052" /><testcase classname="tests.test_engine_v2_publish_e2e.TestClientPlanLive" name="test_coach_hitting_client_endpoint_403" time="0.047" /><testcase classname="tests.test_engine_v2_publish_e2e.TestClientPlanLive" name="test_client_without_v2_flag_409" time="0.045" /><testcase classname="tests.test_engine_v2_publish_e2e.TestClientPlanLive" name="test_client_day_endpoint_auth" time="0.046" /><testcase classname="tests.test_iter109_workspace_v2_publish_render.TestPietroWorkspaceV2Render" name="test_client_kind_is_v2" time="0.483" /><testcase classname="tests.test_iter109_workspace_v2_publish_render.TestPietroWorkspaceV2Render" name="test_v2_cards_present" time="0.000" /><testcase classname="tests.test_iter109_workspace_v2_publish_render.TestPietroWorkspaceV2Render" name="test_v2_cards_shape" time="0.000" /><testcase classname="tests.test_iter109_workspace_v2_publish_render.TestPietroWorkspaceV2Render" name="test_counts_live_matches_non_rest_v2_placements" time="0.000" /><testcase classname="tests.test_iter109_workspace_v2_publish_render.TestPietroWorkspaceV2Render" name="test_run_long_has_outdoor_equipment" time="0.000"><skipped type="pytest.skip" message="No long-run placement present in current Pietro live plan">/app/backend/tests/test_iter109_workspace_v2_publish_render.py:147: No long-run placement present in current Pietro live plan</skipped></testcase><testcase classname="tests.test_iter109_workspace_v2_publish_render.TestPlacementDetail" name="test_live_happy_path" time="0.099" /><testcase classname="tests.test_iter109_workspace_v2_publish_render.TestPlacementDetail" name="test_draft_invalid_source_id_returns_404" time="0.095" /><testcase classname="tests.test_iter109_workspace_v2_publish_render.TestPlacementDetail" name="test_live_invalid_source_id_returns_404" time="0.151" /><testcase classname="tests.test_iter109_workspace_v2_publish_render.TestPlacementDetail" name="test_invalid_source_kind_returns_400" time="0.101" /><testcase classname="tests.test_iter109_workspace_v2_publish_render.TestV1Regression" name="test_v1_client_workspace_has_no_v2_cards" time="0.102"><skipped type="pytest.skip" message="No V1 client available in this coach's roster">/app/backend/tests/test_iter109_workspace_v2_publish_render.py:242: No V1 client available in this coach's roster</skipped></testcase><testcase classname="tests.test_iter109_workspace_v2_publish_render.TestDraftFallback" name="test_draft_fallback_when_no_live" time="0.000"><skipped type="pytest.skip" message="Pietro has an active LIVE V2 plan; draft-fallback not exercised">/app/backend/tests/test_iter109_workspace_v2_publish_render.py:278: Pietro has an active LIVE V2 plan; draft-fallback not exercised</skipped></testcase></testsuite></testsuites>