<?xml version="1.0" encoding="utf-8"?><testsuites name="pytest tests"><testsuite name="pytest" errors="0" failures="0" skipped="0" tests="20" time="11.178" timestamp="2026-07-20T11:09:36.844353+00:00" hostname="agent-env-d747f935-23a3-478a-b320-92d4e78ba06a"><testcase classname="backend.tests.test_iter66_admin_lifecycle.TestLouisAdmin" name="test_louis_can_hit_admin_endpoint" time="0.544" /><testcase classname="backend.tests.test_iter66_admin_lifecycle.TestLouisAdmin" name="test_louis_me_shows_admin" time="0.094" /><testcase classname="backend.tests.test_iter66_admin_lifecycle.TestAdminGating" name="test_client_cannot_archive" time="0.445" /><testcase classname="backend.tests.test_iter66_admin_lifecycle.TestAdminGating" name="test_client_cannot_view_audit_log" time="0.096" /><testcase classname="backend.tests.test_iter66_admin_lifecycle.TestArchiveRestore" name="test_archive_only_keeps_login_active" time="1.137" /><testcase classname="backend.tests.test_iter66_admin_lifecycle.TestArchiveRestore" name="test_archive_pause_blocks_login" time="1.180" /><testcase classname="backend.tests.test_iter66_admin_lifecycle.TestArchiveRestore" name="test_restore_active_client_rejected" time="0.514" /><testcase classname="backend.tests.test_iter66_admin_lifecycle.TestArchiveRestore" name="test_invalid_archive_mode" time="0.529" /><testcase classname="backend.tests.test_iter66_admin_lifecycle.TestSoftDelete" name="test_soft_delete_blocks_login" time="1.138" /><testcase classname="backend.tests.test_iter66_admin_lifecycle.TestPermanentDelete" name="test_missing_confirmation_rejected" time="0.603" /><testcase classname="backend.tests.test_iter66_admin_lifecycle.TestPermanentDelete" name="test_permanent_delete_anonymises" time="0.639" /><testcase classname="backend.tests.test_iter66_admin_lifecycle.TestCannotModifyAdmin" name="test_cannot_archive_admin" time="0.208" /><testcase classname="backend.tests.test_iter66_admin_lifecycle.TestCannotModifyAdmin" name="test_cannot_soft_delete_admin" time="0.192" /><testcase classname="backend.tests.test_iter66_admin_lifecycle.TestCannotModifyAdmin" name="test_cannot_permanent_delete_admin" time="0.181" /><testcase classname="backend.tests.test_iter66_admin_lifecycle.TestAuditLog" name="test_audit_captures_lifecycle_actions" time="0.921" /><testcase classname="backend.tests.test_iter66_admin_lifecycle.TestAuditLog" name="test_global_audit_log" time="0.100" /><testcase classname="backend.tests.test_iter66_admin_lifecycle.TestAuditLog" name="test_global_audit_filter_by_action" time="0.608" /><testcase classname="backend.tests.test_iter66_admin_lifecycle.TestCoachClientListingFilter" name="test_default_excludes_archived" time="0.960" /><testcase classname="backend.tests.test_iter66_admin_lifecycle.TestCoachClientListingFilter" name="test_dashboard_default_excludes_archived" time="0.918" /><testcase classname="backend.tests.test_iter66_admin_lifecycle.TestCoachClientListingFilter" name="test_seeded_client_still_visible" time="0.144" /></testsuite></testsuites>