<?xml version="1.0" encoding="utf-8"?><testsuites name="pytest tests"><testsuite name="pytest" errors="0" failures="3" skipped="0" tests="11" time="3.519" timestamp="2026-07-21T18:41:45.326460+00:00" hostname="agent-env-d747f935-23a3-478a-b320-92d4e78ba06a"><testcase classname="backend.tests.test_iter81_phase1_verify" name="test_hotels_create_then_confirm_bumps_confidence" time="0.489" /><testcase classname="backend.tests.test_iter81_phase1_verify" name="test_hotels_patch_does_not_bump_submissions" time="0.132" /><testcase classname="backend.tests.test_iter81_phase1_verify" name="test_hotels_lookup_fuzzy_search" time="0.113" /><testcase classname="backend.tests.test_iter81_phase1_verify" name="test_hotels_pending_for_today_shape" time="0.054" /><testcase classname="backend.tests.test_iter81_phase1_verify" name="test_coach_verify_bumps_confidence_by_0_3" time="0.402" /><testcase classname="backend.tests.test_iter81_phase1_verify" name="test_coach_review_queue_denied_for_client" time="0.054" /><testcase classname="backend.tests.test_iter81_phase1_verify" name="test_coach_review_queue_ok_for_coach" time="0.061" /><testcase classname="backend.tests.test_iter81_phase1_verify" name="test_coach_verify_denied_for_client" time="0.126" /><testcase classname="backend.tests.test_iter81_phase1_verify" name="test_workout_fallback_turnaround_produces_mobility" time="1.969"><failure message="AttributeError: 'list' object has no attribute 'get'">backend/tests/test_iter81_phase1_verify.py:170: in test_workout_fallback_turnaround_produces_mobility
    day1 = next((d for d in plan.get("days", []) if d.get("date") == "2026-08-01"), None)
                            ^^^^^^^^
E   AttributeError: 'list' object has no attribute 'get'</failure></testcase><testcase classname="backend.tests.test_iter81_phase1_verify" name="test_workout_fallback_layover_unknown_hotel_bodyweight" time="0.000"><failure message="AttributeError: 'list' object has no attribute 'get'">backend/tests/test_iter81_phase1_verify.py:193: in test_workout_fallback_layover_unknown_hotel_bodyweight
    day1 = next((d for d in plan.get("days", []) if d.get("date") == "2026-08-01"), None)
                            ^^^^^^^^
E   AttributeError: 'list' object has no attribute 'get'</failure></testcase><testcase classname="backend.tests.test_iter81_phase1_verify" name="test_workout_fallback_layover_full_gym_hotel" time="0.001"><failure message="AttributeError: 'list' object has no attribute 'get'">backend/tests/test_iter81_phase1_verify.py:225: in test_workout_fallback_layover_full_gym_hotel
    day1 = next((d for d in plan.get("days", []) if d.get("date") == "2026-08-01"), None)
                            ^^^^^^^^
E   AttributeError: 'list' object has no attribute 'get'</failure></testcase></testsuite></testsuites>