<?xml version="1.0" encoding="utf-8"?><testsuites name="pytest tests"><testsuite name="pytest" errors="0" failures="0" skipped="0" tests="43" time="7.679" timestamp="2026-07-23T11:20:27.853212+00:00" hostname="agent-env-d747f935-23a3-478a-b320-92d4e78ba06a"><testcase classname="tests.test_iter94t_phase3_progress.TestBodyMetrics" name="test_post_body_metric_creates_entry" time="0.517" /><testcase classname="tests.test_iter94t_phase3_progress.TestBodyMetrics" name="test_post_body_metric_rejects_all_null" time="0.103" /><testcase classname="tests.test_iter94t_phase3_progress.TestBodyMetrics" name="test_post_body_metric_validates_range" time="0.103" /><testcase classname="tests.test_iter94t_phase3_progress.TestBodyMetrics" name="test_get_body_metrics_returns_recent" time="0.095" /><testcase classname="tests.test_iter94t_phase3_progress.TestBodyMetrics" name="test_get_body_metrics_requires_auth" time="0.147" /><testcase classname="tests.test_iter94t_phase3_progress.TestRunningMetrics" name="test_post_running_creates_entry" time="0.158" /><testcase classname="tests.test_iter94t_phase3_progress.TestRunningMetrics" name="test_post_running_validates_duration" time="0.098" /><testcase classname="tests.test_iter94t_phase3_progress.TestRunningMetrics" name="test_get_running_metrics" time="0.097" /><testcase classname="tests.test_iter94t_phase3_progress.TestStrengthMetrics" name="test_post_strength_computes_epley_1rm" time="0.106" /><testcase classname="tests.test_iter94t_phase3_progress.TestStrengthMetrics" name="test_post_strength_1rm_reps_1" time="0.136" /><testcase classname="tests.test_iter94t_phase3_progress.TestStrengthMetrics" name="test_get_strength" time="0.097" /><testcase classname="tests.test_iter94t_phase3_progress.TestProgressPhotos" name="test_upload_base64_returns_signed_url" time="0.110" /><testcase classname="tests.test_iter94t_phase3_progress.TestProgressPhotos" name="test_upload_rejects_bad_mime" time="0.128" /><testcase classname="tests.test_iter94t_phase3_progress.TestProgressPhotos" name="test_upload_rejects_bad_angle" time="0.106" /><testcase classname="tests.test_iter94t_phase3_progress.TestProgressPhotos" name="test_upload_rejects_bad_base64" time="0.145" /><testcase classname="tests.test_iter94t_phase3_progress.TestProgressPhotos" name="test_upload_rejects_over_6mb" time="0.420" /><testcase classname="tests.test_iter94t_phase3_progress.TestProgressPhotos" name="test_list_photos_returns_recent" time="0.131" /><testcase classname="tests.test_iter94t_phase3_progress.TestProgressPhotos" name="test_signed_url_serves_image" time="0.097" /><testcase classname="tests.test_iter94t_phase3_progress.TestProgressPhotos" name="test_signed_url_rejects_bad_token" time="0.093" /><testcase classname="tests.test_iter94t_phase3_progress.TestProgressPhotos" name="test_signed_url_rejects_expired_token" time="0.102" /><testcase classname="tests.test_iter94t_phase3_progress.TestProgressPhotos" name="test_delete_photo" time="0.294" /><testcase classname="tests.test_iter94t_phase3_progress.TestProgressPhotos" name="test_delete_nonexistent_returns_404" time="0.109" /><testcase classname="tests.test_iter94t_phase3_progress.TestProgressDashboard" name="test_dashboard_returns_all_required_keys" time="0.101" /><testcase classname="tests.test_iter94t_phase3_progress.TestProgressDashboard" name="test_dashboard_body_shape" time="0.097" /><testcase classname="tests.test_iter94t_phase3_progress.TestProgressDashboard" name="test_dashboard_running_shape" time="0.102" /><testcase classname="tests.test_iter94t_phase3_progress.TestProgressDashboard" name="test_dashboard_strength_shape" time="0.103" /><testcase classname="tests.test_iter94t_phase3_progress.TestProgressDashboard" name="test_dashboard_goal_class_is_valid" time="0.100" /><testcase classname="tests.test_iter94t_phase3_progress.TestProgressDashboard" name="test_dashboard_photos_have_signed_urls" time="0.100" /><testcase classname="tests.test_iter94t_phase3_progress.TestProgressDashboard" name="test_dashboard_adherence_shape" time="0.105" /><testcase classname="tests.test_iter94t_phase3_progress.TestGoalDetection" name="test_fat_loss" time="2.155" /><testcase classname="tests.test_iter94t_phase3_progress.TestGoalDetection" name="test_running" time="0.001" /><testcase classname="tests.test_iter94t_phase3_progress.TestGoalDetection" name="test_strength" time="0.000" /><testcase classname="tests.test_iter94t_phase3_progress.TestGoalDetection" name="test_health_default" time="0.000" /><testcase classname="tests.test_iter94t_phase3_progress.TestGoalDetection" name="test_secondary_goals_considered" time="0.000" /><testcase classname="tests.test_iter94t_phase3_progress.TestAdminProgressDashboard" name="test_requires_coach" time="0.119" /><testcase classname="tests.test_iter94t_phase3_progress.TestAdminProgressDashboard" name="test_coach_can_view_client" time="0.438" /><testcase classname="tests.test_iter94t_phase3_progress.TestAdminProgressDashboard" name="test_coach_404_for_bad_uid" time="0.101" /><testcase classname="tests.test_iter94t_phase3_progress.TestPhase12Regression" name="test_app_config" time="0.102" /><testcase classname="tests.test_iter94t_phase3_progress.TestPhase12Regression" name="test_admin_media_reconcile" time="0.111" /><testcase classname="tests.test_iter94t_phase3_progress.TestPhase12Regression" name="test_calendar_range" time="0.112" /><testcase classname="tests.test_iter94t_phase3_progress.TestPhase12Regression" name="test_recovery_missed" time="0.100" /><testcase classname="tests.test_iter94t_phase3_progress.TestPhase12Regression" name="test_profile_timezone_status" time="0.107" /><testcase classname="tests.test_iter94t_phase3_progress.TestPhase12Regression" name="test_nutrition_today" time="0.137" /></testsuite></testsuites>