<?xml version="1.0" encoding="utf-8"?><testsuites name="pytest tests"><testsuite name="pytest" errors="0" failures="0" skipped="0" tests="7" time="1.512" timestamp="2026-07-20T12:30:06.733982+00:00" hostname="agent-env-d747f935-23a3-478a-b320-92d4e78ba06a"><testcase classname="backend.tests.test_iter68_slice3_needs_review.TestCoachDashboardNeedsReview" name="test_dashboard_no_filter_still_returns_full_list" time="0.518" /><testcase classname="backend.tests.test_iter68_slice3_needs_review.TestCoachDashboardNeedsReview" name="test_dashboard_include_archived_still_works" time="0.167" /><testcase classname="backend.tests.test_iter68_slice3_needs_review.TestCoachDashboardNeedsReview" name="test_dashboard_needs_review_filter_returns_only_matching" time="0.376" /><testcase classname="backend.tests.test_iter68_slice3_needs_review.TestCoachDashboardNeedsReview" name="test_dashboard_all_filter_unaffected" time="0.101" /><testcase classname="backend.tests.test_iter68_slice3_needs_review.TestCoachDashboardNeedsReview" name="test_regression_existing_buckets" time="0.106" /><testcase classname="backend.tests.test_iter68_slice3_needs_review.TestCoachDashboardNeedsReview" name="test_needs_review_requires_coach_role" time="0.044" /><testcase classname="backend.tests.test_iter68_slice3_needs_review.TestCoachDashboardNeedsReview" name="test_client_has_route_focus_from_iter60" time="0.108" /></testsuite></testsuites>