<?xml version="1.0" encoding="utf-8"?><testsuites name="pytest tests"><testsuite name="pytest" errors="0" failures="0" skipped="1" tests="10" time="2.061" timestamp="2026-07-27T22:35:08.684429+00:00" hostname="agent-env-d747f935-23a3-478a-b320-92d4e78ba06a"><testcase classname="backend.tests.test_iter110_v2_client_bridge.TestPietroWorkoutsWeek" name="test_workouts_week_contains_v2_rows" time="0.532" /><testcase classname="backend.tests.test_iter110_v2_client_bridge.TestPietroWorkoutsWeek" name="test_v2_rows_have_expected_shape" time="0.110" /><testcase classname="backend.tests.test_iter110_v2_client_bridge.TestPietroWorkoutsWeek" name="test_run_easy_shape" time="0.181" /><testcase classname="backend.tests.test_iter110_v2_client_bridge.TestPietroWorkoutsWeek" name="test_mobility_shape" time="0.101" /><testcase classname="backend.tests.test_iter110_v2_client_bridge.TestPietroWorkoutsWeek" name="test_run_long_shape" time="0.115" /><testcase classname="backend.tests.test_iter110_v2_client_bridge.TestPietroWorkoutGet" name="test_run_long_detail" time="0.238" /><testcase classname="backend.tests.test_iter110_v2_client_bridge.TestPietroWorkoutGet" name="test_negative_v2p_returns_404" time="0.100" /><testcase classname="backend.tests.test_iter110_v2_client_bridge.TestPietroCalendarTimeline" name="test_timeline_includes_v2_days" time="0.134" /><testcase classname="backend.tests.test_iter110_v2_client_bridge.TestV1ClientRegression" name="test_v1_client_week_no_v2p" time="0.424"><skipped type="pytest.skip" message="coach clients roster unavailable: 404">/app/backend/tests/test_iter110_v2_client_bridge.py:227: coach clients roster unavailable: 404</skipped></testcase><testcase classname="backend.tests.test_iter110_v2_client_bridge.TestV1ClientRegression" name="test_bridge_returns_empty_for_v1" time="0.076" /></testsuite></testsuites>