<?xml version="1.0" encoding="utf-8"?><testsuites name="pytest tests"><testsuite name="pytest" errors="0" failures="0" skipped="0" tests="5" time="2.695" timestamp="2026-07-21T21:17:22.857391+00:00" hostname="agent-env-d747f935-23a3-478a-b320-92d4e78ba06a"><testcase classname="tests.test_iter82_reassess_grace_period" name="test_emit_suppressed_for_fresh_user_with_no_completions" time="2.145" /><testcase classname="tests.test_iter82_reassess_grace_period" name="test_emit_allowed_for_old_user_even_with_no_completions" time="0.003" /><testcase classname="tests.test_iter82_reassess_grace_period" name="test_emit_allowed_for_fresh_user_with_completions" time="0.003" /><testcase classname="tests.test_iter82_reassess_grace_period" name="test_prompts_endpoint_returns_empty_for_fresh_user" time="0.521" /><testcase classname="tests.test_iter82_reassess_grace_period" name="test_missed_workouts_filtered_when_zero_completions" time="0.003" /></testsuite></testsuites>