<?xml version="1.0" encoding="utf-8"?><testsuites name="pytest tests"><testsuite name="pytest" errors="0" failures="0" skipped="0" tests="6" time="2.269" timestamp="2026-07-27T10:25:20.284470+00:00" hostname="agent-env-d747f935-23a3-478a-b320-92d4e78ba06a"><testcase classname="tests.test_roster_month_preservation" name="test_roster_days_between_merges_multiple_active_rosters" time="0.087" /><testcase classname="tests.test_roster_month_preservation" name="test_roster_days_between_ignores_inactive_rosters" time="0.005" /><testcase classname="tests.test_roster_month_preservation" name="test_roster_days_between_newest_wins_on_conflict" time="0.004" /><testcase classname="tests.test_coach_roster_upload" name="test_coach_upload_endpoints_registered" time="2.133" /><testcase classname="tests.test_coach_roster_upload" name="test_coach_upload_endpoint_role_gated" time="0.001" /><testcase classname="tests.test_coach_roster_upload" name="test_coach_pending_confirm_404_when_no_pending" time="0.003" /></testsuite></testsuites>