<?xml version="1.0" encoding="utf-8"?><testsuites name="pytest tests"><testsuite name="pytest" errors="0" failures="0" skipped="0" tests="14" time="2.635" timestamp="2026-07-21T19:48:38.899204+00:00" hostname="agent-env-d747f935-23a3-478a-b320-92d4e78ba06a"><testcase classname="tests.test_iter81_phase5_progression_scaling" name="test_progression_scalars_have_all_statuses" time="0.000" /><testcase classname="tests.test_iter81_phase5_progression_scaling" name="test_progression_scalars_directionality" time="0.000" /><testcase classname="tests.test_iter81_phase5_progression_scaling" name="test_progression_reasons_have_all_statuses" time="0.000" /><testcase classname="tests.test_iter81_phase5_progression_scaling" name="test_scale_no_status_no_op" time="0.000" /><testcase classname="tests.test_iter81_phase5_progression_scaling" name="test_scale_maintain_stamps_status_but_no_change" time="0.000" /><testcase classname="tests.test_iter81_phase5_progression_scaling" name="test_scale_progressing_well_bumps_duration" time="0.000" /><testcase classname="tests.test_iter81_phase5_progression_scaling" name="test_scale_reduce_load_pulls_back_duration" time="0.000" /><testcase classname="tests.test_iter81_phase5_progression_scaling" name="test_scale_deload_big_pull_back" time="0.000" /><testcase classname="tests.test_iter81_phase5_progression_scaling" name="test_scale_preserves_existing_change_reason_append" time="0.000" /><testcase classname="tests.test_iter81_phase5_progression_scaling" name="test_scale_min_duration_floor" time="0.000" /><testcase classname="tests.test_iter81_phase5_progression_scaling" name="test_scale_ignores_non_endurance" time="0.000" /><testcase classname="tests.test_iter81_phase5_progression_scaling" name="test_build_template_plan_scales_long_run_when_reduce_load" time="2.077" /><testcase classname="tests.test_iter81_phase5_progression_scaling" name="test_build_template_plan_progressing_well_bumps_long_run" time="0.000" /><testcase classname="tests.test_iter81_phase5_progression_scaling" name="test_get_current_status_returns_string_when_snapshot_exists" time="0.530" /></testsuite></testsuites>