<?xml version="1.0" encoding="utf-8"?><testsuites name="pytest tests"><testsuite name="pytest" errors="0" failures="0" skipped="0" tests="19" time="1.677" timestamp="2026-07-21T19:24:11.138607+00:00" hostname="agent-env-d747f935-23a3-478a-b320-92d4e78ba06a"><testcase classname="tests.test_iter81_phase3_progression" name="test_iso_week_bounds_monday_to_sunday" time="0.000" /><testcase classname="tests.test_iter81_phase3_progression" name="test_iso_week_bounds_from_monday" time="0.000" /><testcase classname="tests.test_iter81_phase3_progression" name="test_week_key_format" time="0.000" /><testcase classname="tests.test_iter81_phase3_progression" name="test_status_progressing_well_full_adherence" time="0.000" /><testcase classname="tests.test_iter81_phase3_progression" name="test_status_maintain_partial_adherence" time="0.000" /><testcase classname="tests.test_iter81_phase3_progression" name="test_status_reduce_load_low_adherence" time="0.000" /><testcase classname="tests.test_iter81_phase3_progression" name="test_status_reduce_load_high_rpe" time="0.000" /><testcase classname="tests.test_iter81_phase3_progression" name="test_status_reduce_load_avg_rpe_high" time="0.000" /><testcase classname="tests.test_iter81_phase3_progression" name="test_status_deload_sustained_max_effort" time="0.000" /><testcase classname="tests.test_iter81_phase3_progression" name="test_status_reduce_load_missed_key_session" time="0.000" /><testcase classname="tests.test_iter81_phase3_progression" name="test_status_ignores_placeholder_workouts" time="0.000" /><testcase classname="tests.test_iter81_phase3_progression" name="test_status_empty_week" time="0.000" /><testcase classname="tests.test_iter81_phase3_progression" name="test_status_has_status_label_and_reason" time="0.000" /><testcase classname="tests.test_iter81_phase3_progression" name="test_progress_current_returns_json" time="0.773" /><testcase classname="tests.test_iter81_phase3_progression" name="test_progress_history_returns_list" time="0.064" /><testcase classname="tests.test_iter81_phase3_progression" name="test_progress_history_clamps_weeks" time="0.261" /><testcase classname="tests.test_iter81_phase3_progression" name="test_progress_recompute_returns_snapshot" time="0.084" /><testcase classname="tests.test_iter81_phase3_progression" name="test_coach_client_progress_denied_for_client" time="0.073" /><testcase classname="tests.test_iter81_phase3_progression" name="test_coach_client_progress_ok_for_coach" time="0.396" /></testsuite></testsuites>