<?xml version="1.0" encoding="utf-8"?><testsuites name="pytest tests"><testsuite name="pytest" errors="0" failures="0" skipped="1" tests="3" time="77.467" timestamp="2026-07-21T19:53:30.947815+00:00" hostname="agent-env-d747f935-23a3-478a-b320-92d4e78ba06a"><testcase classname="tests.test_iter81_phase5_http_flow" name="test_recompute_endpoint_returns_snapshot_or_none" time="0.495" /><testcase classname="tests.test_iter81_phase5_http_flow" name="test_latest_snapshot_endpoint" time="0.053" /><testcase classname="tests.test_iter81_phase5_http_flow" name="test_regenerated_workouts_carry_progression_status" time="76.898"><skipped type="pytest.skip" message="client has no endurance sessions in this roster">/app/backend/tests/test_iter81_phase5_http_flow.py:126: client has no endurance sessions in this roster</skipped></testcase></testsuite></testsuites>