<?xml version="1.0" encoding="utf-8"?><testsuites name="pytest tests"><testsuite name="pytest" errors="0" failures="0" skipped="0" tests="5" time="2.009" timestamp="2026-07-26T20:25:17.669640+00:00" hostname="agent-env-d747f935-23a3-478a-b320-92d4e78ba06a"><testcase classname="backend.tests.test_iter101_post_workout_rating" name="test_smooth_flight_creates_no_task" time="1.111" /><testcase classname="backend.tests.test_iter101_post_workout_rating" name="test_heavy_turbulence_no_pain_creates_task" time="0.218" /><testcase classname="backend.tests.test_iter101_post_workout_rating" name="test_diverted_with_pain_note" time="0.213" /><testcase classname="backend.tests.test_iter101_post_workout_rating" name="test_smooth_flight_with_optional_note_creates_task" time="0.207" /><testcase classname="backend.tests.test_iter101_post_workout_rating" name="test_pain_fields_ignored_for_smooth_flight" time="0.214" /></testsuite></testsuites>