<?xml version="1.0" encoding="utf-8"?><testsuites name="pytest tests"><testsuite name="pytest" errors="0" failures="0" skipped="0" tests="14" time="1.992" timestamp="2026-07-20T09:14:13.778598+00:00" hostname="agent-env-d747f935-23a3-478a-b320-92d4e78ba06a"><testcase classname="backend.tests.test_iter62_traffic_light.TestVariantsBackfill" name="test_401_without_token" time="0.490" /><testcase classname="backend.tests.test_iter62_traffic_light.TestVariantsBackfill" name="test_backfill_populates_and_persists" time="0.209" /><testcase classname="backend.tests.test_iter62_traffic_light.TestAmberShape" name="test_amber_scaling" time="0.098" /><testcase classname="backend.tests.test_iter62_traffic_light.TestAmberShape" name="test_amber_short_session_keeps_all_exercises" time="0.097" /><testcase classname="backend.tests.test_iter62_traffic_light.TestRedContext" name="test_red_layover" time="0.098" /><testcase classname="backend.tests.test_iter62_traffic_light.TestRedContext" name="test_red_long_haul" time="0.133" /><testcase classname="backend.tests.test_iter62_traffic_light.TestRedContext" name="test_red_standby" time="0.129" /><testcase classname="backend.tests.test_iter62_traffic_light.TestRedContext" name="test_red_night_flight" time="0.100" /><testcase classname="backend.tests.test_iter62_traffic_light.TestRedContext" name="test_red_default_when_no_roster" time="0.099" /><testcase classname="backend.tests.test_iter62_traffic_light.TestSelectVariant" name="test_select_amber_success" time="0.099" /><testcase classname="backend.tests.test_iter62_traffic_light.TestSelectVariant" name="test_select_invalid_variant_400" time="0.099" /><testcase classname="backend.tests.test_iter62_traffic_light.TestSelectVariant" name="test_select_wrong_client_403" time="0.100" /><testcase classname="backend.tests.test_iter62_traffic_light.TestRegression" name="test_get_workout_still_returns_base_fields" time="0.094" /><testcase classname="backend.tests.test_iter62_traffic_light.TestRegression" name="test_variants_endpoint_404_for_missing" time="0.095" /></testsuite></testsuites>