<?xml version="1.0" encoding="utf-8"?><testsuites name="pytest tests"><testsuite name="pytest" errors="0" failures="0" skipped="0" tests="10" time="1.848" timestamp="2026-07-11T08:34:55.166960+00:00" hostname="agent-env-d747f935-23a3-478a-b320-92d4e78ba06a"><testcase classname="tests.test_iter43_followup.TestSentryTestErrorFix" name="test_sentry_test_error_returns_ok_false_when_dsn_unset" time="0.490" /><testcase classname="tests.test_iter43_followup.TestGdprDeleteCancelPreservesPII" name="test_1_signup_ok" time="0.272" /><testcase classname="tests.test_iter43_followup.TestGdprDeleteCancelPreservesPII" name="test_2_delete_account_does_not_scrub_pii" time="0.052" /><testcase classname="tests.test_iter43_followup.TestGdprDeleteCancelPreservesPII" name="test_3_auth_me_still_has_original_pii_and_deleted_at" time="0.050" /><testcase classname="tests.test_iter43_followup.TestGdprDeleteCancelPreservesPII" name="test_4_cancel_deletion" time="0.049" /><testcase classname="tests.test_iter43_followup.TestGdprDeleteCancelPreservesPII" name="test_5_auth_me_clears_deleted_at_and_pii_intact" time="0.047" /><testcase classname="tests.test_iter43_followup.TestGdprDeleteCancelPreservesPII" name="test_6_login_with_original_credentials_still_works" time="0.270" /><testcase classname="tests.test_iter43_followup.TestGdprDeleteCancelPreservesPII" name="test_7_cleanup_delete_test_user" time="0.049" /><testcase classname="tests.test_iter43_followup.TestSeedAccountStillWorks" name="test_client_seed_login" time="0.269" /><testcase classname="tests.test_iter43_followup.TestSeedAccountStillWorks" name="test_coach_seed_login" time="0.272" /></testsuite></testsuites>