<?xml version="1.0" encoding="utf-8"?><testsuites name="pytest tests"><testsuite name="pytest" errors="0" failures="0" skipped="0" tests="9" time="3.251" timestamp="2026-07-21T15:13:38.032095+00:00" hostname="agent-env-d747f935-23a3-478a-b320-92d4e78ba06a"><testcase classname="backend.tests.test_iter71_signup_age_wipe.TestBaselineAccounts" name="test_louis_login_admin_coach" time="0.733" /><testcase classname="backend.tests.test_iter71_signup_age_wipe.TestBaselineAccounts" name="test_client_demo_login_active" time="0.296" /><testcase classname="backend.tests.test_iter71_signup_age_wipe.TestBaselineAccounts" name="test_sandbox_info" time="0.362" /><testcase classname="backend.tests.test_iter71_signup_age_wipe.TestBaselineAccounts" name="test_admin_coaches_contains_louis_and_legacy" time="0.074" /><testcase classname="backend.tests.test_iter71_signup_age_wipe.TestAgeGate" name="test_signup_missing_age_rejected" time="0.065" /><testcase classname="backend.tests.test_iter71_signup_age_wipe.TestAgeGate" name="test_signup_with_age_true_succeeds" time="0.362" /><testcase classname="backend.tests.test_iter71_signup_age_wipe.TestSignupE2E" name="test_signup_login_and_cleanup" time="0.674" /><testcase classname="backend.tests.test_iter71_signup_age_wipe.TestWipeReuse" name="test_previously_used_email_registrable[test1@example.com]" time="0.358" /><testcase classname="backend.tests.test_iter71_signup_age_wipe.TestWipeReuse" name="test_previously_used_email_registrable[deleted+af084794@crewfit.deleted]" time="0.295" /></testsuite></testsuites>