<?xml version="1.0" encoding="utf-8"?><testsuites name="pytest tests"><testsuite name="pytest" errors="0" failures="0" skipped="0" tests="25" time="0.028" timestamp="2026-07-21T19:06:32.995962+00:00" hostname="agent-env-d747f935-23a3-478a-b320-92d4e78ba06a"><testcase classname="backend.tests.test_iter81_phase2_equipment_gate" name="test_required_barbell_bench_press" time="0.000" /><testcase classname="backend.tests.test_iter81_phase2_equipment_gate" name="test_required_bench_press_any_bench" time="0.000" /><testcase classname="backend.tests.test_iter81_phase2_equipment_gate" name="test_required_cable_row" time="0.000" /><testcase classname="backend.tests.test_iter81_phase2_equipment_gate" name="test_required_pull_up" time="0.000" /><testcase classname="backend.tests.test_iter81_phase2_equipment_gate" name="test_required_dumbbell_curl" time="0.000" /><testcase classname="backend.tests.test_iter81_phase2_equipment_gate" name="test_required_from_library_equipment_type" time="0.000" /><testcase classname="backend.tests.test_iter81_phase2_equipment_gate" name="test_required_bodyweight_default" time="0.000" /><testcase classname="backend.tests.test_iter81_phase2_equipment_gate" name="test_required_kettlebell_swing" time="0.000" /><testcase classname="backend.tests.test_iter81_phase2_equipment_gate" name="test_required_squat_barbell_or_smith" time="0.000" /><testcase classname="backend.tests.test_iter81_phase2_equipment_gate" name="test_required_rdl_multi_option" time="0.000" /><testcase classname="backend.tests.test_iter81_phase2_equipment_gate" name="test_validate_pass_bodyweight" time="0.000" /><testcase classname="backend.tests.test_iter81_phase2_equipment_gate" name="test_validate_fail_bench_press_no_bench" time="0.000" /><testcase classname="backend.tests.test_iter81_phase2_equipment_gate" name="test_validate_pass_bench_press_with_bench" time="0.000" /><testcase classname="backend.tests.test_iter81_phase2_equipment_gate" name="test_validate_pass_when_any_of_matches" time="0.000" /><testcase classname="backend.tests.test_iter81_phase2_equipment_gate" name="test_validate_fail_cable_no_cable" time="0.000" /><testcase classname="backend.tests.test_iter81_phase2_equipment_gate" name="test_normalise_available_list_with_aliases" time="0.000" /><testcase classname="backend.tests.test_iter81_phase2_equipment_gate" name="test_normalise_available_dict_from_hotel" time="0.000" /><testcase classname="backend.tests.test_iter81_phase2_equipment_gate" name="test_normalise_available_full_gym_marker_expands" time="0.000" /><testcase classname="backend.tests.test_iter81_phase2_equipment_gate" name="test_normalise_available_none_input" time="0.000" /><testcase classname="backend.tests.test_iter81_phase2_equipment_gate" name="test_normalise_available_empty_dict" time="0.000" /><testcase classname="backend.tests.test_iter81_phase2_equipment_gate" name="test_enforce_gate_all_pass_bodyweight_workout" time="0.000" /><testcase classname="backend.tests.test_iter81_phase2_equipment_gate" name="test_enforce_gate_mixed_workout_flags_review" time="0.000" /><testcase classname="backend.tests.test_iter81_phase2_equipment_gate" name="test_enforce_gate_hotel_context_reason_uses_hotel_name" time="0.000" /><testcase classname="backend.tests.test_iter81_phase2_equipment_gate" name="test_enforce_gate_full_gym_layover_all_pass" time="0.000" /><testcase classname="backend.tests.test_iter81_phase2_equipment_gate" name="test_full_gym_expansion_covers_common_lifts" time="0.000" /></testsuite></testsuites>