<?xml version="1.0" encoding="utf-8"?><testsuites name="pytest tests"><testsuite name="pytest" errors="0" failures="0" skipped="0" tests="8" time="2.746" timestamp="2026-07-12T21:30:18.817369+00:00" hostname="agent-env-d747f935-23a3-478a-b320-92d4e78ba06a"><testcase classname="backend.tests.test_iter53_roster_retry_emoji.TestRosterRetryEndpoint" name="test_retry_requires_auth" time="0.186" /><testcase classname="backend.tests.test_iter53_roster_retry_emoji.TestRosterRetryEndpoint" name="test_retry_404_for_missing_job" time="0.333" /><testcase classname="backend.tests.test_iter53_roster_retry_emoji.TestRosterRetryEndpoint" name="test_retry_400_when_job_has_no_roster_id" time="0.145" /><testcase classname="backend.tests.test_iter53_roster_retry_emoji.TestHelpersImport" name="test_helpers_importable" time="1.875" /><testcase classname="backend.tests.test_iter53_roster_retry_emoji.TestAssessmentFallbackIcon" name="test_fallback_uses_icon_and_no_emoji" time="0.000" /><testcase classname="backend.tests.test_iter53_roster_retry_emoji.TestAssessmentFallbackIcon" name="test_multi_fallback_questions_all_use_icon" time="0.000" /><testcase classname="backend.tests.test_iter53_roster_retry_emoji.TestSetupDayStatus" name="test_setup_day_status_401_without_auth" time="0.050" /><testcase classname="backend.tests.test_iter53_roster_retry_emoji.TestSetupDayStatus" name="test_setup_day_status_200_with_auth" time="0.052" /></testsuite></testsuites>