<?xml version="1.0" encoding="utf-8"?><testsuites name="pytest tests"><testsuite name="pytest" errors="0" failures="0" skipped="2" tests="11" time="1.522" timestamp="2026-07-27T22:21:19.349523+00:00" hostname="agent-env-d747f935-23a3-478a-b320-92d4e78ba06a"><testcase classname="backend.tests.test_iter109_workspace_v2_publish_render.TestPietroWorkspaceV2Render" name="test_client_kind_is_v2" time="0.662" /><testcase classname="backend.tests.test_iter109_workspace_v2_publish_render.TestPietroWorkspaceV2Render" name="test_v2_cards_present" time="0.000" /><testcase classname="backend.tests.test_iter109_workspace_v2_publish_render.TestPietroWorkspaceV2Render" name="test_v2_cards_shape" time="0.000" /><testcase classname="backend.tests.test_iter109_workspace_v2_publish_render.TestPietroWorkspaceV2Render" name="test_counts_live_matches_non_rest_v2_placements" time="0.000" /><testcase classname="backend.tests.test_iter109_workspace_v2_publish_render.TestPietroWorkspaceV2Render" name="test_run_long_has_outdoor_equipment" time="0.000" /><testcase classname="backend.tests.test_iter109_workspace_v2_publish_render.TestPlacementDetail" name="test_live_happy_path" time="0.293" /><testcase classname="backend.tests.test_iter109_workspace_v2_publish_render.TestPlacementDetail" name="test_draft_invalid_source_id_returns_404" time="0.146" /><testcase classname="backend.tests.test_iter109_workspace_v2_publish_render.TestPlacementDetail" name="test_live_invalid_source_id_returns_404" time="0.117" /><testcase classname="backend.tests.test_iter109_workspace_v2_publish_render.TestPlacementDetail" name="test_invalid_source_kind_returns_400" time="0.102" /><testcase classname="backend.tests.test_iter109_workspace_v2_publish_render.TestV1Regression" name="test_v1_client_workspace_has_no_v2_cards" time="0.153"><skipped type="pytest.skip" message="No V1 client available in this coach's roster">/app/backend/tests/test_iter109_workspace_v2_publish_render.py:242: No V1 client available in this coach's roster</skipped></testcase><testcase classname="backend.tests.test_iter109_workspace_v2_publish_render.TestDraftFallback" name="test_draft_fallback_when_no_live" time="0.000"><skipped type="pytest.skip" message="Pietro has an active LIVE V2 plan; draft-fallback not exercised">/app/backend/tests/test_iter109_workspace_v2_publish_render.py:278: Pietro has an active LIVE V2 plan; draft-fallback not exercised</skipped></testcase></testsuite></testsuites>