<?xml version="1.0" encoding="utf-8"?><testsuites name="pytest tests"><testsuite name="pytest" errors="0" failures="0" skipped="0" tests="9" time="1.967" timestamp="2026-07-23T12:23:08.740495+00:00" hostname="agent-env-d747f935-23a3-478a-b320-92d4e78ba06a"><testcase classname="test_iter95a" name="test_gap_hours_basic" time="0.000" /><testcase classname="test_iter95a" name="test_gap_hours_over_midnight" time="0.000" /><testcase classname="test_iter95a" name="test_eligible_short_haul_with_gap_and_hotel" time="0.000" /><testcase classname="test_iter95a" name="test_ineligible_long_haul" time="0.000" /><testcase classname="test_iter95a" name="test_ineligible_off_day" time="0.000" /><testcase classname="test_iter95a" name="test_ineligible_duty_too_long" time="0.000" /><testcase classname="test_iter95a" name="test_ineligible_no_hotel_no_layover" time="0.000" /><testcase classname="test_iter95a" name="test_eligible_three_sectors_even_with_smaller_gap" time="0.000" /><testcase classname="test_iter95a" name="test_mixed_flying_type_also_eligible" time="0.000" /></testsuite></testsuites>