<?xml version="1.0" encoding="utf-8"?><testsuites name="pytest tests"><testsuite name="pytest" errors="0" failures="0" skipped="0" tests="6" time="2.021" timestamp="2026-08-23T20:46:10.236171+00:00" hostname="agent-env-d747f935-23a3-478a-b320-92d4e78ba06a"><testcase classname="backend.tests.test_iter189s_logging_type_toggle.TestCreatePersistsLoggingType" name="test_create_with_timer_persists" time="0.757" /><testcase classname="backend.tests.test_iter189s_logging_type_toggle.TestPatchLoggingType" name="test_patch_to_reps" time="0.361" /><testcase classname="backend.tests.test_iter189s_logging_type_toggle.TestPatchLoggingType" name="test_patch_back_to_timer" time="0.110" /><testcase classname="backend.tests.test_iter189s_logging_type_toggle.TestOverrideEndpoint" name="test_set_override_timer" time="0.290" /><testcase classname="backend.tests.test_iter189s_logging_type_toggle.TestOverrideEndpoint" name="test_clear_override_null" time="0.212" /><testcase classname="backend.tests.test_iter189s_logging_type_toggle.TestBackfillVerification" name="test_at_least_some_timer_exercises_exist" time="0.254" /></testsuite></testsuites>