<?xml version="1.0" encoding="utf-8"?><testsuites name="pytest tests"><testsuite name="pytest" errors="0" failures="1" skipped="0" tests="28" time="1.005" timestamp="2026-07-12T22:43:30.494972+00:00" hostname="agent-env-d747f935-23a3-478a-b320-92d4e78ba06a"><testcase classname="tests.test_iter58_workout_fallback.TestFallbackModuleImport" name="test_module_exports" time="0.000" /><testcase classname="tests.test_iter58_workout_fallback.TestIsEmptyOrLLMFailure" name="test_empty_list_is_failure" time="0.000" /><testcase classname="tests.test_iter58_workout_fallback.TestIsEmptyOrLLMFailure" name="test_none_is_failure" time="0.000" /><testcase classname="tests.test_iter58_workout_fallback.TestIsEmptyOrLLMFailure" name="test_workout_with_exercises_is_ok" time="0.000" /><testcase classname="tests.test_iter58_workout_fallback.TestIsEmptyOrLLMFailure" name="test_workouts_all_empty_is_failure" time="0.000" /><testcase classname="tests.test_iter58_workout_fallback.TestIsEmptyOrLLMFailure" name="test_workout_with_only_warmup_is_ok" time="0.000" /><testcase classname="tests.test_iter58_workout_fallback.TestBuildTemplatePlanShape" name="test_rest_and_off_days_are_omitted" time="0.000" /><testcase classname="tests.test_iter58_workout_fallback.TestBuildTemplatePlanShape" name="test_home_day_is_full_body_strength" time="0.000" /><testcase classname="tests.test_iter58_workout_fallback.TestBuildTemplatePlanShape" name="test_layover_is_hotel_bodyweight" time="0.000" /><testcase classname="tests.test_iter58_workout_fallback.TestBuildTemplatePlanShape" name="test_night_flight_is_flight_recovery" time="0.000" /><testcase classname="tests.test_iter58_workout_fallback.TestBuildTemplatePlanShape" name="test_long_haul_flight_is_flight_recovery" time="0.000" /><testcase classname="tests.test_iter58_workout_fallback.TestBuildTemplatePlanShape" name="test_overnight_flight_is_flight_recovery" time="0.000" /><testcase classname="tests.test_iter58_workout_fallback.TestBuildTemplatePlanShape" name="test_standby_is_standby_activation" time="0.000" /><testcase classname="tests.test_iter58_workout_fallback.TestBuildTemplatePlanShape" name="test_simulator_is_light_activation" time="0.000" /><testcase classname="tests.test_iter58_workout_fallback.TestBuildTemplatePlanShape" name="test_every_workout_has_rationale" time="0.000" /><testcase classname="tests.test_iter58_workout_fallback.TestBuildTemplatePlanShape" name="test_no_workouts_for_missing_date" time="0.000" /><testcase classname="tests.test_iter58_workout_fallback.TestBuildTemplatePlanShape" name="test_bodyweight_focus_when_hotel_gyms_rare" time="0.000" /><testcase classname="tests.test_iter58_workout_fallback.TestBuildTemplatePlanShape" name="test_hotel_focus_when_hotel_gyms_always" time="0.000" /><testcase classname="tests.test_iter58_workout_fallback.TestServerFallbackWiring" name="test_main_worker_imports_fallback" time="0.001" /><testcase classname="tests.test_iter58_workout_fallback.TestServerFallbackWiring" name="test_used_template_var_in_both_workers" time="0.001" /><testcase classname="tests.test_iter58_workout_fallback.TestServerFallbackWiring" name="test_completion_message_present" time="0.000" /><testcase classname="tests.test_iter58_workout_fallback.TestServerFallbackWiring" name="test_source_template_flag_on_persisted_workout" time="0.000" /><testcase classname="tests.test_iter58_workout_fallback.TestServerFallbackWiring" name="test_used_template_written_to_job" time="0.000" /><testcase classname="tests.test_iter58_workout_fallback.TestServerFallbackWiring" name="test_retry_worker_persists_source_and_needs_coach_review" time="0.001"><failure message="AssertionError: retry_worker is missing the source=template flag on persisted workouts (found 1 occurrence(s), expected 2 — main + retry)&#10;assert 1 &gt;= 2">E   AssertionError: retry_worker is missing the source=template flag on persisted workouts (found 1 occurrence(s), expected 2 — main + retry)
    assert 1 &gt;= 2</failure></testcase><testcase classname="tests.test_iter58_workout_fallback.TestRosterActiveAndAcknowledgeRegression" name="test_active_returns_needs_review_job" time="0.611" /><testcase classname="tests.test_iter58_workout_fallback.TestRosterActiveAndAcknowledgeRegression" name="test_acknowledge_hides_needs_review_job" time="0.227" /><testcase classname="tests.test_iter58_workout_fallback.TestRosterActiveAndAcknowledgeRegression" name="test_acknowledge_unknown_job_returns_404" time="0.131" /><testcase classname="tests.test_iter58_workout_fallback.TestMainWorkerFallbackEndToEnd" name="test_worker_persists_template_workouts" time="0.006" /></testsuite></testsuites>