<?xml version="1.0" encoding="utf-8"?><testsuites name="pytest tests"><testsuite name="pytest" errors="0" failures="0" skipped="0" tests="13" time="46.471" timestamp="2026-07-27T17:23:24.859798+00:00" hostname="agent-env-d747f935-23a3-478a-b320-92d4e78ba06a"><testcase classname="backend.tests.test_iter107_v2_p0_fixes.TestP03Categorical" name="test_no_opportunity_100" time="0.724" /><testcase classname="backend.tests.test_iter107_v2_p0_fixes.TestP03Categorical" name="test_layover_arrival" time="0.000" /><testcase classname="backend.tests.test_iter107_v2_p0_fixes.TestP03Categorical" name="test_home_day" time="0.000" /><testcase classname="backend.tests.test_iter107_v2_p0_fixes.TestP03Categorical" name="test_standby" time="0.000" /><testcase classname="backend.tests.test_iter107_v2_p0_fixes.TestKickoff" name="test_prep_window_event_anchored" time="0.357" /><testcase classname="backend.tests.test_iter107_v2_p0_fixes.TestKickoff" name="test_phase_plan_present" time="0.000" /><testcase classname="backend.tests.test_iter107_v2_p0_fixes.TestKickoff" name="test_phase_weeks_sum" time="0.000" /><testcase classname="backend.tests.test_iter107_v2_p0_fixes.TestKickoff" name="test_dna_sync_equipment_context" time="0.000" /><testcase classname="backend.tests.test_iter107_v2_p0_fixes.TestKickoff" name="test_impl_and_assignments_created" time="0.000" /><testcase classname="backend.tests.test_iter107_v2_p0_fixes.TestReadyGating" name="test_ready_have_content" time="41.670" /><testcase classname="backend.tests.test_iter107_v2_p0_fixes.TestReadyGating" name="test_running_blocks" time="3.383" /><testcase classname="backend.tests.test_iter107_v2_p0_fixes.TestDecisionsScope" name="test_scope_expansion" time="0.146" /><testcase classname="backend.tests.test_iter107_v2_p0_fixes.TestEquipmentContexts" name="test_equipment_context_persisted" time="0.135" /></testsuite></testsuites>