<?xml version="1.0" encoding="utf-8"?><testsuites name="pytest tests"><testsuite name="pytest" errors="0" failures="0" skipped="0" tests="5" time="2.495" timestamp="2026-08-27T10:09:14.988546+00:00" hostname="agent-env-d747f935-23a3-478a-b320-92d4e78ba06a"><testcase classname="backend.tests.test_iter189w_delete_and_auto_approve.TestDeleteMessage" name="test_full_flow_sender_only_delete" time="2.050" /><testcase classname="backend.tests.test_iter189w_delete_and_auto_approve.TestAutoApproveNeutered" name="test_tick_returns_zero_without_touching_db" time="0.237" /><testcase classname="backend.tests.test_iter189w_delete_and_auto_approve.TestAutoApproveNeutered" name="test_stale_roster_stays_awaiting_review" time="0.007" /><testcase classname="backend.tests.test_iter189w_delete_and_auto_approve.TestAutoApproveNeutered" name="test_scheduler_call_is_commented_out" time="0.004" /><testcase classname="backend.tests.test_iter189w_delete_and_auto_approve.TestCoachExplicitApproveStillWorks" name="test_explicit_approve_flips_state_no_auto_message" time="0.152" /></testsuite></testsuites>