<?xml version="1.0" encoding="utf-8"?><testsuites name="pytest tests"><testsuite name="pytest" errors="0" failures="0" skipped="0" tests="4" time="0.849" timestamp="2026-08-21T19:11:32.936637+00:00" hostname="agent-env-d747f935-23a3-478a-b320-92d4e78ba06a"><testcase classname="tests.test_iter189h_missed_session_detection" name="test_recovery_missed_excludes_workout_with_logged_sets" time="0.556" /><testcase classname="tests.test_iter189h_missed_session_detection" name="test_recovery_missed_includes_workout_without_logged_sets" time="0.092" /><testcase classname="tests.test_iter189h_missed_session_detection" name="test_calendar_range_badges_logged_workout_as_completed" time="0.091" /><testcase classname="tests.test_iter189h_missed_session_detection" name="test_compute_live_state_counts_logged_workout_as_completed" time="0.011" /></testsuite></testsuites>