<?xml version="1.0" encoding="utf-8"?><testsuites name="pytest tests"><testsuite name="pytest" errors="0" failures="0" skipped="0" tests="12" time="2.932" timestamp="2026-07-23T12:05:33.532798+00:00" hostname="agent-env-d747f935-23a3-478a-b320-92d4e78ba06a"><testcase classname="backend.tests.test_iter94w_weekly_review.TestWeeklyReviewCurrent" name="test_returns_all_required_fields" time="0.561" /><testcase classname="backend.tests.test_iter94w_weekly_review.TestWeeklyReviewCurrent" name="test_message_starts_and_ends_correctly" time="0.100" /><testcase classname="backend.tests.test_iter94w_weekly_review.TestWeeklyReviewCurrent" name="test_message_contains_required_prompts" time="0.107" /><testcase classname="backend.tests.test_iter94w_weekly_review.TestWeeklyReviewCurrent" name="test_no_ai_or_generated_wording" time="0.112" /><testcase classname="backend.tests.test_iter94w_weekly_review.TestWeeklyReviewCurrent" name="test_idempotent_same_week_start" time="0.218" /><testcase classname="backend.tests.test_iter94w_weekly_review.TestCheckinAndProgressFlow" name="test_checkin_complete_sets_status" time="0.199" /><testcase classname="backend.tests.test_iter94w_weekly_review.TestCheckinAndProgressFlow" name="test_progress_complete_sets_status_and_video_task" time="0.248" /><testcase classname="backend.tests.test_iter94w_weekly_review.TestCheckinAndProgressFlow" name="test_no_duplicate_task_on_repeat_complete" time="0.218" /><testcase classname="backend.tests.test_iter94w_weekly_review.TestRegenerate" name="test_regenerate_preserves_statuses" time="0.108" /><testcase classname="backend.tests.test_iter94w_weekly_review.TestAdminList" name="test_client_forbidden" time="0.095" /><testcase classname="backend.tests.test_iter94w_weekly_review.TestAdminList" name="test_coach_can_list_with_client_details" time="0.424" /><testcase classname="backend.tests.test_iter94w_weekly_review.TestLowDataClient" name="test_low_data_message" time="0.430" /></testsuite></testsuites>