<?xml version="1.0" encoding="utf-8"?><testsuites name="pytest tests"><testsuite name="pytest" errors="0" failures="0" skipped="0" tests="29" time="6.874" timestamp="2026-07-23T11:56:31.178960+00:00" hostname="agent-env-d747f935-23a3-478a-b320-92d4e78ba06a"><testcase classname="backend.tests.test_iter94v_phase4.TestLiveAppConfigList" name="test_admin_list_has_16_default_flags_and_safe_keys" time="0.487" /><testcase classname="backend.tests.test_iter94v_phase4.TestLiveAppConfigList" name="test_admin_list_requires_coach" time="0.418" /><testcase classname="backend.tests.test_iter94v_phase4.TestLiveAppConfigMutate" name="test_toggle_beta_banner_flag_roundtrip" time="0.404" /><testcase classname="backend.tests.test_iter94v_phase4.TestLiveAppConfigMutate" name="test_content_key_not_on_allowlist_400" time="0.106" /><testcase classname="backend.tests.test_iter94v_phase4.TestLiveAppConfigMutate" name="test_content_key_on_allowlist_saves" time="0.200" /><testcase classname="backend.tests.test_iter94v_phase4.TestLiveAppConfigMutate" name="test_soft_disable_flag" time="0.312" /><testcase classname="backend.tests.test_iter94v_phase4.TestLiveAppConfigMutate" name="test_upsert_requires_coach" time="0.098" /><testcase classname="backend.tests.test_iter94v_phase4.TestLiveAppConfigAudit" name="test_audit_records_recent_writes" time="0.618" /><testcase classname="backend.tests.test_iter94v_phase4.TestLiveAppConfigAudit" name="test_audit_requires_coach" time="0.088" /><testcase classname="backend.tests.test_iter94v_phase4.TestRecoveryTimeline" name="test_all_clients_timeline_returns_events_with_identity" time="0.196" /><testcase classname="backend.tests.test_iter94v_phase4.TestRecoveryTimeline" name="test_single_client_timeline_scoped_to_uid" time="0.190" /><testcase classname="backend.tests.test_iter94v_phase4.TestRecoveryTimeline" name="test_all_clients_timeline_requires_coach" time="0.097" /><testcase classname="backend.tests.test_iter94v_phase4.TestRecoveryTimeline" name="test_single_client_timeline_requires_coach" time="0.099" /><testcase classname="backend.tests.test_iter94v_phase4.TestMilestoneB_RecoveryWritesTimeline" name="test_skip_writes_workout_skipped_event" time="0.668" /><testcase classname="backend.tests.test_iter94v_phase4.TestRegressionSweep" name="test_app_config_public" time="0.102" /><testcase classname="backend.tests.test_iter94v_phase4.TestRegressionSweep" name="test_calendar_range" time="0.097" /><testcase classname="backend.tests.test_iter94v_phase4.TestRegressionSweep" name="test_recovery_missed" time="0.096" /><testcase classname="backend.tests.test_iter94v_phase4.TestRegressionSweep" name="test_recovery_suggestions_and_skip_endpoints_reachable" time="0.200" /><testcase classname="backend.tests.test_iter94v_phase4.TestRegressionSweep" name="test_profile_timezone_status" time="0.103" /><testcase classname="backend.tests.test_iter94v_phase4.TestRegressionSweep" name="test_nutrition_today" time="0.110" /><testcase classname="backend.tests.test_iter94v_phase4.TestRegressionSweep" name="test_progress_dashboard" time="0.098" /><testcase classname="backend.tests.test_iter94v_phase4.TestRegressionSweep" name="test_progress_body_get" time="0.090" /><testcase classname="backend.tests.test_iter94v_phase4.TestRegressionSweep" name="test_progress_running_get" time="0.103" /><testcase classname="backend.tests.test_iter94v_phase4.TestRegressionSweep" name="test_progress_strength_get" time="0.106" /><testcase classname="backend.tests.test_iter94v_phase4.TestRegressionSweep" name="test_progress_photo_lifecycle" time="0.521" /><testcase classname="backend.tests.test_iter94v_phase4.TestRegressionSweep" name="test_coach_profile" time="0.108" /><testcase classname="backend.tests.test_iter94v_phase4.TestRegressionSweep" name="test_daily_briefing_today_idempotent_and_context_change_refires" time="0.419" /><testcase classname="backend.tests.test_iter94v_phase4.TestRegressionSweep" name="test_daily_briefing_preferences_and_regenerate" time="0.386" /><testcase classname="backend.tests.test_iter94v_phase4.TestDismissDoesNotStub" name="test_dismiss_builds_then_marks" time="0.318" /></testsuite></testsuites>