<?xml version="1.0" encoding="utf-8"?><testsuites name="pytest tests"><testsuite name="pytest" errors="0" failures="0" skipped="1" tests="15" time="2.407" timestamp="2026-07-28T08:13:49.334407+00:00" hostname="agent-env-d747f935-23a3-478a-b320-92d4e78ba06a"><testcase classname="tests.test_iter116_flight_support_http.TestFlightSupportField" name="test_calendar_range_returns_flight_support_key" time="0.544" /><testcase classname="tests.test_iter116_flight_support_http.TestFlightSupportPerDate" name="test_07_27_layover_arrival_bundle" time="0.105" /><testcase classname="tests.test_iter116_flight_support_http.TestFlightSupportPerDate" name="test_07_28_layover_full_walk" time="0.098" /><testcase classname="tests.test_iter116_flight_support_http.TestFlightSupportPerDate" name="test_07_29_layover_departure_long_haul" time="0.093" /><testcase classname="tests.test_iter116_flight_support_http.TestFlightSupportPerDate" name="test_07_30_turnaround_reset" time="0.096" /><testcase classname="tests.test_iter116_flight_support_http.TestFlightSupportPerDate" name="test_home_days_with_training_empty" time="0.106" /><testcase classname="tests.test_iter116_flight_support_http.TestFlightSupportPerDate" name="test_08_03_standby_no_training_movement_break" time="0.096" /><testcase classname="tests.test_iter116_flight_support_http.TestFlightSupportPerDate" name="test_08_04_standby_with_training_empty" time="0.095" /><testcase classname="tests.test_iter116_flight_support_http.TestInterventionShape" name="test_every_intervention_has_required_fields" time="0.098" /><testcase classname="tests.test_iter116_flight_support_http.TestEngineV2Isolation" name="test_workouts_week_no_flight_support_leakage" time="0.138" /><testcase classname="tests.test_iter116_flight_support_http.TestEngineV2Isolation" name="test_v2_plan_live_no_fs_leakage_and_status" time="0.225" /><testcase classname="tests.test_iter116_flight_support_http.TestEngineV2Isolation" name="test_calendar_workouts_have_no_fs_ids" time="0.099" /><testcase classname="tests.test_iter116_flight_support_http.TestOverridesAndRole" name="test_global_disable_returns_all_empty" time="0.212" /><testcase classname="tests.test_iter116_flight_support_http.TestOverridesAndRole" name="test_cabin_crew_job_title_returns_empty" time="0.199" /><testcase classname="tests.test_iter116_flight_support_http.TestV1ClientRegression" name="test_v1_client_flight_support_all_empty" time="0.094"><skipped type="pytest.skip" message="v1 login unavailable: 401">/app/backend/tests/test_iter116_flight_support_http.py:271: v1 login unavailable: 401</skipped></testcase></testsuite></testsuites>