<?xml version="1.0" encoding="utf-8"?><testsuites name="pytest tests"><testsuite name="pytest" errors="0" failures="0" skipped="0" tests="6" time="1.949" timestamp="2026-08-24T10:24:59.853829+00:00" hostname="agent-env-d747f935-23a3-478a-b320-92d4e78ba06a"><testcase classname="backend.tests.test_iter189u_clear_month.TestClearMonthContract" name="test_1_auth_required" time="0.410" /><testcase classname="backend.tests.test_iter189u_clear_month.TestClearMonthContract" name="test_2_skip_completed_true_wipes_pending_only" time="0.646" /><testcase classname="backend.tests.test_iter189u_clear_month.TestClearMonthContract" name="test_3_default_false_returns_409_when_completed_present" time="0.129" /><testcase classname="backend.tests.test_iter189u_clear_month.TestClearMonthContract" name="test_4_empty_month_returns_zero" time="0.178" /><testcase classname="backend.tests.test_iter189u_clear_month.TestClearMonthContract" name="test_5_confirm_required" time="0.432" /><testcase classname="backend.tests.test_iter189u_clear_month.TestClearMonthContract" name="test_6_roster_and_flight_support_untouched" time="0.118" /></testsuite></testsuites>