<?xml version="1.0" encoding="utf-8"?><testsuites name="pytest tests"><testsuite name="pytest" errors="0" failures="0" skipped="0" tests="3" time="0.622" timestamp="2026-07-21T19:25:07.934183+00:00" hostname="agent-env-d747f935-23a3-478a-b320-92d4e78ba06a"><testcase classname="tests.test_iter81_phase3_integration.TestPhase3SnapshotTrigger" name="test_no_snapshot_after_first_of_three" time="0.426" /><testcase classname="tests.test_iter81_phase3_integration.TestPhase3SnapshotTrigger" name="test_no_snapshot_after_second_of_three" time="0.054" /><testcase classname="tests.test_iter81_phase3_integration.TestPhase3SnapshotTrigger" name="test_snapshot_created_after_final_completion" time="0.051" /></testsuite></testsuites>