<?xml version="1.0" encoding="utf-8"?><testsuites name="pytest tests"><testsuite name="pytest" errors="0" failures="0" skipped="0" tests="24" time="44.364" timestamp="2026-07-20T13:10:34.110028+00:00" hostname="agent-env-d747f935-23a3-478a-b320-92d4e78ba06a"><testcase classname="backend.tests.test_iter68_coach_deep_edit.TestAuthGates" name="test_no_token_returns_401" time="0.713" /><testcase classname="backend.tests.test_iter68_coach_deep_edit.TestAuthGates" name="test_client_token_returns_403" time="1.024" /><testcase classname="backend.tests.test_iter68_coach_deep_edit.TestApprove" name="test_approve_workout_sets_flags" time="0.600" /><testcase classname="backend.tests.test_iter68_coach_deep_edit.TestApprove" name="test_approve_idempotent" time="0.139" /><testcase classname="backend.tests.test_iter68_coach_deep_edit.TestApprove" name="test_approve_audit_row_present" time="0.008" /><testcase classname="backend.tests.test_iter68_coach_deep_edit.TestLock" name="test_lock_workout" time="0.102" /><testcase classname="backend.tests.test_iter68_coach_deep_edit.TestLock" name="test_lock_idempotent_returns_changed_false" time="0.104" /><testcase classname="backend.tests.test_iter68_coach_deep_edit.TestLock" name="test_regen_refused_on_locked" time="0.210" /><testcase classname="backend.tests.test_iter68_coach_deep_edit.TestLock" name="test_unlock_workout" time="0.104" /><testcase classname="backend.tests.test_iter68_coach_deep_edit.TestLock" name="test_lock_and_unlock_audit_rows" time="0.005" /><testcase classname="backend.tests.test_iter68_coach_deep_edit.TestMove" name="test_move_workout_to_new_date" time="0.231" /><testcase classname="backend.tests.test_iter68_coach_deep_edit.TestMove" name="test_move_completed_workout_400" time="0.129" /><testcase classname="backend.tests.test_iter68_coach_deep_edit.TestMove" name="test_move_audit_row" time="0.003" /><testcase classname="backend.tests.test_iter68_coach_deep_edit.TestRegenerateSingle" name="test_regenerate_workout" time="39.864" /><testcase classname="backend.tests.test_iter68_coach_deep_edit.TestRegenerateSingle" name="test_regenerate_audit_row" time="0.004" /><testcase classname="backend.tests.test_iter68_coach_deep_edit.TestRosterDayEdit" name="test_edit_day_type_and_load" time="0.196" /><testcase classname="backend.tests.test_iter68_coach_deep_edit.TestRosterDayEdit" name="test_invalid_day_type_400" time="0.108" /><testcase classname="backend.tests.test_iter68_coach_deep_edit.TestRosterDayEdit" name="test_invalid_load_400" time="0.112" /><testcase classname="backend.tests.test_iter68_coach_deep_edit.TestRosterDayEdit" name="test_day_edit_audit_row" time="0.004" /><testcase classname="backend.tests.test_iter68_coach_deep_edit.TestHotelAttach" name="test_attach_hotel" time="0.113" /><testcase classname="backend.tests.test_iter68_coach_deep_edit.TestHotelAttach" name="test_hotel_audit_row" time="0.004" /><testcase classname="backend.tests.test_iter68_coach_deep_edit.TestRegressionSmoke" name="test_coach_clients_list" time="0.151" /><testcase classname="backend.tests.test_iter68_coach_deep_edit.TestRegressionSmoke" name="test_coach_client_detail" time="0.164" /><testcase classname="backend.tests.test_iter68_coach_deep_edit.TestRegressionSmoke" name="test_coach_dashboard" time="0.143" /></testsuite></testsuites>