<?xml version="1.0" encoding="utf-8"?><testsuites name="pytest tests"><testsuite name="pytest" errors="0" failures="0" skipped="0" tests="13" time="4.441" timestamp="2026-07-21T17:13:01.280226+00:00" hostname="agent-env-d747f935-23a3-478a-b320-92d4e78ba06a"><testcase classname="tests.test_iter78_plan_c_programme_overview.TestT1ProgrammeOverview" name="test_overview_shape_and_counters" time="2.673" /><testcase classname="tests.test_iter78_plan_c_programme_overview.TestT1ProgrammeOverview" name="test_overview_client_role_denied" time="0.454" /><testcase classname="tests.test_iter78_plan_c_programme_overview.TestT1ProgrammeOverview" name="test_overview_unknown_client_404" time="0.112" /><testcase classname="tests.test_iter78_plan_c_programme_overview.TestT1ProgrammeOverview" name="test_source_awaiting_generation_when_no_programme" time="0.120" /><testcase classname="tests.test_iter78_plan_c_programme_overview.TestT1ProgrammeOverview" name="test_source_coach_edited_wins" time="0.114" /><testcase classname="tests.test_iter78_plan_c_programme_overview.TestT1ProgrammeOverview" name="test_source_full_planning_when_low_templates" time="0.124" /><testcase classname="tests.test_iter78_plan_c_programme_overview.TestT2ProgrammeTimeline" name="test_timeline_shape_and_events" time="0.116" /><testcase classname="tests.test_iter78_plan_c_programme_overview.TestT2ProgrammeTimeline" name="test_timeline_limit_respected" time="0.103" /><testcase classname="tests.test_iter78_plan_c_programme_overview.TestT2ProgrammeTimeline" name="test_timeline_unknown_client_404" time="0.134" /><testcase classname="tests.test_iter78_plan_c_programme_overview.TestT2ProgrammeTimeline" name="test_timeline_client_role_denied" time="0.116" /><testcase classname="tests.test_iter78_plan_c_programme_overview.TestT3RegressionSmoke" name="test_coach_dashboard_healthy" time="0.111" /><testcase classname="tests.test_iter78_plan_c_programme_overview.TestT3RegressionSmoke" name="test_client_home_endpoints" time="0.104" /><testcase classname="tests.test_iter78_plan_c_programme_overview.TestT3RegressionSmoke" name="test_coach_roster_alerts" time="0.107" /></testsuite></testsuites>