<?xml version="1.0" encoding="utf-8"?><testsuites name="pytest tests"><testsuite name="pytest" errors="0" failures="0" skipped="0" tests="18" time="3.123" timestamp="2026-07-23T11:05:29.573992+00:00" hostname="agent-env-d747f935-23a3-478a-b320-92d4e78ba06a"><testcase classname="tests.test_iter93_phase2_master_fix.TestNutritionToday" name="test_today_returns_totals_target_remaining" time="0.436" /><testcase classname="tests.test_iter93_phase2_master_fix.TestNutritionToday" name="test_today_requires_auth" time="0.098" /><testcase classname="tests.test_iter93_phase2_master_fix.TestNutritionSummary" name="test_summary_shape" time="0.100" /><testcase classname="tests.test_iter93_phase2_master_fix.TestNutritionWeekSummary" name="test_week_summary_shape" time="0.108" /><testcase classname="tests.test_iter93_phase2_master_fix.TestNutritionTargetsMine" name="test_targets_mine_shape" time="0.097" /><testcase classname="tests.test_iter93_phase2_master_fix.TestNutritionAtlasTip" name="test_atlas_tip_returns_string" time="0.142" /><testcase classname="tests.test_iter93_phase2_master_fix.TestNutritionInsightsLatest" name="test_insights_latest_reachable" time="0.118" /><testcase classname="tests.test_iter93_phase2_master_fix.TestNutritionLogsFeedTodayTotals" name="test_log_shows_in_today_totals" time="0.385" /><testcase classname="tests.test_iter93_phase2_master_fix.TestNutritionMealsEndpoint" name="test_meal_create_and_list" time="0.192" /><testcase classname="tests.test_iter93_phase2_master_fix.TestGuidedWorkoutRegression" name="test_workouts_get_returns_exercises" time="0.187" /><testcase classname="tests.test_iter93_phase2_master_fix.TestGuidedWorkoutRegression" name="test_exercises_content_by_name" time="0.096" /><testcase classname="tests.test_iter93_phase2_master_fix.TestGuidedWorkoutRegression" name="test_exercise_content_search" time="0.098" /><testcase classname="tests.test_iter93_phase2_master_fix.TestPhase1Regression" name="test_app_config_public" time="0.098" /><testcase classname="tests.test_iter93_phase2_master_fix.TestPhase1Regression" name="test_admin_media_reconcile" time="0.424" /><testcase classname="tests.test_iter93_phase2_master_fix.TestPhase1Regression" name="test_calendar_range" time="0.109" /><testcase classname="tests.test_iter93_phase2_master_fix.TestPhase1Regression" name="test_recovery_missed" time="0.095" /><testcase classname="tests.test_iter93_phase2_master_fix.TestPhase1Regression" name="test_recovery_suggestions_endpoint_reachable" time="0.192" /><testcase classname="tests.test_iter93_phase2_master_fix.TestPhase1Regression" name="test_profile_timezone_status" time="0.119" /></testsuite></testsuites>