<?xml version="1.0" encoding="utf-8"?><testsuites name="pytest tests"><testsuite name="pytest" errors="0" failures="0" skipped="1" tests="12" time="204.347" timestamp="2026-07-20T08:16:35.211396+00:00" hostname="agent-env-d747f935-23a3-478a-b320-92d4e78ba06a"><testcase classname="backend.tests.test_iter59_programme_quality.TestProgrammeCurrentEndpoint" name="test_programme_current_reachable" time="0.507" /><testcase classname="backend.tests.test_iter59_programme_quality.TestRetryWorkerFullPipeline" name="test_find_completed_job_with_roster" time="0.005" /><testcase classname="backend.tests.test_iter59_programme_quality.TestRetryWorkerFullPipeline" name="test_kick_off_retry" time="0.141" /><testcase classname="backend.tests.test_iter59_programme_quality.TestRetryWorkerFullPipeline" name="test_wait_for_retry_done" time="71.045" /><testcase classname="backend.tests.test_iter59_programme_quality.TestRetryWorkerFullPipeline" name="test_programme_row_persisted" time="0.001" /><testcase classname="backend.tests.test_iter59_programme_quality.TestRetryWorkerFullPipeline" name="test_workout_docs_have_schema_fields" time="0.001" /><testcase classname="backend.tests.test_iter59_programme_quality.TestRetryWorkerFullPipeline" name="test_idempotent_second_retry_no_duplicate" time="65.993" /><testcase classname="backend.tests.test_iter59_programme_quality.TestProgrammeCurrentReturnsRow" name="test_returns_row" time="0.101" /><testcase classname="backend.tests.test_iter59_programme_quality.TestCoachProgrammeEndpoints" name="test_coach_programme_for_client" time="0.417" /><testcase classname="backend.tests.test_iter59_programme_quality.TestCoachProgrammeEndpoints" name="test_coach_programme_history" time="0.097" /><testcase classname="backend.tests.test_iter59_programme_quality.TestTemplateFallbackSchema" name="test_template_workouts_flagged" time="0.001"><skipped type="pytest.skip" message="no template-sourced workouts in DB to verify">/app/backend/tests/test_iter59_programme_quality.py:213: no template-sourced workouts in DB to verify</skipped></testcase><testcase classname="backend.tests.test_iter59_programme_quality.TestWorkoutsGenerateMonthRegression" name="test_generate_month_end_to_end" time="65.934" /></testsuite></testsuites>