<?xml version="1.0" encoding="utf-8"?><testsuites name="pytest tests"><testsuite name="pytest" errors="0" failures="0" skipped="0" tests="6" time="3.450" timestamp="2026-07-12T22:27:24.930192+00:00" hostname="agent-env-d747f935-23a3-478a-b320-92d4e78ba06a"><testcase classname="backend.tests.test_iter56_roster_active_and_acknowledge" name="test_active_returns_needs_review_within_7_days" time="2.572" /><testcase classname="backend.tests.test_iter56_roster_active_and_acknowledge" name="test_active_hides_acknowledged_needs_review" time="0.122" /><testcase classname="backend.tests.test_iter56_roster_active_and_acknowledge" name="test_active_still_returns_processing_job" time="0.112" /><testcase classname="backend.tests.test_iter56_roster_active_and_acknowledge" name="test_acknowledge_hides_needs_review_job" time="0.341" /><testcase classname="backend.tests.test_iter56_roster_active_and_acknowledge" name="test_acknowledge_unknown_job_returns_404" time="0.121" /><testcase classname="backend.tests.test_iter56_roster_active_and_acknowledge" name="test_workouts_week_contains_today" time="0.161" /></testsuite></testsuites>