<?xml version="1.0" encoding="utf-8"?><testsuites name="pytest tests"><testsuite name="pytest" errors="0" failures="0" skipped="1" tests="14" time="2.556" timestamp="2026-07-27T22:40:37.495585+00:00" hostname="agent-env-d747f935-23a3-478a-b320-92d4e78ba06a"><testcase classname="backend.tests.test_iter110_v2_client_bridge.TestPietroWorkoutsWeek" name="test_workouts_week_contains_v2_rows" time="0.525" /><testcase classname="backend.tests.test_iter110_v2_client_bridge.TestPietroWorkoutsWeek" name="test_v2_rows_have_expected_shape" time="0.128" /><testcase classname="backend.tests.test_iter110_v2_client_bridge.TestPietroWorkoutsWeek" name="test_run_easy_shape" time="0.158" /><testcase classname="backend.tests.test_iter110_v2_client_bridge.TestPietroWorkoutsWeek" name="test_mobility_shape" time="0.102" /><testcase classname="backend.tests.test_iter110_v2_client_bridge.TestPietroWorkoutsWeek" name="test_run_long_shape" time="0.111" /><testcase classname="backend.tests.test_iter110_v2_client_bridge.TestPietroWorkoutGet" name="test_run_long_detail" time="0.219" /><testcase classname="backend.tests.test_iter110_v2_client_bridge.TestPietroWorkoutGet" name="test_negative_v2p_returns_404" time="0.135" /><testcase classname="backend.tests.test_iter110_v2_client_bridge.TestPietroCalendarTimeline" name="test_timeline_includes_v2_days" time="0.129" /><testcase classname="backend.tests.test_iter110_v2_client_bridge.TestV1ClientRegression" name="test_v1_client_week_no_v2p" time="0.429"><skipped type="pytest.skip" message="coach clients roster unavailable: 404">/app/backend/tests/test_iter110_v2_client_bridge.py:227: coach clients roster unavailable: 404</skipped></testcase><testcase classname="backend.tests.test_iter110_v2_client_bridge.TestV1ClientRegression" name="test_bridge_returns_empty_for_v1" time="0.077" /><testcase classname="backend.tests.test_iter110_v2_client_bridge.TestPietroCalendarRange" name="test_pietro_range_shows_planned_days" time="0.144" /><testcase classname="backend.tests.test_iter110_v2_client_bridge.TestPietroCalendarRange" name="test_pietro_range_other_days_rest" time="0.102" /><testcase classname="backend.tests.test_iter110_v2_client_bridge.TestPietroCalendarRange" name="test_v1_client_range_no_v2p" time="0.005" /><testcase classname="backend.tests.test_iter110_v2_client_bridge.TestWorkoutDetailBridgeReshape" name="test_run_long_detail_warmup_is_null" time="0.226" /></testsuite></testsuites>