<?xml version="1.0" encoding="utf-8"?><testsuites name="pytest tests"><testsuite name="pytest" errors="0" failures="0" skipped="0" tests="10" time="56.484" timestamp="2026-07-20T08:56:10.688320+00:00" hostname="agent-env-d747f935-23a3-478a-b320-92d4e78ba06a"><testcase classname="backend.tests.test_iter61_roster_confirmation.TestUploadParse" name="test_upload_parse_creates_parse_only_job_and_does_not_deactivate_active" time="1.844" /><testcase classname="backend.tests.test_iter61_roster_confirmation.TestPendingCRUD" name="test_get_pending_returns_seeded_row_with_needs_review" time="0.097" /><testcase classname="backend.tests.test_iter61_roster_confirmation.TestPendingCRUD" name="test_get_pending_by_id" time="0.091" /><testcase classname="backend.tests.test_iter61_roster_confirmation.TestPendingCRUD" name="test_patch_persists_edit_and_auto_confirms" time="0.202" /><testcase classname="backend.tests.test_iter61_roster_confirmation.TestPendingCRUD" name="test_confirm_day_marks_single_day_reviewed" time="0.190" /><testcase classname="backend.tests.test_iter61_roster_confirmation.TestPendingCRUD" name="test_delete_removes_pending_only" time="0.097" /><testcase classname="backend.tests.test_iter61_roster_confirmation.TestConfirmAndBuild" name="test_confirm_blocked_while_needs_review_pending" time="0.107" /><testcase classname="backend.tests.test_iter61_roster_confirmation.TestConfirmAndBuild" name="test_confirm_success_activates_deactivates_others_and_kicks_build" time="53.450" /><testcase classname="backend.tests.test_iter61_roster_confirmation.TestLegacyEndpointsRegression" name="test_upload_and_generate_still_returns_job_id" time="0.192" /><testcase classname="backend.tests.test_iter61_roster_confirmation.TestLegacyEndpointsRegression" name="test_retry_endpoint_still_answers" time="0.104" /></testsuite></testsuites>