<?xml version="1.0" encoding="utf-8"?><testsuites name="pytest tests"><testsuite name="pytest" errors="0" failures="1" skipped="0" tests="26" time="5.308" timestamp="2026-07-20T11:09:07.490209+00:00" hostname="agent-env-d747f935-23a3-478a-b320-92d4e78ba06a"><testcase classname="backend.tests.test_iter67_coach_dashboard_slice2.TestStartupMigrations" name="test_louis_is_admin_with_admin_tier" time="0.719" /><testcase classname="backend.tests.test_iter67_coach_dashboard_slice2.TestStartupMigrations" name="test_client_assigned_to_louis" time="0.695" /><testcase classname="backend.tests.test_iter67_coach_dashboard_slice2.TestListCoaches" name="test_list_as_admin" time="0.139" /><testcase classname="backend.tests.test_iter67_coach_dashboard_slice2.TestListCoaches" name="test_list_as_client_forbidden" time="0.098" /><testcase classname="backend.tests.test_iter67_coach_dashboard_slice2.TestInviteCoach" name="test_invite_returns_temp_password" time="0.467" /><testcase classname="backend.tests.test_iter67_coach_dashboard_slice2.TestInviteCoach" name="test_new_coach_visible_in_list" time="0.097" /><testcase classname="backend.tests.test_iter67_coach_dashboard_slice2.TestInviteCoach" name="test_invite_duplicate_email_rejected" time="0.097" /><testcase classname="backend.tests.test_iter67_coach_dashboard_slice2.TestInviteCoach" name="test_invite_invalid_tier_rejected" time="0.091" /><testcase classname="backend.tests.test_iter67_coach_dashboard_slice2.TestInviteCoach" name="test_invite_as_client_forbidden" time="0.101" /><testcase classname="backend.tests.test_iter67_coach_dashboard_slice2.TestPatchCoach" name="test_patch_tier_to_assistant" time="0.088" /><testcase classname="backend.tests.test_iter67_coach_dashboard_slice2.TestPatchCoach" name="test_patch_back_to_full" time="0.110" /><testcase classname="backend.tests.test_iter67_coach_dashboard_slice2.TestPatchCoach" name="test_cannot_demote_last_admin" time="0.101" /><testcase classname="backend.tests.test_iter67_coach_dashboard_slice2.TestPatchCoach" name="test_patch_invalid_tier" time="0.095" /><testcase classname="backend.tests.test_iter67_coach_dashboard_slice2.TestPatchCoach" name="test_patch_unknown_coach" time="0.095" /><testcase classname="backend.tests.test_iter67_coach_dashboard_slice2.TestActivateDeactivate" name="test_deactivate_coach" time="0.242" /><testcase classname="backend.tests.test_iter67_coach_dashboard_slice2.TestActivateDeactivate" name="test_cannot_deactivate_admin" time="0.094" /><testcase classname="backend.tests.test_iter67_coach_dashboard_slice2.TestActivateDeactivate" name="test_activate_coach" time="0.192" /><testcase classname="backend.tests.test_iter67_coach_dashboard_slice2.TestAssignCoach" name="test_assign_client_to_test_coach" time="0.404" /><testcase classname="backend.tests.test_iter67_coach_dashboard_slice2.TestAssignCoach" name="test_assign_to_unknown_coach_404" time="0.112" /><testcase classname="backend.tests.test_iter67_coach_dashboard_slice2.TestAssignCoach" name="test_assign_to_paused_coach_400" time="0.330" /><testcase classname="backend.tests.test_iter67_coach_dashboard_slice2.TestAssignCoach" name="test_workload_reflects_assignment" time="0.103" /><testcase classname="backend.tests.test_iter67_coach_dashboard_slice2.TestMeCoach" name="test_client_me_coach_reflects_new_coach" time="0.095" /><testcase classname="backend.tests.test_iter67_coach_dashboard_slice2.TestMeCoach" name="test_coach_role_gets_null" time="0.096" /><testcase classname="backend.tests.test_iter67_coach_dashboard_slice2.TestMeCoach" name="test_unauthenticated_401" time="0.096" /><testcase classname="backend.tests.test_iter67_coach_dashboard_slice2.TestSignupAutoAssign" name="test_new_client_signup_gets_louis" time="0.092"><failure message="AssertionError: signup failed: {&quot;detail&quot;:[{&quot;type&quot;:&quot;value_error&quot;,&quot;loc&quot;:[&quot;body&quot;,&quot;email&quot;],&quot;msg&quot;:&quot;value is not a valid email address: The part after the @-sign is a special-use or reserved name that cannot be used with email.&quot;,&quot;input&quot;:&quot;test.slice2.signup.5a0ef2d3@crewfit.test&quot;,&quot;ctx&quot;:{&quot;reason&quot;:&quot;The part after the @-sign is a special-use or reserved name that cannot be used with email.&quot;}}]}&#10;assert 422 in (200, 201)&#10; +  where 422 = &lt;Response [422]&gt;.status_code">backend/tests/test_iter67_coach_dashboard_slice2.py:348: in test_new_client_signup_gets_louis
    assert r.status_code in (200, 201), f"signup failed: {r.text}"
E   AssertionError: signup failed: {"detail":[{"type":"value_error","loc":["body","email"],"msg":"value is not a valid email address: The part after the @-sign is a special-use or reserved name that cannot be used with email.","input":"test.slice2.signup.5a0ef2d3@crewfit.test","ctx":{"reason":"The part after the @-sign is a special-use or reserved name that cannot be used with email."}}]}
E   assert 422 in (200, 201)
E    +  where 422 = &lt;Response [422]&gt;.status_code</failure></testcase><testcase classname="backend.tests.test_iter67_coach_dashboard_slice2.TestZ_ResetClient" name="test_reassign_client_back_to_louis" time="0.381" /></testsuite></testsuites>