<?xml version="1.0" encoding="utf-8"?><testsuites name="pytest tests"><testsuite name="pytest" errors="0" failures="0" skipped="0" tests="5" time="126.340" timestamp="2026-07-12T10:47:15.123960+00:00" hostname="agent-env-d747f935-23a3-478a-b320-92d4e78ba06a"><testcase classname="tests.test_iter44_workout_gen_e11000.TestGenerateMonthE11000" name="test_seed_and_generate_month" time="83.132" /><testcase classname="tests.test_iter44_workout_gen_e11000.TestRegenerateE11000" name="test_regenerate_subset" time="38.123" /><testcase classname="tests.test_iter44_workout_gen_e11000.TestGlobalUniqueIndex" name="test_no_dup_user_date_groups" time="0.001" /><testcase classname="tests.test_iter44_workout_gen_e11000.TestSanity" name="test_gdpr_export" time="4.863" /><testcase classname="tests.test_iter44_workout_gen_e11000.TestSanity" name="test_beta_status" time="0.125" /></testsuite></testsuites>