<?xml version="1.0" encoding="utf-8"?><testsuites name="pytest tests"><testsuite name="pytest" errors="0" failures="0" skipped="0" tests="17" time="4.337" timestamp="2026-07-27T10:27:47.286103+00:00" hostname="agent-env-d747f935-23a3-478a-b320-92d4e78ba06a"><testcase classname="tests.test_roster_month_preservation" name="test_roster_days_between_merges_multiple_active_rosters" time="0.083" /><testcase classname="tests.test_roster_month_preservation" name="test_roster_days_between_ignores_inactive_rosters" time="0.004" /><testcase classname="tests.test_roster_month_preservation" name="test_roster_days_between_newest_wins_on_conflict" time="0.004" /><testcase classname="tests.test_coach_roster_upload" name="test_coach_upload_endpoints_registered" time="2.116" /><testcase classname="tests.test_coach_roster_upload" name="test_coach_upload_endpoint_role_gated" time="0.000" /><testcase classname="tests.test_coach_roster_upload" name="test_coach_pending_confirm_404_when_no_pending" time="0.004" /><testcase classname="tests.test_iter109_coach_roster_http.TestRosterCurrentMerge" name="test_roster_current_returns_both_months" time="0.748" /><testcase classname="tests.test_iter109_coach_roster_http.TestRosterCurrentMerge" name="test_roster_current_carries_source_roster_id" time="0.136" /><testcase classname="tests.test_iter109_coach_roster_http.TestCalendarRangeMerge" name="test_calendar_range_spans_both_months" time="0.136" /><testcase classname="tests.test_iter109_coach_roster_http.TestCoachRosterUploadGuards" name="test_upload_parse_403_for_non_coach" time="0.101" /><testcase classname="tests.test_iter109_coach_roster_http.TestCoachRosterUploadGuards" name="test_upload_parse_404_for_missing_client" time="0.412" /><testcase classname="tests.test_iter109_coach_roster_http.TestCoachRosterUploadGuards" name="test_pending_confirm_403_for_non_coach" time="0.104" /><testcase classname="tests.test_iter109_coach_roster_http.TestCoachRosterUploadGuards" name="test_pending_confirm_404_for_missing_roster" time="0.103" /><testcase classname="tests.test_iter109_coach_roster_http.TestOverlapSupersede" name="test_confirm_supersedes_overlapping_only" time="0.114" /><testcase classname="tests.test_iter109_coach_roster_http.TestCopyHygiene" name="test_calendar_range_copy_clean" time="0.118" /><testcase classname="tests.test_iter109_coach_roster_http.TestCopyHygiene" name="test_roster_current_copy_clean" time="0.100" /><testcase classname="tests.test_iter109_coach_roster_http.TestCopyHygiene" name="test_coach_upload_button_component_copy_clean" time="0.003" /></testsuite></testsuites>