<?xml version="1.0" encoding="utf-8"?><testsuites name="pytest tests"><testsuite name="pytest" errors="0" failures="0" skipped="0" tests="6" time="96.780" timestamp="2026-07-11T19:08:46.371806+00:00" hostname="agent-env-d747f935-23a3-478a-b320-92d4e78ba06a"><testcase classname="backend.tests.test_iter44_roster_e11000.TestPrimaryE11000Fix" name="test_login_and_seed_collision" time="0.418" /><testcase classname="backend.tests.test_iter44_roster_e11000.TestPrimaryE11000Fix" name="test_upload_and_generate_no_e11000" time="95.616" /><testcase classname="backend.tests.test_iter44_roster_e11000.TestPrimaryE11000Fix" name="test_collision_resolved_or_untouched" time="0.002" /><testcase classname="backend.tests.test_iter44_roster_e11000.TestNoDuplicatesGlobally" name="test_no_duplicate_user_date_groups" time="0.001" /><testcase classname="backend.tests.test_iter44_roster_e11000.TestLoginRegression" name="test_client_login" time="0.327" /><testcase classname="backend.tests.test_iter44_roster_e11000.TestLoginRegression" name="test_coach_login" time="0.319" /></testsuite></testsuites>