<?xml version="1.0" encoding="utf-8"?><testsuites name="pytest tests"><testsuite name="pytest" errors="0" failures="1" skipped="0" tests="110" time="94.972" timestamp="2026-07-21T17:41:23.239335+00:00" hostname="agent-env-d747f935-23a3-478a-b320-92d4e78ba06a"><testcase classname="backend.tests.test_iter75_plan_a_marathon.TestLouisProfileMigration" name="test_louis_profile_populated" time="0.068" /><testcase classname="backend.tests.test_iter75_plan_a_marathon.TestLouisProfileMigration" name="test_apply_handoff_called_from_finalize" time="0.001" /><testcase classname="backend.tests.test_iter75_plan_a_marathon.TestDaysPerWeekCap" name="test_seven_strength_capped_to_four" time="1.987" /><testcase classname="backend.tests.test_iter75_plan_a_marathon.TestDaysPerWeekCap" name="test_no_cap_when_under_limit" time="0.000" /><testcase classname="backend.tests.test_iter75_plan_a_marathon.TestDaysPerWeekCap" name="test_key_sessions_preserved" time="0.000" /><testcase classname="backend.tests.test_iter75_plan_a_marathon.TestDaysPerWeekCap" name="test_cap_missing_or_invalid_is_noop" time="0.000" /><testcase classname="backend.tests.test_iter75_plan_a_marathon.TestMinContentFlag" name="test_strength_45min_1ex_flagged" time="0.000" /><testcase classname="backend.tests.test_iter75_plan_a_marathon.TestMinContentFlag" name="test_endurance_run_exempt" time="0.000" /><testcase classname="backend.tests.test_iter75_plan_a_marathon.TestMinContentFlag" name="test_recovery_walk_exempt" time="0.000" /><testcase classname="backend.tests.test_iter75_plan_a_marathon.TestMinContentFlag" name="test_strength_with_3_exercises_ok" time="0.000" /><testcase classname="backend.tests.test_iter75_plan_a_marathon.TestMinContentFlag" name="test_short_strength_below_30min_ok" time="0.000" /><testcase classname="backend.tests.test_iter75_plan_a_marathon.TestValidatorRules" name="test_rule9_marathon_no_run_errors" time="0.000" /><testcase classname="backend.tests.test_iter75_plan_a_marathon.TestValidatorRules" name="test_rule8_over_target_hard_errors" time="0.000" /><testcase classname="backend.tests.test_iter75_plan_a_marathon.TestValidatorRules" name="test_rule8_over_target_soft_warns" time="0.000" /><testcase classname="backend.tests.test_iter75_plan_a_marathon.TestValidatorRules" name="test_rule10_template_ratio_warns" time="0.000" /><testcase classname="backend.tests.test_iter75_plan_a_marathon.TestValidatorRules" name="test_rule11_repeated_title_warns" time="0.000" /><testcase classname="backend.tests.test_iter75_plan_a_marathon.TestValidatorRules" name="test_rule7_incomplete_content_error" time="0.000" /><testcase classname="backend.tests.test_iter75_plan_a_marathon.TestEndpointSmoke" name="test_backend_alive" time="0.136" /><testcase classname="backend.tests.test_iter75_plan_a_marathon.TestEndpointSmoke" name="test_login_louis" time="0.392" /><testcase classname="backend.tests.test_iter75_plan_a_marathon.TestEndpointSmoke" name="test_programme_current_endpoint_reachable" time="0.054" /><testcase classname="backend.tests.test_iter75_plan_a_marathon.TestEndpointSmoke" name="test_louishallpt_programme_current" time="0.061" /><testcase classname="backend.tests.test_iter76_plan_b_marathon_shapes.TestMarathonShapes" name="test_marathon_foundation_4days" time="0.000" /><testcase classname="backend.tests.test_iter76_plan_b_marathon_shapes.TestMarathonShapes" name="test_marathon_build_has_tempo" time="0.000" /><testcase classname="backend.tests.test_iter76_plan_b_marathon_shapes.TestMarathonShapes" name="test_marathon_peak_has_intervals" time="0.000" /><testcase classname="backend.tests.test_iter76_plan_b_marathon_shapes.TestMarathonShapes" name="test_marathon_deload_no_hard_sessions" time="0.000" /><testcase classname="backend.tests.test_iter76_plan_b_marathon_shapes.TestMarathonShapes" name="test_unknown_event_falls_back_to_marathon" time="0.000" /><testcase classname="backend.tests.test_iter76_plan_b_marathon_shapes.TestStrengthShapes" name="test_build_muscle_4days" time="0.000" /><testcase classname="backend.tests.test_iter76_plan_b_marathon_shapes.TestStrengthShapes" name="test_lose_fat_3days" time="0.000" /><testcase classname="backend.tests.test_iter76_plan_b_marathon_shapes.TestStrengthShapes" name="test_unknown_goal_falls_back_to_general" time="0.000" /><testcase classname="backend.tests.test_iter76_plan_b_marathon_shapes.TestLouisMarathonFallback" name="test_no_full_body_strength_title" time="0.001" /><testcase classname="backend.tests.test_iter76_plan_b_marathon_shapes.TestLouisMarathonFallback" name="test_at_least_one_long_run_per_week" time="0.000" /><testcase classname="backend.tests.test_iter76_plan_b_marathon_shapes.TestLouisMarathonFallback" name="test_at_least_one_easy_run_per_week" time="0.000" /><testcase classname="backend.tests.test_iter76_plan_b_marathon_shapes.TestLouisMarathonFallback" name="test_exactly_one_strength_for_runners_per_week" time="0.000" /><testcase classname="backend.tests.test_iter76_plan_b_marathon_shapes.TestLouisMarathonFallback" name="test_real_sessions_capped_at_training_days" time="0.000" /><testcase classname="backend.tests.test_iter76_plan_b_marathon_shapes.TestLouisMarathonFallback" name="test_long_haul_days_get_flight_recovery" time="0.000" /><testcase classname="backend.tests.test_iter76_plan_b_marathon_shapes.TestLouisMarathonFallback" name="test_no_short_strength_card_with_too_few_exercises" time="0.000" /><testcase classname="backend.tests.test_iter76_plan_b_marathon_shapes.TestBuildMuscleFallback" name="test_build_muscle_produces_strength_split_no_runs" time="0.000" /><testcase classname="backend.tests.test_iter76_plan_b_marathon_shapes.TestProgrammeContext" name="test_marathon_context_includes_weekly_shape_and_progression" time="0.005" /><testcase classname="backend.tests.test_iter76_plan_b_marathon_shapes.TestPersistProgrammeFields" name="test_persist_stores_weekly_shape_event_type_progression" time="0.003" /><testcase classname="backend.tests.test_iter76_plan_b_marathon_shapes.TestValidatorRegression" name="test_marathon_all_strength_no_runs_errors" time="0.000" /><testcase classname="backend.tests.test_iter76_plan_b_marathon_shapes.TestValidatorRegression" name="test_over_target_sessions_errors" time="0.000" /><testcase classname="backend.tests.test_iter76_plan_b_marathon_shapes.TestValidatorRegression" name="test_template_source_majority_warns" time="0.000" /><testcase classname="backend.tests.test_iter76_plan_b_marathon_shapes.TestValidatorRegression" name="test_repeated_title_warns" time="0.000" /><testcase classname="backend.tests.test_iter76_plan_b_marathon_shapes.TestValidatorRegression" name="test_incomplete_content_flagged_as_error" time="0.000" /><testcase classname="backend.tests.test_iter76_plan_b_marathon_shapes.TestBackendSmoke" name="test_auth_login_client" time="0.357" /><testcase classname="backend.tests.test_iter76_plan_b_marathon_shapes.TestBackendSmoke" name="test_auth_me_with_token" time="0.511" /><testcase classname="backend.tests.test_iter76_plan_b_marathon_shapes.TestBackendSmoke" name="test_programme_current_shape_when_present" time="0.421" /><testcase classname="backend.tests.test_iter77_plan_d_reassessment.TestT1ExerciseHook" name="test_hook_creates_then_dedups_and_escalates" time="0.007" /><testcase classname="backend.tests.test_iter77_plan_d_reassessment.TestT2Reconciliation" name="test_reconcile_backfills_orphan" time="0.014" /><testcase classname="backend.tests.test_iter77_plan_d_reassessment.TestT3Counts" name="test_counts_endpoint" time="0.447" /><testcase classname="backend.tests.test_iter77_plan_d_reassessment.TestT3Counts" name="test_list_endpoint_bucket_filters" time="0.426" /><testcase classname="backend.tests.test_iter77_plan_d_reassessment.TestT4RosterManagement" name="test_roster_management_shape" time="0.530" /><testcase classname="backend.tests.test_iter77_plan_d_reassessment.TestT5DeleteAndRestart" name="test_full_delete_flow_with_seed" time="0.999" /><testcase classname="backend.tests.test_iter77_plan_d_reassessment.TestT5DeleteAndRestart" name="test_delete_only_mode_preserves_workouts" time="0.668" /><testcase classname="backend.tests.test_iter77_plan_d_reassessment.TestT6SafetyGuard" name="test_safety_guard_code_present" time="0.002" /><testcase classname="backend.tests.test_iter77_plan_d_reassessment.TestT7ShortFormGet" name="test_get_form[missed_workouts]" time="0.118" /><testcase classname="backend.tests.test_iter77_plan_d_reassessment.TestT7ShortFormGet" name="test_get_form[life_change]" time="0.098" /><testcase classname="backend.tests.test_iter77_plan_d_reassessment.TestT7ShortFormGet" name="test_get_form[roster_uploaded]" time="0.122" /><testcase classname="backend.tests.test_iter77_plan_d_reassessment.TestT7ShortFormGet" name="test_get_form[event_completed]" time="0.098" /><testcase classname="backend.tests.test_iter77_plan_d_reassessment.TestT7ShortFormGet" name="test_missed_workouts_shape" time="0.094" /><testcase classname="backend.tests.test_iter77_plan_d_reassessment.TestT7ShortFormGet" name="test_roster_uploaded_shape" time="0.096" /><testcase classname="backend.tests.test_iter77_plan_d_reassessment.TestT7ShortFormGet" name="test_unknown_kind_404" time="0.106" /><testcase classname="backend.tests.test_iter77_plan_d_reassessment.TestT8ShortFormPost" name="test_post_roster_uploaded_flow" time="0.118" /><testcase classname="backend.tests.test_iter78_plan_c_programme_overview.TestT1ProgrammeOverview" name="test_overview_shape_and_counters" time="0.450" /><testcase classname="backend.tests.test_iter78_plan_c_programme_overview.TestT1ProgrammeOverview" name="test_overview_client_role_denied" time="0.559" /><testcase classname="backend.tests.test_iter78_plan_c_programme_overview.TestT1ProgrammeOverview" name="test_overview_unknown_client_404" time="0.155" /><testcase classname="backend.tests.test_iter78_plan_c_programme_overview.TestT1ProgrammeOverview" name="test_source_awaiting_generation_when_no_programme" time="0.104" /><testcase classname="backend.tests.test_iter78_plan_c_programme_overview.TestT1ProgrammeOverview" name="test_source_coach_edited_wins" time="0.111" /><testcase classname="backend.tests.test_iter78_plan_c_programme_overview.TestT1ProgrammeOverview" name="test_source_full_planning_when_low_templates" time="0.131" /><testcase classname="backend.tests.test_iter78_plan_c_programme_overview.TestT2ProgrammeTimeline" name="test_timeline_shape_and_events" time="0.100" /><testcase classname="backend.tests.test_iter78_plan_c_programme_overview.TestT2ProgrammeTimeline" name="test_timeline_limit_respected" time="0.104" /><testcase classname="backend.tests.test_iter78_plan_c_programme_overview.TestT2ProgrammeTimeline" name="test_timeline_unknown_client_404" time="0.757" /><testcase classname="backend.tests.test_iter78_plan_c_programme_overview.TestT2ProgrammeTimeline" name="test_timeline_client_role_denied" time="0.114" /><testcase classname="backend.tests.test_iter78_plan_c_programme_overview.TestT3RegressionSmoke" name="test_coach_dashboard_healthy" time="0.129" /><testcase classname="backend.tests.test_iter78_plan_c_programme_overview.TestT3RegressionSmoke" name="test_client_home_endpoints" time="0.105" /><testcase classname="backend.tests.test_iter78_plan_c_programme_overview.TestT3RegressionSmoke" name="test_coach_roster_alerts" time="0.131" /><testcase classname="backend.tests.test_iter79_plan_c_workout_editor.TestT1WorkoutMeta" name="test_patch_updates_and_flags" time="0.572" /><testcase classname="backend.tests.test_iter79_plan_c_workout_editor.TestT1WorkoutMeta" name="test_patch_completed_workout_400" time="0.105" /><testcase classname="backend.tests.test_iter79_plan_c_workout_editor.TestT2ExerciseCRUD" name="test_add_valid_and_bogus" time="0.219" /><testcase classname="backend.tests.test_iter79_plan_c_workout_editor.TestT2ExerciseCRUD" name="test_edit_exercise" time="0.115" /><testcase classname="backend.tests.test_iter79_plan_c_workout_editor.TestT2ExerciseCRUD" name="test_edit_exercise_out_of_range" time="0.100" /><testcase classname="backend.tests.test_iter79_plan_c_workout_editor.TestT2ExerciseCRUD" name="test_delete_exercise" time="0.118" /><testcase classname="backend.tests.test_iter79_plan_c_workout_editor.TestT2ExerciseCRUD" name="test_reorder_valid_and_invalid" time="0.210" /><testcase classname="backend.tests.test_iter79_plan_c_workout_editor.TestT3ExerciseSwap" name="test_swap_preserves_prescription" time="0.537" /><testcase classname="backend.tests.test_iter79_plan_c_workout_editor.TestT3ExerciseSwap" name="test_swap_no_preserve_defaults" time="0.109" /><testcase classname="backend.tests.test_iter79_plan_c_workout_editor.TestT3ExerciseSwap" name="test_swap_override_wins" time="0.102" /><testcase classname="backend.tests.test_iter79_plan_c_workout_editor.TestT3ExerciseSwap" name="test_swap_bogus_replacement_404" time="0.115" /><testcase classname="backend.tests.test_iter79_plan_c_workout_editor.TestT4V2Search" name="test_query_filter" time="0.100" /><testcase classname="backend.tests.test_iter79_plan_c_workout_editor.TestT4V2Search" name="test_movement_filter" time="0.113" /><testcase classname="backend.tests.test_iter79_plan_c_workout_editor.TestT4V2Search" name="test_tag_intersection" time="0.122" /><testcase classname="backend.tests.test_iter79_plan_c_workout_editor.TestT4V2Search" name="test_draft_excluded" time="0.104" /><testcase classname="backend.tests.test_iter79_plan_c_workout_editor.TestT4V2Search" name="test_limit_capped" time="0.112" /><testcase classname="backend.tests.test_iter79_plan_c_workout_editor.TestT5WorkoutRegenPreview" name="test_preset_shorter" time="0.108" /><testcase classname="backend.tests.test_iter79_plan_c_workout_editor.TestT5WorkoutRegenPreview" name="test_preset_easier_floors_rpe" time="2.843" /><testcase classname="backend.tests.test_iter79_plan_c_workout_editor.TestT5WorkoutRegenPreview" name="test_preset_harder_caps_sets" time="0.135" /><testcase classname="backend.tests.test_iter79_plan_c_workout_editor.TestT5WorkoutRegenPreview" name="test_preset_tired" time="0.107" /><testcase classname="backend.tests.test_iter79_plan_c_workout_editor.TestT5WorkoutRegenPreview" name="test_preset_as_running" time="0.107" /><testcase classname="backend.tests.test_iter79_plan_c_workout_editor.TestT5WorkoutRegenPreview" name="test_preset_unknown_400" time="1.143" /><testcase classname="backend.tests.test_iter79_plan_c_workout_editor.TestT6ProgrammeRegenPreview" name="test_preview_shape" time="0.121" /><testcase classname="backend.tests.test_iter79_plan_c_workout_editor.TestT6ProgrammeRegenPreview" name="test_preview_no_active_roster_400" time="0.606" /><testcase classname="backend.tests.test_iter79_plan_c_workout_editor.TestT7ProgrammeRegenApply" name="test_apply_queues_job" time="60.044"><failure message="requests.exceptions.ConnectTimeout: HTTPSConnectionPool(host='flight-fit-plans.preview.emergentagent.com', port=443): Max retries exceeded with url: /api/coach/clients/TEST_iter79_58e8db_u_2b3951/programme/regenerate-apply (Caused by ConnectTimeoutError(&lt;HTTPSConnection(host='flight-fit-plans.preview.emergentagent.com', port=443) at 0xf93b718915d0&gt;, 'Connection to flight-fit-plans.preview.emergentagent.com timed out. (connect timeout=30)'))">E   TimeoutError: timed out

The above exception was the direct cause of the following exception:
E   urllib3.exceptions.ConnectTimeoutError: (&lt;HTTPSConnection(host='flight-fit-plans.preview.emergentagent.com', port=443) at 0xf93b718915d0&gt;, 'Connection to flight-fit-plans.preview.emergentagent.com timed out. (connect timeout=30)')

The above exception was the direct cause of the following exception:
E   urllib3.exceptions.MaxRetryError: HTTPSConnectionPool(host='flight-fit-plans.preview.emergentagent.com', port=443): Max retries exceeded with url: /api/coach/clients/TEST_iter79_58e8db_u_2b3951/programme/regenerate-apply (Caused by ConnectTimeoutError(&lt;HTTPSConnection(host='flight-fit-plans.preview.emergentagent.com', port=443) at 0xf93b718915d0&gt;, 'Connection to flight-fit-plans.preview.emergentagent.com timed out. (connect timeout=30)'))

During handling of the above exception, another exception occurred:
E   requests.exceptions.ConnectTimeout: HTTPSConnectionPool(host='flight-fit-plans.preview.emergentagent.com', port=443): Max retries exceeded with url: /api/coach/clients/TEST_iter79_58e8db_u_2b3951/programme/regenerate-apply (Caused by ConnectTimeoutError(&lt;HTTPSConnection(host='flight-fit-plans.preview.emergentagent.com', port=443) at 0xf93b718915d0&gt;, 'Connection to flight-fit-plans.preview.emergentagent.com timed out. (connect timeout=30)'))</failure></testcase><testcase classname="backend.tests.test_iter79_plan_c_workout_editor.TestT7ProgrammeRegenApply" name="test_apply_no_active_roster_400" time="0.192" /><testcase classname="backend.tests.test_iter79_plan_c_workout_editor.TestT8RegressionSmoke" name="test_coach_dashboard" time="8.393" /><testcase classname="backend.tests.test_iter79_plan_c_workout_editor.TestT8RegressionSmoke" name="test_coach_roster_alerts" time="4.240" /><testcase classname="backend.tests.test_iter79_plan_c_workout_editor.TestT8RegressionSmoke" name="test_programme_overview_still_healthy" time="0.104" /><testcase classname="backend.tests.test_iter79_plan_c_workout_editor.TestT8RegressionSmoke" name="test_programme_timeline_still_healthy" time="0.171" /><testcase classname="backend.tests.test_iter80_log_change_dualwrite.TestS1DualWrite" name="test_patch_workout_writes_to_both_collections" time="2.549" /><testcase classname="backend.tests.test_iter80_log_change_dualwrite.TestS2TimelineIncludesEdit" name="test_timeline_lists_workout_edit" time="0.133" /><testcase classname="backend.tests.test_iter80_log_change_dualwrite.TestS3RegenApplyResilience" name="test_direct_log_change_swallows_write_failure" time="0.002" /><testcase classname="backend.tests.test_iter80_log_change_dualwrite.TestS3RegenApplyResilience" name="test_regenerate_apply_creates_exactly_one_job" time="0.114" /></testsuite></testsuites>