<?xml version="1.0" encoding="utf-8"?><testsuites name="pytest tests"><testsuite name="pytest" errors="0" failures="0" skipped="0" tests="21" time="3.070" timestamp="2026-07-21T16:12:44.336319+00:00" hostname="agent-env-d747f935-23a3-478a-b320-92d4e78ba06a"><testcase classname="tests.test_iter75_plan_a_marathon.TestLouisProfileMigration" name="test_louis_profile_populated" time="0.067" /><testcase classname="tests.test_iter75_plan_a_marathon.TestLouisProfileMigration" name="test_apply_handoff_called_from_finalize" time="0.001" /><testcase classname="tests.test_iter75_plan_a_marathon.TestDaysPerWeekCap" name="test_seven_strength_capped_to_four" time="1.948" /><testcase classname="tests.test_iter75_plan_a_marathon.TestDaysPerWeekCap" name="test_no_cap_when_under_limit" time="0.000" /><testcase classname="tests.test_iter75_plan_a_marathon.TestDaysPerWeekCap" name="test_key_sessions_preserved" time="0.000" /><testcase classname="tests.test_iter75_plan_a_marathon.TestDaysPerWeekCap" name="test_cap_missing_or_invalid_is_noop" time="0.000" /><testcase classname="tests.test_iter75_plan_a_marathon.TestMinContentFlag" name="test_strength_45min_1ex_flagged" time="0.000" /><testcase classname="tests.test_iter75_plan_a_marathon.TestMinContentFlag" name="test_endurance_run_exempt" time="0.000" /><testcase classname="tests.test_iter75_plan_a_marathon.TestMinContentFlag" name="test_recovery_walk_exempt" time="0.000" /><testcase classname="tests.test_iter75_plan_a_marathon.TestMinContentFlag" name="test_strength_with_3_exercises_ok" time="0.000" /><testcase classname="tests.test_iter75_plan_a_marathon.TestMinContentFlag" name="test_short_strength_below_30min_ok" time="0.000" /><testcase classname="tests.test_iter75_plan_a_marathon.TestValidatorRules" name="test_rule9_marathon_no_run_errors" time="0.000" /><testcase classname="tests.test_iter75_plan_a_marathon.TestValidatorRules" name="test_rule8_over_target_hard_errors" time="0.000" /><testcase classname="tests.test_iter75_plan_a_marathon.TestValidatorRules" name="test_rule8_over_target_soft_warns" time="0.000" /><testcase classname="tests.test_iter75_plan_a_marathon.TestValidatorRules" name="test_rule10_template_ratio_warns" time="0.000" /><testcase classname="tests.test_iter75_plan_a_marathon.TestValidatorRules" name="test_rule11_repeated_title_warns" time="0.000" /><testcase classname="tests.test_iter75_plan_a_marathon.TestValidatorRules" name="test_rule7_incomplete_content_error" time="0.000" /><testcase classname="tests.test_iter75_plan_a_marathon.TestEndpointSmoke" name="test_backend_alive" time="0.344" /><testcase classname="tests.test_iter75_plan_a_marathon.TestEndpointSmoke" name="test_login_louis" time="0.467" /><testcase classname="tests.test_iter75_plan_a_marathon.TestEndpointSmoke" name="test_programme_current_endpoint_reachable" time="0.058" /><testcase classname="tests.test_iter75_plan_a_marathon.TestEndpointSmoke" name="test_louishallpt_programme_current" time="0.133" /></testsuite></testsuites>