<?xml version="1.0" encoding="utf-8"?><testsuites name="pytest tests"><testsuite name="pytest" errors="0" failures="0" skipped="0" tests="7" time="4.168" timestamp="2026-09-02T16:25:15.626153+00:00" hostname="agent-env-d747f935-23a3-478a-b320-92d4e78ba06a"><testcase classname="tests.test_iter200_welcome_pill_and_notification_url.TestWelcomeForMe" name="test_case_A_none" time="0.773" /><testcase classname="tests.test_iter200_welcome_pill_and_notification_url.TestWelcomeForMe" name="test_case_B_welcome_only" time="0.098" /><testcase classname="tests.test_iter200_welcome_pill_and_notification_url.TestWelcomeForMe" name="test_case_C_welcome_and_weekly" time="0.096" /><testcase classname="tests.test_iter200_welcome_pill_and_notification_url.TestWelcomeForMe" name="test_case_D_weekly_viewed_long_ago" time="0.106" /><testcase classname="tests.test_iter200_welcome_pill_and_notification_url.TestWelcomeForMe" name="test_case_E_two_weeklies_returns_latest" time="0.218" /><testcase classname="tests.test_iter200_welcome_pill_and_notification_url.TestNotifyWeeklyVideoReadyActionURL" name="test_action_url_with_video_id" time="2.819" /><testcase classname="tests.test_iter200_welcome_pill_and_notification_url.TestNotifyWeeklyVideoReadyActionURL" name="test_action_url_without_video_id" time="0.025" /></testsuite></testsuites>