<?xml version="1.0" encoding="utf-8"?><testsuites name="pytest tests"><testsuite name="pytest" errors="0" failures="0" skipped="0" tests="18" time="5.860" timestamp="2026-07-10T18:12:48.121484+00:00" hostname="agent-env-d747f935-23a3-478a-b320-92d4e78ba06a"><testcase classname="backend.tests.test_launch_hardening.TestUserQuota" name="test_user_quota_returns_all_features" time="0.503" /><testcase classname="backend.tests.test_launch_hardening.TestUserQuota" name="test_user_quota_requires_auth" time="0.054" /><testcase classname="backend.tests.test_launch_hardening.TestAdminTelemetry" name="test_summary" time="0.325" /><testcase classname="backend.tests.test_launch_hardening.TestAdminTelemetry" name="test_daily" time="0.055" /><testcase classname="backend.tests.test_launch_hardening.TestAdminTelemetry" name="test_top_users" time="0.059" /><testcase classname="backend.tests.test_launch_hardening.TestAdminTelemetry" name="test_outliers" time="0.048" /><testcase classname="backend.tests.test_launch_hardening.TestAdminTelemetry" name="test_quotas" time="0.053" /><testcase classname="backend.tests.test_launch_hardening.TestAdminTelemetry" name="test_admin_endpoints_forbidden_for_client" time="0.251" /><testcase classname="backend.tests.test_launch_hardening.TestGDPR" name="test_export_returns_json_blob" time="3.641" /><testcase classname="backend.tests.test_launch_hardening.TestGDPR" name="test_delete_missing_confirmation_400" time="0.116" /><testcase classname="backend.tests.test_launch_hardening.TestGDPR" name="test_delete_and_cancel_flow" time="0.301" /><testcase classname="backend.tests.test_launch_hardening.TestCheckinMigration" name="test_status" time="0.055" /><testcase classname="backend.tests.test_launch_hardening.TestCheckinMigration" name="test_unify_dry_run_idempotent" time="0.049" /><testcase classname="backend.tests.test_launch_hardening.TestStorage" name="test_storage_status" time="0.051" /><testcase classname="backend.tests.test_launch_hardening.TestRegression" name="test_nutrition_today" time="0.051" /><testcase classname="backend.tests.test_launch_hardening.TestRegression" name="test_habits_mine" time="0.058" /><testcase classname="backend.tests.test_launch_hardening.TestRegression" name="test_notifications" time="0.051" /><testcase classname="backend.tests.test_launch_hardening.TestRegression" name="test_coach_clients" time="0.090" /></testsuite></testsuites>