<?xml version="1.0" encoding="utf-8"?><testsuites name="pytest tests"><testsuite name="pytest" errors="0" failures="0" skipped="0" tests="27" time="12.236" timestamp="2026-07-10T08:02:52.035654+00:00" hostname="agent-env-d747f935-23a3-478a-b320-92d4e78ba06a"><testcase classname="backend.tests.test_notifications_v1.TestSettingsDefaults" name="test_fresh_user_defaults" time="0.501" /><testcase classname="backend.tests.test_notifications_v1.TestSettingsDefaults" name="test_put_partial_merge" time="0.084" /><testcase classname="backend.tests.test_notifications_v1.TestSettingsDefaults" name="test_put_empty_body_400" time="0.041" /><testcase classname="backend.tests.test_notifications_v1.TestPermission" name="test_granted" time="0.126" /><testcase classname="backend.tests.test_notifications_v1.TestPermission" name="test_denied" time="0.042" /><testcase classname="backend.tests.test_notifications_v1.TestPermission" name="test_not_requested" time="0.043" /><testcase classname="backend.tests.test_notifications_v1.TestPermission" name="test_invalid_status_400" time="0.079" /><testcase classname="backend.tests.test_notifications_v1.TestListAndRead" name="test_list_and_unread_shape" time="0.124" /><testcase classname="backend.tests.test_notifications_v1.TestListAndRead" name="test_read_nonexistent_returns_404" time="0.305" /><testcase classname="backend.tests.test_notifications_v1.TestListAndRead" name="test_read_all_empty_returns_marked_int" time="0.043" /><testcase classname="backend.tests.test_notifications_v1.TestRoleGuards" name="test_anonymous_list_401" time="0.044" /><testcase classname="backend.tests.test_notifications_v1.TestRoleGuards" name="test_anonymous_settings_401" time="0.042" /><testcase classname="backend.tests.test_notifications_v1.TestRoleGuards" name="test_anonymous_permission_401" time="0.040" /><testcase classname="backend.tests.test_notifications_v1.TestHookWiring" name="test_generate_creates_coach_draft_ready" time="5.632" /><testcase classname="backend.tests.test_notifications_v1.TestHookWiring" name="test_second_generate_creates_second_notification_unique_dedupe" time="3.752" /><testcase classname="backend.tests.test_notifications_v1.TestHookWiring" name="test_approve_creates_client_coach_message_notification" time="0.179" /><testcase classname="backend.tests.test_notifications_v1.TestHookWiring" name="test_double_approve_400" time="0.042" /><testcase classname="backend.tests.test_notifications_v1.TestHookWiring" name="test_second_approve_creates_second_coach_message_unique_dedupe" time="0.095" /><testcase classname="backend.tests.test_notifications_v1.TestListFilters" name="test_sorted_desc_and_unread_only" time="0.085" /><testcase classname="backend.tests.test_notifications_v1.TestListFilters" name="test_mark_single_read_and_read_all" time="0.244" /><testcase classname="backend.tests.test_notifications_v1.TestRegression" name="test_habits_today" time="0.046" /><testcase classname="backend.tests.test_notifications_v1.TestRegression" name="test_habit_log" time="0.088" /><testcase classname="backend.tests.test_notifications_v1.TestRegression" name="test_coach_message_drafts" time="0.305" /><testcase classname="backend.tests.test_notifications_v1.TestRegression" name="test_coach_client_controls" time="0.049" /><testcase classname="backend.tests.test_notifications_v1.TestRegression" name="test_coach_change_log" time="0.042" /><testcase classname="backend.tests.test_notifications_v1.TestRegression" name="test_coach_client_habits" time="0.048" /><testcase classname="backend.tests.test_notifications_v1.TestRegression" name="test_habit_review_approve_404_for_bogus_id" time="0.050" /></testsuite></testsuites>