<?xml version="1.0" encoding="utf-8"?><testsuites name="pytest tests"><testsuite name="pytest" errors="0" failures="0" skipped="0" tests="18" time="3.697" timestamp="2026-07-10T15:05:21.559083+00:00" hostname="agent-env-d747f935-23a3-478a-b320-92d4e78ba06a"><testcase classname="backend.tests.test_nutrition_v1.TestTargets" name="test_targets_mine_returns_defaults" time="0.612" /><testcase classname="backend.tests.test_nutrition_v1.TestTargets" name="test_targets_upsert_clamps_below_floors" time="0.129" /><testcase classname="backend.tests.test_nutrition_v1.TestLogs" name="test_create_log_default_date_today" time="0.051" /><testcase classname="backend.tests.test_nutrition_v1.TestLogs" name="test_list_logs_days_7" time="0.056" /><testcase classname="backend.tests.test_nutrition_v1.TestLogs" name="test_patch_log" time="0.052" /><testcase classname="backend.tests.test_nutrition_v1.TestLogs" name="test_delete_other_user_log_404" time="0.467" /><testcase classname="backend.tests.test_nutrition_v1.TestLogs" name="test_delete_own_log" time="0.099" /><testcase classname="backend.tests.test_nutrition_v1.TestTodayAndSummary" name="test_today_endpoint" time="0.097" /><testcase classname="backend.tests.test_nutrition_v1.TestTodayAndSummary" name="test_week_summary" time="0.052" /><testcase classname="backend.tests.test_nutrition_v1.TestHydration" name="test_hydration_increment" time="0.147" /><testcase classname="backend.tests.test_nutrition_v1.TestHydration" name="test_hydration_decrement" time="0.099" /><testcase classname="backend.tests.test_nutrition_v1.TestFavourites" name="test_favourite_crud" time="0.156" /><testcase classname="backend.tests.test_nutrition_v1.TestAtlasTip" name="test_tip_cached" time="1.101" /><testcase classname="backend.tests.test_nutrition_v1.TestCoach" name="test_coach_clients_list" time="0.087" /><testcase classname="backend.tests.test_nutrition_v1.TestCoach" name="test_coach_client_detail" time="0.052" /><testcase classname="backend.tests.test_nutrition_v1.TestCoach" name="test_coach_patch_targets_clamps" time="0.103" /><testcase classname="backend.tests.test_nutrition_v1.TestCoach" name="test_coach_add_note" time="0.066" /><testcase classname="backend.tests.test_nutrition_v1.TestCoach" name="test_role_gating_client_forbidden" time="0.216" /></testsuite></testsuites>