<?xml version="1.0" encoding="utf-8"?><testsuites name="pytest tests"><testsuite name="pytest" errors="0" failures="1" skipped="0" tests="14" time="3.478" timestamp="2026-07-10T15:32:07.731893+00:00" hostname="agent-env-d747f935-23a3-478a-b320-92d4e78ba06a"><testcase classname="backend.tests.test_nutrition_barcode.TestBarcodeLookupAuth" name="test_lookup_requires_auth" time="0.258" /><testcase classname="backend.tests.test_nutrition_barcode.TestBarcodeLookupValidation" name="test_invalid_barcode_non_numeric" time="0.330" /><testcase classname="backend.tests.test_nutrition_barcode.TestBarcodeLookupValidation" name="test_invalid_barcode_too_short" time="0.047" /><testcase classname="backend.tests.test_nutrition_barcode.TestBarcodeLookupOFF" name="test_lookup_coke_found" time="0.055" /><testcase classname="backend.tests.test_nutrition_barcode.TestBarcodeLookupOFF" name="test_lookup_cached_second_call" time="0.098" /><testcase classname="backend.tests.test_nutrition_barcode.TestBarcodeLookupOFF" name="test_lookup_not_found" time="0.599" /><testcase classname="backend.tests.test_nutrition_barcode.TestBarcodeLookupOFF" name="test_lookup_not_found_negative_cache" time="0.796" /><testcase classname="backend.tests.test_nutrition_barcode.TestLogFromBarcode" name="test_log_from_barcode_success" time="0.112" /><testcase classname="backend.tests.test_nutrition_barcode.TestLogFromBarcode" name="test_log_from_barcode_bad_servings_negative" time="0.051" /><testcase classname="backend.tests.test_nutrition_barcode.TestLogFromBarcode" name="test_log_from_barcode_bad_servings_too_large" time="0.051" /><testcase classname="backend.tests.test_nutrition_barcode.TestLogFromBarcode" name="test_log_from_barcode_bad_barcode" time="0.052" /><testcase classname="backend.tests.test_nutrition_barcode.TestLogFromBarcode" name="test_log_from_barcode_unknown_product" time="0.407"><failure message="AssertionError: {&quot;log&quot;:{&quot;id&quot;:&quot;34adedf9-c12a-4b8e-98f4-e423e1d0329d&quot;,&quot;user_id&quot;:&quot;62f90680-313b-4fca-bc3f-9a19ac49065d&quot;,&quot;date_local&quot;:&quot;2026-07-10&quot;,&quot;meal_type&quot;:&quot;snack&quot;,&quot;food_name&quot;:&quot;Salatgurke&quot;,&quot;calories&quot;:0,&quot;protein_g&quot;:0.0,&quot;carbs_g&quot;:0.0,&quot;fats_g&quot;:0.0,&quot;portion&quot;:&quot;1.0x 100g&quot;,&quot;notes&quot;:null,&quot;source&quot;:&quot;barcode&quot;,&quot;barcode&quot;:&quot;9999999999999&quot;,&quot;location_context&quot;:null,&quot;roster_context&quot;:null,&quot;photo_url&quot;:&quot;https://images.openfoodfacts.org/images/products/999/999/999/9999/front_de.3.400.jpg&quot;,&quot;brand&quot;:&quot;TestMarke&quot;,&quot;created_at&quot;:&quot;2026-07-10T15:32:10.612417+00:00&quot;,&quot;updated_at&quot;:&quot;2026-07-10T15:32:10.612417+00:00&quot;},&quot;product&quot;:{&quot;source&quot;:&quot;open_food_facts&quot;,&quot;name&quot;:&quot;Salatgurke&quot;,&quot;brand&quot;:&quot;TestMarke&quot;,&quot;image_url&quot;:&quot;https://images.openfoodfacts.org/images/products/999/999/999/9999/front_de.3.400.jpg&quot;,&quot;calories&quot;:null,&quot;protein_g&quot;:null,&quot;carbs_g&quot;:null,&quot;fats_g&quot;:null,&quot;serving_size_g&quot;:100.0,&quot;serving_size_text&quot;:&quot;100g&quot;,&quot;ingredients&quot;:null,&quot;raw&quot;:null}}&#10;assert 200 == 404&#10; +  where 200 = &lt;Response [200]&gt;.status_code">backend/tests/test_nutrition_barcode.py:140: in test_log_from_barcode_unknown_product
    assert r.status_code == 404, r.text
E   AssertionError: {"log":{"id":"34adedf9-c12a-4b8e-98f4-e423e1d0329d","user_id":"62f90680-313b-4fca-bc3f-9a19ac49065d","date_local":"2026-07-10","meal_type":"snack","food_name":"Salatgurke","calories":0,"protein_g":0.0,"carbs_g":0.0,"fats_g":0.0,"portion":"1.0x 100g","notes":null,"source":"barcode","barcode":"9999999999999","location_context":null,"roster_context":null,"photo_url":"https://images.openfoodfacts.org/images/products/999/999/999/9999/front_de.3.400.jpg","brand":"TestMarke","created_at":"2026-07-10T15:32:10.612417+00:00","updated_at":"2026-07-10T15:32:10.612417+00:00"},"product":{"source":"open_food_facts","name":"Salatgurke","brand":"TestMarke","image_url":"https://images.openfoodfacts.org/images/products/999/999/999/9999/front_de.3.400.jpg","calories":null,"protein_g":null,"carbs_g":null,"fats_g":null,"serving_size_g":100.0,"serving_size_text":"100g","ingredients":null,"raw":null}}
E   assert 200 == 404
E    +  where 200 = &lt;Response [200]&gt;.status_code</failure></testcase><testcase classname="backend.tests.test_nutrition_barcode.TestFoodSearch" name="test_search_min_length_guard" time="0.049" /><testcase classname="backend.tests.test_nutrition_barcode.TestFoodSearch" name="test_search_valid_query" time="0.511" /></testsuite></testsuites>