<?xml version="1.0" encoding="utf-8"?><testsuites name="pytest tests"><testsuite name="pytest" errors="0" failures="0" skipped="1" tests="43" time="12.820" timestamp="2026-08-28T19:29:02.209412+00:00" hostname="agent-env-d747f935-23a3-478a-b320-92d4e78ba06a"><testcase classname="backend.tests.test_on_demand_library.TestAuthAndRoles" name="test_login_coach" time="0.377" /><testcase classname="backend.tests.test_on_demand_library.TestAuthAndRoles" name="test_login_client" time="0.456" /><testcase classname="backend.tests.test_on_demand_library.TestAuthAndRoles" name="test_client_forbidden_from_coach_endpoints" time="0.244" /><testcase classname="backend.tests.test_on_demand_library.TestCategories" name="test_list_categories_public" time="0.283" /><testcase classname="backend.tests.test_on_demand_library.TestCategories" name="test_create_category" time="0.205" /><testcase classname="backend.tests.test_on_demand_library.TestCategories" name="test_create_category_duplicate_variant_is_idempotent" time="0.314" /><testcase classname="backend.tests.test_on_demand_library.TestCategories" name="test_rename_category" time="0.216" /><testcase classname="backend.tests.test_on_demand_library.TestCategories" name="test_rename_missing_category_404" time="0.141" /><testcase classname="backend.tests.test_on_demand_library.TestTags" name="test_create_tag_and_idempotent" time="0.296" /><testcase classname="backend.tests.test_on_demand_library.TestTags" name="test_list_tags" time="0.155" /><testcase classname="backend.tests.test_on_demand_library.TestTags" name="test_rename_tag" time="0.126" /><testcase classname="backend.tests.test_on_demand_library.TestItemValidation" name="test_workout_requires_workout_json" time="0.174" /><testcase classname="backend.tests.test_on_demand_library.TestItemValidation" name="test_video_requires_media" time="0.136" /><testcase classname="backend.tests.test_on_demand_library.TestItemValidation" name="test_audio_requires_media" time="0.191" /><testcase classname="backend.tests.test_on_demand_library.TestItemValidation" name="test_invalid_content_type" time="0.125" /><testcase classname="backend.tests.test_on_demand_library.TestItemValidation" name="test_bad_category_id_returns_400" time="0.105" /><testcase classname="backend.tests.test_on_demand_library.TestItemValidation" name="test_bad_tag_ids_returns_400" time="0.135" /><testcase classname="backend.tests.test_on_demand_library.TestItemsHappyPath" name="test_create_workout_item" time="0.161" /><testcase classname="backend.tests.test_on_demand_library.TestItemsHappyPath" name="test_create_video_item" time="1.215" /><testcase classname="backend.tests.test_on_demand_library.TestItemsHappyPath" name="test_create_audio_item" time="0.552" /><testcase classname="backend.tests.test_on_demand_library.TestItemsHappyPath" name="test_coach_list_strips_workout_json" time="0.119" /><testcase classname="backend.tests.test_on_demand_library.TestItemsHappyPath" name="test_coach_list_filters" time="0.152" /><testcase classname="backend.tests.test_on_demand_library.TestItemsHappyPath" name="test_coach_get_item_detail_includes_workout_json" time="0.153" /><testcase classname="backend.tests.test_on_demand_library.TestItemPatch" name="test_partial_update_title" time="0.138" /><testcase classname="backend.tests.test_on_demand_library.TestItemPatch" name="test_content_type_immutable" time="0.104" /><testcase classname="backend.tests.test_on_demand_library.TestItemPatch" name="test_workout_json_ignored_on_non_workout" time="0.127" /><testcase classname="backend.tests.test_on_demand_library.TestItemPatch" name="test_workout_json_editable_on_workout" time="0.179" /><testcase classname="backend.tests.test_on_demand_library.TestItemPatch" name="test_replace_media" time="0.849" /><testcase classname="backend.tests.test_on_demand_library.TestPublish" name="test_publish_true" time="0.118" /><testcase classname="backend.tests.test_on_demand_library.TestPublish" name="test_publish_false" time="0.128" /><testcase classname="backend.tests.test_on_demand_library.TestPublish" name="test_publish_unknown_item_404" time="0.130" /><testcase classname="backend.tests.test_on_demand_library.TestPublicRead" name="test_client_cannot_see_unpublished" time="0.105" /><testcase classname="backend.tests.test_on_demand_library.TestPublicRead" name="test_coach_can_see_unpublished" time="0.118" /><testcase classname="backend.tests.test_on_demand_library.TestPublicRead" name="test_client_can_see_published" time="0.128" /><testcase classname="backend.tests.test_on_demand_library.TestPublicRead" name="test_media_url_workout_returns_400" time="0.109" /><testcase classname="backend.tests.test_on_demand_library.TestPublicRead" name="test_media_url_unpublished_hidden_from_client" time="0.394" /><testcase classname="backend.tests.test_on_demand_library.TestPublicRead" name="test_media_url_published_visible_to_client" time="0.272" /><testcase classname="backend.tests.test_on_demand_library.TestPublicRead" name="test_thumbnail_url" time="0.134" /><testcase classname="backend.tests.test_on_demand_library.TestPublicRead" name="test_item_without_media_returns_404_on_media_url" time="0.000"><skipped type="pytest.skip" message="Cannot construct non-workout item with no media via current API surface">/app/backend/tests/test_on_demand_library.py:562: Cannot construct non-workout item with no media via current API surface</skipped></testcase><testcase classname="backend.tests.test_on_demand_library.TestCategoryTagDeletionCascade" name="test_delete_category_clears_from_item" time="0.633" /><testcase classname="backend.tests.test_on_demand_library.TestCategoryTagDeletionCascade" name="test_delete_tag_pulls_from_items" time="0.543" /><testcase classname="backend.tests.test_on_demand_library.TestDeleteItem" name="test_delete_item" time="0.394" /><testcase classname="backend.tests.test_on_demand_library.TestDeleteItem" name="test_delete_missing_item" time="2.086" /></testsuite></testsuites>