<?xml version="1.0" encoding="utf-8"?><testsuites name="pytest tests"><testsuite name="pytest" errors="0" failures="0" skipped="0" tests="35" time="1.068" timestamp="2026-07-08T11:36:18.113892+00:00" hostname="agent-env-d747f935-23a3-478a-b320-92d4e78ba06a"><testcase classname="backend.tests.test_override_rules_engine.TestRulesMatrix" name="test_rest_variants[payload0-tags=sick]" time="0.263" /><testcase classname="backend.tests.test_override_rules_engine.TestRulesMatrix" name="test_rest_variants[payload1-day_type=sick]" time="0.012" /><testcase classname="backend.tests.test_override_rules_engine.TestRulesMatrix" name="test_rest_variants[payload2-tags=injured]" time="0.012" /><testcase classname="backend.tests.test_override_rules_engine.TestRulesMatrix" name="test_rest_variants[payload3-day_type=injury]" time="0.011" /><testcase classname="backend.tests.test_override_rules_engine.TestRulesMatrix" name="test_rest_variants[payload4-pref=rest]" time="0.013" /><testcase classname="backend.tests.test_override_rules_engine.TestRulesMatrix" name="test_off_variants[payload0-tags=annual_leave]" time="0.013" /><testcase classname="backend.tests.test_override_rules_engine.TestRulesMatrix" name="test_off_variants[payload1-day_type=annual_leave]" time="0.013" /><testcase classname="backend.tests.test_override_rules_engine.TestRulesMatrix" name="test_off_variants[payload2-tags=holiday]" time="0.013" /><testcase classname="backend.tests.test_override_rules_engine.TestRulesMatrix" name="test_off_variants[payload3-day_type=holiday]" time="0.012" /><testcase classname="backend.tests.test_override_rules_engine.TestRulesMatrix" name="test_off_variants[payload4-day_type=family]" time="0.013" /><testcase classname="backend.tests.test_override_rules_engine.TestRulesMatrix" name="test_mobility_variants[payload0-tags=poor_sleep]" time="0.013" /><testcase classname="backend.tests.test_override_rules_engine.TestRulesMatrix" name="test_mobility_variants[payload1-tags=need_rest]" time="0.013" /><testcase classname="backend.tests.test_override_rules_engine.TestRulesMatrix" name="test_mobility_variants[payload2-tags=high_stress]" time="0.012" /><testcase classname="backend.tests.test_override_rules_engine.TestRulesMatrix" name="test_mobility_variants[payload3-tags=family_commitment]" time="0.012" /><testcase classname="backend.tests.test_override_rules_engine.TestRulesMatrix" name="test_mobility_variants[payload4-tags=childcare]" time="0.012" /><testcase classname="backend.tests.test_override_rules_engine.TestRulesMatrix" name="test_mobility_variants[payload5-pref=mobility]" time="0.011" /><testcase classname="backend.tests.test_override_rules_engine.TestRulesMatrix" name="test_reduce_variants[payload0-pref=reduce]" time="0.011" /><testcase classname="backend.tests.test_override_rules_engine.TestRulesMatrix" name="test_reduce_variants[payload1-tags=limited_time]" time="0.011" /><testcase classname="backend.tests.test_override_rules_engine.TestRulesMatrix" name="test_reduce_variants[payload2-avail_min=15]" time="0.011" /><testcase classname="backend.tests.test_override_rules_engine.TestRulesMatrix" name="test_reduce_variants[payload3-avail_min=1]" time="0.011" /><testcase classname="backend.tests.test_override_rules_engine.TestRulesMatrix" name="test_reduce_variants[payload4-avail_min=20]" time="0.013" /><testcase classname="backend.tests.test_override_rules_engine.TestRulesMatrix" name="test_availability_zero_is_rest" time="0.013" /><testcase classname="backend.tests.test_override_rules_engine.TestRulesMatrix" name="test_location_only_variants[payload0-Hotel Gym]" time="0.014" /><testcase classname="backend.tests.test_override_rules_engine.TestRulesMatrix" name="test_location_only_variants[payload1-Hotel Room (Bodyweight)]" time="0.014" /><testcase classname="backend.tests.test_override_rules_engine.TestRulesMatrix" name="test_location_only_variants[payload2-Outdoor Run]" time="0.013" /><testcase classname="backend.tests.test_override_rules_engine.TestRulesMatrix" name="test_feeling_good_only_is_noop" time="0.012" /><testcase classname="backend.tests.test_override_rules_engine.TestRulesMatrix" name="test_no_triggers_is_noop" time="0.012" /><testcase classname="backend.tests.test_override_rules_engine.TestPrecedence" name="test_coach_locked_short_circuits" time="0.243" /><testcase classname="backend.tests.test_override_rules_engine.TestPrecedence" name="test_completed_workout_short_circuits" time="0.013" /><testcase classname="backend.tests.test_override_rules_engine.TestPrecedence" name="test_no_workout_on_date_no_crash" time="0.009" /><testcase classname="backend.tests.test_override_rules_engine.TestCoachVisibility" name="test_coach_calendar_reflects_override" time="0.029" /><testcase classname="backend.tests.test_override_rules_engine.TestCoachVisibility" name="test_coach_client_detail_includes_overrides_and_change_log" time="0.044" /><testcase classname="backend.tests.test_override_rules_engine.TestCoachVisibility" name="test_client_cannot_hit_coach_calendar" time="0.002" /><testcase classname="backend.tests.test_override_rules_engine.TestCoachVisibility" name="test_client_cannot_hit_coach_client_detail" time="0.002" /><testcase classname="backend.tests.test_override_rules_engine.TestResponseEnvelope" name="test_response_envelope_shape" time="0.013" /></testsuite></testsuites>