<?xml version="1.0" encoding="utf-8"?><testsuites name="pytest tests"><testsuite name="pytest" errors="0" failures="0" skipped="0" tests="11" time="4.779" timestamp="2026-07-12T21:17:15.567028+00:00" hostname="agent-env-d747f935-23a3-478a-b320-92d4e78ba06a"><testcase classname="tests.test_personal_activities.TestPresets" name="test_presets_requires_auth" time="0.465" /><testcase classname="tests.test_personal_activities.TestPresets" name="test_presets_shape_and_content" time="0.108" /><testcase classname="tests.test_personal_activities.TestCreateActivity" name="test_create_returns_atlas_suggestion_shape" time="0.114" /><testcase classname="tests.test_personal_activities.TestList" name="test_list_filters_by_date_range" time="0.331" /><testcase classname="tests.test_personal_activities.TestRecurrence" name="test_weekly_creates_thirteen_occurrences" time="0.206" /><testcase classname="tests.test_personal_activities.TestApplySuggestion" name="test_ask_coach_creates_coach_task_no_workout_touch" time="0.505" /><testcase classname="tests.test_personal_activities.TestApplySuggestion" name="test_reduce_workout_downgrades_same_day" time="0.534" /><testcase classname="tests.test_personal_activities.TestApplySuggestion" name="test_move_workout_moves_to_next_free_day" time="0.677" /><testcase classname="tests.test_personal_activities.TestCoachView" name="test_coach_can_read_client_activities_with_load" time="0.561" /><testcase classname="tests.test_personal_activities.TestSetupDay" name="test_status_shape_for_seeded_client" time="0.099" /><testcase classname="tests.test_personal_activities.TestSetupDay" name="test_coach_override_toggles" time="1.125" /></testsuite></testsuites>