<?xml version="1.0" encoding="utf-8"?><testsuites name="pytest tests"><testsuite name="pytest" errors="25" failures="1" skipped="0" tests="42" time="63.344" timestamp="2026-07-07T09:36:12.694831+00:00" hostname="agent-env-d747f935-23a3-478a-b320-92d4e78ba06a"><testcase classname="backend.tests.test_crewfit_api.TestHealth" name="test_root" time="15.127"><failure message="requests.exceptions.ReadTimeout: HTTPSConnectionPool(host='flight-fit-plans.preview.emergentagent.com', port=443): Read timed out. (read timeout=15)">E   TimeoutError: The read operation timed out

The above exception was the direct cause of the following exception:
E   urllib3.exceptions.ReadTimeoutError: HTTPSConnectionPool(host='flight-fit-plans.preview.emergentagent.com', port=443): Read timed out. (read timeout=15)

During handling of the above exception, another exception occurred:
E   requests.exceptions.ReadTimeout: HTTPSConnectionPool(host='flight-fit-plans.preview.emergentagent.com', port=443): Read timed out. (read timeout=15)</failure></testcase><testcase classname="backend.tests.test_crewfit_api.TestAuth" name="test_login_client" time="30.130"><error message="failed on setup with &quot;requests.exceptions.ReadTimeout: HTTPSConnectionPool(host='flight-fit-plans.preview.emergentagent.com', port=443): Read timed out. (read timeout=30)&quot;">E   TimeoutError: The read operation timed out

The above exception was the direct cause of the following exception:
E   urllib3.exceptions.ReadTimeoutError: HTTPSConnectionPool(host='flight-fit-plans.preview.emergentagent.com', port=443): Read timed out. (read timeout=30)

During handling of the above exception, another exception occurred:
E   requests.exceptions.ReadTimeout: HTTPSConnectionPool(host='flight-fit-plans.preview.emergentagent.com', port=443): Read timed out. (read timeout=30)</error></testcase><testcase classname="backend.tests.test_crewfit_api.TestAuth" name="test_login_coach" time="16.535" /><testcase classname="backend.tests.test_crewfit_api.TestAuth" name="test_me_client" time="0.000"><error message="failed on setup with &quot;requests.exceptions.ReadTimeout: HTTPSConnectionPool(host='flight-fit-plans.preview.emergentagent.com', port=443): Read timed out. (read timeout=30)&quot;">E   TimeoutError: The read operation timed out

The above exception was the direct cause of the following exception:
E   urllib3.exceptions.ReadTimeoutError: HTTPSConnectionPool(host='flight-fit-plans.preview.emergentagent.com', port=443): Read timed out. (read timeout=30)

During handling of the above exception, another exception occurred:
E   requests.exceptions.ReadTimeout: HTTPSConnectionPool(host='flight-fit-plans.preview.emergentagent.com', port=443): Read timed out. (read timeout=30)</error></testcase><testcase classname="backend.tests.test_crewfit_api.TestAuth" name="test_me_missing_token" time="0.095" /><testcase classname="backend.tests.test_crewfit_api.TestAuth" name="test_login_bad_pw" time="0.267" /><testcase classname="backend.tests.test_crewfit_api.TestAuth" name="test_signup_and_extended_onboarding" time="0.391" /><testcase classname="backend.tests.test_crewfit_api.TestRoster" name="test_previous_rosters_deactivated" time="0.000"><error message="failed on setup with &quot;requests.exceptions.ReadTimeout: HTTPSConnectionPool(host='flight-fit-plans.preview.emergentagent.com', port=443): Read timed out. (read timeout=30)&quot;">E   TimeoutError: The read operation timed out

The above exception was the direct cause of the following exception:
E   urllib3.exceptions.ReadTimeoutError: HTTPSConnectionPool(host='flight-fit-plans.preview.emergentagent.com', port=443): Read timed out. (read timeout=30)

During handling of the above exception, another exception occurred:
E   requests.exceptions.ReadTimeout: HTTPSConnectionPool(host='flight-fit-plans.preview.emergentagent.com', port=443): Read timed out. (read timeout=30)</error></testcase><testcase classname="backend.tests.test_crewfit_api.TestRoster" name="test_current_expiry" time="0.000"><error message="failed on setup with &quot;requests.exceptions.ReadTimeout: HTTPSConnectionPool(host='flight-fit-plans.preview.emergentagent.com', port=443): Read timed out. (read timeout=30)&quot;">E   TimeoutError: The read operation timed out

The above exception was the direct cause of the following exception:
E   urllib3.exceptions.ReadTimeoutError: HTTPSConnectionPool(host='flight-fit-plans.preview.emergentagent.com', port=443): Read timed out. (read timeout=30)

During handling of the above exception, another exception occurred:
E   requests.exceptions.ReadTimeout: HTTPSConnectionPool(host='flight-fit-plans.preview.emergentagent.com', port=443): Read timed out. (read timeout=30)</error></testcase><testcase classname="backend.tests.test_crewfit_api.TestRoster" name="test_confirm_rescores" time="0.000"><error message="failed on setup with &quot;requests.exceptions.ReadTimeout: HTTPSConnectionPool(host='flight-fit-plans.preview.emergentagent.com', port=443): Read timed out. (read timeout=30)&quot;">E   TimeoutError: The read operation timed out

The above exception was the direct cause of the following exception:
E   urllib3.exceptions.ReadTimeoutError: HTTPSConnectionPool(host='flight-fit-plans.preview.emergentagent.com', port=443): Read timed out. (read timeout=30)

During handling of the above exception, another exception occurred:
E   requests.exceptions.ReadTimeout: HTTPSConnectionPool(host='flight-fit-plans.preview.emergentagent.com', port=443): Read timed out. (read timeout=30)</error></testcase><testcase classname="backend.tests.test_crewfit_api.TestHotels" name="test_search_seeded" time="0.000"><error message="failed on setup with &quot;requests.exceptions.ReadTimeout: HTTPSConnectionPool(host='flight-fit-plans.preview.emergentagent.com', port=443): Read timed out. (read timeout=30)&quot;">E   TimeoutError: The read operation timed out

The above exception was the direct cause of the following exception:
E   urllib3.exceptions.ReadTimeoutError: HTTPSConnectionPool(host='flight-fit-plans.preview.emergentagent.com', port=443): Read timed out. (read timeout=30)

During handling of the above exception, another exception occurred:
E   requests.exceptions.ReadTimeout: HTTPSConnectionPool(host='flight-fit-plans.preview.emergentagent.com', port=443): Read timed out. (read timeout=30)</error></testcase><testcase classname="backend.tests.test_crewfit_api.TestHotels" name="test_upsert_increments" time="0.000"><error message="failed on setup with &quot;requests.exceptions.ReadTimeout: HTTPSConnectionPool(host='flight-fit-plans.preview.emergentagent.com', port=443): Read timed out. (read timeout=30)&quot;">E   TimeoutError: The read operation timed out

The above exception was the direct cause of the following exception:
E   urllib3.exceptions.ReadTimeoutError: HTTPSConnectionPool(host='flight-fit-plans.preview.emergentagent.com', port=443): Read timed out. (read timeout=30)

During handling of the above exception, another exception occurred:
E   requests.exceptions.ReadTimeout: HTTPSConnectionPool(host='flight-fit-plans.preview.emergentagent.com', port=443): Read timed out. (read timeout=30)</error></testcase><testcase classname="backend.tests.test_crewfit_api.TestHotels" name="test_attach_hotel_to_roster_day" time="0.000"><error message="failed on setup with &quot;requests.exceptions.ReadTimeout: HTTPSConnectionPool(host='flight-fit-plans.preview.emergentagent.com', port=443): Read timed out. (read timeout=30)&quot;">E   TimeoutError: The read operation timed out

The above exception was the direct cause of the following exception:
E   urllib3.exceptions.ReadTimeoutError: HTTPSConnectionPool(host='flight-fit-plans.preview.emergentagent.com', port=443): Read timed out. (read timeout=30)

During handling of the above exception, another exception occurred:
E   requests.exceptions.ReadTimeout: HTTPSConnectionPool(host='flight-fit-plans.preview.emergentagent.com', port=443): Read timed out. (read timeout=30)</error></testcase><testcase classname="backend.tests.test_crewfit_api.TestWorkouts" name="test_shape" time="0.000"><error message="failed on setup with &quot;requests.exceptions.ReadTimeout: HTTPSConnectionPool(host='flight-fit-plans.preview.emergentagent.com', port=443): Read timed out. (read timeout=30)&quot;">E   TimeoutError: The read operation timed out

The above exception was the direct cause of the following exception:
E   urllib3.exceptions.ReadTimeoutError: HTTPSConnectionPool(host='flight-fit-plans.preview.emergentagent.com', port=443): Read timed out. (read timeout=30)

During handling of the above exception, another exception occurred:
E   requests.exceptions.ReadTimeout: HTTPSConnectionPool(host='flight-fit-plans.preview.emergentagent.com', port=443): Read timed out. (read timeout=30)</error></testcase><testcase classname="backend.tests.test_crewfit_api.TestWorkouts" name="test_patch_coach_locked_and_location" time="0.000"><error message="failed on setup with &quot;requests.exceptions.ReadTimeout: HTTPSConnectionPool(host='flight-fit-plans.preview.emergentagent.com', port=443): Read timed out. (read timeout=30)&quot;">E   TimeoutError: The read operation timed out

The above exception was the direct cause of the following exception:
E   urllib3.exceptions.ReadTimeoutError: HTTPSConnectionPool(host='flight-fit-plans.preview.emergentagent.com', port=443): Read timed out. (read timeout=30)

During handling of the above exception, another exception occurred:
E   requests.exceptions.ReadTimeout: HTTPSConnectionPool(host='flight-fit-plans.preview.emergentagent.com', port=443): Read timed out. (read timeout=30)</error></testcase><testcase classname="backend.tests.test_crewfit_api.TestWorkouts" name="test_client_cannot_patch_other_workout" time="0.043" /><testcase classname="backend.tests.test_crewfit_api.TestWorkouts" name="test_regenerate_scope_dates_preserves_locked" time="0.000"><error message="failed on setup with &quot;requests.exceptions.ReadTimeout: HTTPSConnectionPool(host='flight-fit-plans.preview.emergentagent.com', port=443): Read timed out. (read timeout=30)&quot;">E   TimeoutError: The read operation timed out

The above exception was the direct cause of the following exception:
E   urllib3.exceptions.ReadTimeoutError: HTTPSConnectionPool(host='flight-fit-plans.preview.emergentagent.com', port=443): Read timed out. (read timeout=30)

During handling of the above exception, another exception occurred:
E   requests.exceptions.ReadTimeout: HTTPSConnectionPool(host='flight-fit-plans.preview.emergentagent.com', port=443): Read timed out. (read timeout=30)</error></testcase><testcase classname="backend.tests.test_crewfit_api.TestWorkouts" name="test_regenerate_week" time="0.000"><error message="failed on setup with &quot;requests.exceptions.ReadTimeout: HTTPSConnectionPool(host='flight-fit-plans.preview.emergentagent.com', port=443): Read timed out. (read timeout=30)&quot;">E   TimeoutError: The read operation timed out

The above exception was the direct cause of the following exception:
E   urllib3.exceptions.ReadTimeoutError: HTTPSConnectionPool(host='flight-fit-plans.preview.emergentagent.com', port=443): Read timed out. (read timeout=30)

During handling of the above exception, another exception occurred:
E   requests.exceptions.ReadTimeout: HTTPSConnectionPool(host='flight-fit-plans.preview.emergentagent.com', port=443): Read timed out. (read timeout=30)</error></testcase><testcase classname="backend.tests.test_crewfit_api.TestWorkouts" name="test_regenerate_no_scope_400" time="0.000"><error message="failed on setup with &quot;requests.exceptions.ReadTimeout: HTTPSConnectionPool(host='flight-fit-plans.preview.emergentagent.com', port=443): Read timed out. (read timeout=30)&quot;">E   TimeoutError: The read operation timed out

The above exception was the direct cause of the following exception:
E   urllib3.exceptions.ReadTimeoutError: HTTPSConnectionPool(host='flight-fit-plans.preview.emergentagent.com', port=443): Read timed out. (read timeout=30)

During handling of the above exception, another exception occurred:
E   requests.exceptions.ReadTimeout: HTTPSConnectionPool(host='flight-fit-plans.preview.emergentagent.com', port=443): Read timed out. (read timeout=30)</error></testcase><testcase classname="backend.tests.test_crewfit_api.TestWorkouts" name="test_complete_workout" time="0.000"><error message="failed on setup with &quot;requests.exceptions.ReadTimeout: HTTPSConnectionPool(host='flight-fit-plans.preview.emergentagent.com', port=443): Read timed out. (read timeout=30)&quot;">E   TimeoutError: The read operation timed out

The above exception was the direct cause of the following exception:
E   urllib3.exceptions.ReadTimeoutError: HTTPSConnectionPool(host='flight-fit-plans.preview.emergentagent.com', port=443): Read timed out. (read timeout=30)

During handling of the above exception, another exception occurred:
E   requests.exceptions.ReadTimeout: HTTPSConnectionPool(host='flight-fit-plans.preview.emergentagent.com', port=443): Read timed out. (read timeout=30)</error></testcase><testcase classname="backend.tests.test_crewfit_api.TestExercises" name="test_list" time="0.000"><error message="failed on setup with &quot;requests.exceptions.ReadTimeout: HTTPSConnectionPool(host='flight-fit-plans.preview.emergentagent.com', port=443): Read timed out. (read timeout=30)&quot;">E   TimeoutError: The read operation timed out

The above exception was the direct cause of the following exception:
E   urllib3.exceptions.ReadTimeoutError: HTTPSConnectionPool(host='flight-fit-plans.preview.emergentagent.com', port=443): Read timed out. (read timeout=30)

During handling of the above exception, another exception occurred:
E   requests.exceptions.ReadTimeout: HTTPSConnectionPool(host='flight-fit-plans.preview.emergentagent.com', port=443): Read timed out. (read timeout=30)</error></testcase><testcase classname="backend.tests.test_crewfit_api.TestExercises" name="test_client_forbidden_create" time="0.000"><error message="failed on setup with &quot;requests.exceptions.ReadTimeout: HTTPSConnectionPool(host='flight-fit-plans.preview.emergentagent.com', port=443): Read timed out. (read timeout=30)&quot;">E   TimeoutError: The read operation timed out

The above exception was the direct cause of the following exception:
E   urllib3.exceptions.ReadTimeoutError: HTTPSConnectionPool(host='flight-fit-plans.preview.emergentagent.com', port=443): Read timed out. (read timeout=30)

During handling of the above exception, another exception occurred:
E   requests.exceptions.ReadTimeout: HTTPSConnectionPool(host='flight-fit-plans.preview.emergentagent.com', port=443): Read timed out. (read timeout=30)</error></testcase><testcase classname="backend.tests.test_crewfit_api.TestExercises" name="test_coach_create_and_delete" time="0.091" /><testcase classname="backend.tests.test_crewfit_api.TestCheckins" name="test_create_and_list" time="0.000"><error message="failed on setup with &quot;requests.exceptions.ReadTimeout: HTTPSConnectionPool(host='flight-fit-plans.preview.emergentagent.com', port=443): Read timed out. (read timeout=30)&quot;">E   TimeoutError: The read operation timed out

The above exception was the direct cause of the following exception:
E   urllib3.exceptions.ReadTimeoutError: HTTPSConnectionPool(host='flight-fit-plans.preview.emergentagent.com', port=443): Read timed out. (read timeout=30)

During handling of the above exception, another exception occurred:
E   requests.exceptions.ReadTimeout: HTTPSConnectionPool(host='flight-fit-plans.preview.emergentagent.com', port=443): Read timed out. (read timeout=30)</error></testcase><testcase classname="backend.tests.test_crewfit_api.TestNutrition" name="test_meal_no_photo" time="0.000"><error message="failed on setup with &quot;requests.exceptions.ReadTimeout: HTTPSConnectionPool(host='flight-fit-plans.preview.emergentagent.com', port=443): Read timed out. (read timeout=30)&quot;">E   TimeoutError: The read operation timed out

The above exception was the direct cause of the following exception:
E   urllib3.exceptions.ReadTimeoutError: HTTPSConnectionPool(host='flight-fit-plans.preview.emergentagent.com', port=443): Read timed out. (read timeout=30)

During handling of the above exception, another exception occurred:
E   requests.exceptions.ReadTimeout: HTTPSConnectionPool(host='flight-fit-plans.preview.emergentagent.com', port=443): Read timed out. (read timeout=30)</error></testcase><testcase classname="backend.tests.test_crewfit_api.TestNutrition" name="test_list_and_summary" time="0.000"><error message="failed on setup with &quot;requests.exceptions.ReadTimeout: HTTPSConnectionPool(host='flight-fit-plans.preview.emergentagent.com', port=443): Read timed out. (read timeout=30)&quot;">E   TimeoutError: The read operation timed out

The above exception was the direct cause of the following exception:
E   urllib3.exceptions.ReadTimeoutError: HTTPSConnectionPool(host='flight-fit-plans.preview.emergentagent.com', port=443): Read timed out. (read timeout=30)

During handling of the above exception, another exception occurred:
E   requests.exceptions.ReadTimeout: HTTPSConnectionPool(host='flight-fit-plans.preview.emergentagent.com', port=443): Read timed out. (read timeout=30)</error></testcase><testcase classname="backend.tests.test_crewfit_api.TestProgress" name="test_create_and_list" time="0.000"><error message="failed on setup with &quot;requests.exceptions.ReadTimeout: HTTPSConnectionPool(host='flight-fit-plans.preview.emergentagent.com', port=443): Read timed out. (read timeout=30)&quot;">E   TimeoutError: The read operation timed out

The above exception was the direct cause of the following exception:
E   urllib3.exceptions.ReadTimeoutError: HTTPSConnectionPool(host='flight-fit-plans.preview.emergentagent.com', port=443): Read timed out. (read timeout=30)

During handling of the above exception, another exception occurred:
E   requests.exceptions.ReadTimeout: HTTPSConnectionPool(host='flight-fit-plans.preview.emergentagent.com', port=443): Read timed out. (read timeout=30)</error></testcase><testcase classname="backend.tests.test_crewfit_api.TestMessages" name="test_thread_and_partners" time="0.000"><error message="failed on setup with &quot;requests.exceptions.ReadTimeout: HTTPSConnectionPool(host='flight-fit-plans.preview.emergentagent.com', port=443): Read timed out. (read timeout=30)&quot;">E   TimeoutError: The read operation timed out

The above exception was the direct cause of the following exception:
E   urllib3.exceptions.ReadTimeoutError: HTTPSConnectionPool(host='flight-fit-plans.preview.emergentagent.com', port=443): Read timed out. (read timeout=30)

During handling of the above exception, another exception occurred:
E   requests.exceptions.ReadTimeout: HTTPSConnectionPool(host='flight-fit-plans.preview.emergentagent.com', port=443): Read timed out. (read timeout=30)</error></testcase><testcase classname="backend.tests.test_crewfit_api.TestCoach" name="test_clients_summary" time="0.053" /><testcase classname="backend.tests.test_crewfit_api.TestCoach" name="test_dashboard_all_and_counts" time="0.052" /><testcase classname="backend.tests.test_crewfit_api.TestCoach" name="test_dashboard_filters[expiring_soon]" time="0.048" /><testcase classname="backend.tests.test_crewfit_api.TestCoach" name="test_dashboard_filters[expired]" time="0.050" /><testcase classname="backend.tests.test_crewfit_api.TestCoach" name="test_dashboard_filters[no_roster]" time="0.053" /><testcase classname="backend.tests.test_crewfit_api.TestCoach" name="test_dashboard_filters[needs_confirmation]" time="0.047" /><testcase classname="backend.tests.test_crewfit_api.TestCoach" name="test_dashboard_filters[pending_approval]" time="0.048" /><testcase classname="backend.tests.test_crewfit_api.TestCoach" name="test_dashboard_filters[red_days]" time="0.051" /><testcase classname="backend.tests.test_crewfit_api.TestCoach" name="test_dashboard_filters[missed]" time="0.050" /><testcase classname="backend.tests.test_crewfit_api.TestCoach" name="test_dashboard_filters[all]" time="0.052" /><testcase classname="backend.tests.test_crewfit_api.TestCoach" name="test_dashboard_forbidden_for_client" time="0.000"><error message="failed on setup with &quot;requests.exceptions.ReadTimeout: HTTPSConnectionPool(host='flight-fit-plans.preview.emergentagent.com', port=443): Read timed out. (read timeout=30)&quot;">E   TimeoutError: The read operation timed out

The above exception was the direct cause of the following exception:
E   urllib3.exceptions.ReadTimeoutError: HTTPSConnectionPool(host='flight-fit-plans.preview.emergentagent.com', port=443): Read timed out. (read timeout=30)

During handling of the above exception, another exception occurred:
E   requests.exceptions.ReadTimeout: HTTPSConnectionPool(host='flight-fit-plans.preview.emergentagent.com', port=443): Read timed out. (read timeout=30)</error></testcase><testcase classname="backend.tests.test_crewfit_api.TestCoach" name="test_client_detail_with_history" time="0.000"><error message="failed on setup with &quot;requests.exceptions.ReadTimeout: HTTPSConnectionPool(host='flight-fit-plans.preview.emergentagent.com', port=443): Read timed out. (read timeout=30)&quot;">E   TimeoutError: The read operation timed out

The above exception was the direct cause of the following exception:
E   urllib3.exceptions.ReadTimeoutError: HTTPSConnectionPool(host='flight-fit-plans.preview.emergentagent.com', port=443): Read timed out. (read timeout=30)

During handling of the above exception, another exception occurred:
E   requests.exceptions.ReadTimeout: HTTPSConnectionPool(host='flight-fit-plans.preview.emergentagent.com', port=443): Read timed out. (read timeout=30)</error></testcase><testcase classname="backend.tests.test_crewfit_api.TestCoach" name="test_clients_forbidden_for_client" time="0.000"><error message="failed on setup with &quot;requests.exceptions.ReadTimeout: HTTPSConnectionPool(host='flight-fit-plans.preview.emergentagent.com', port=443): Read timed out. (read timeout=30)&quot;">E   TimeoutError: The read operation timed out

The above exception was the direct cause of the following exception:
E   urllib3.exceptions.ReadTimeoutError: HTTPSConnectionPool(host='flight-fit-plans.preview.emergentagent.com', port=443): Read timed out. (read timeout=30)

During handling of the above exception, another exception occurred:
E   requests.exceptions.ReadTimeout: HTTPSConnectionPool(host='flight-fit-plans.preview.emergentagent.com', port=443): Read timed out. (read timeout=30)</error></testcase><testcase classname="backend.tests.test_crewfit_api.TestPush" name="test_register_push_placeholder_key_still_201" time="0.000"><error message="failed on setup with &quot;requests.exceptions.ReadTimeout: HTTPSConnectionPool(host='flight-fit-plans.preview.emergentagent.com', port=443): Read timed out. (read timeout=30)&quot;">E   TimeoutError: The read operation timed out

The above exception was the direct cause of the following exception:
E   urllib3.exceptions.ReadTimeoutError: HTTPSConnectionPool(host='flight-fit-plans.preview.emergentagent.com', port=443): Read timed out. (read timeout=30)

During handling of the above exception, another exception occurred:
E   requests.exceptions.ReadTimeout: HTTPSConnectionPool(host='flight-fit-plans.preview.emergentagent.com', port=443): Read timed out. (read timeout=30)</error></testcase></testsuite></testsuites>