<?xml version="1.0" encoding="utf-8"?><testsuites name="pytest tests"><testsuite name="pytest" errors="0" failures="0" skipped="0" tests="117" time="248.238" timestamp="2026-07-07T10:49:45.227207+00:00" hostname="agent-env-d747f935-23a3-478a-b320-92d4e78ba06a"><testcase classname="backend.tests.test_crewfit_api.TestHealth" name="test_root" time="0.127" /><testcase classname="backend.tests.test_crewfit_api.TestAuth" name="test_login_client" time="0.266" /><testcase classname="backend.tests.test_crewfit_api.TestAuth" name="test_login_coach" time="0.267" /><testcase classname="backend.tests.test_crewfit_api.TestAuth" name="test_me_client" time="0.083" /><testcase classname="backend.tests.test_crewfit_api.TestAuth" name="test_me_missing_token" time="0.043" /><testcase classname="backend.tests.test_crewfit_api.TestAuth" name="test_login_bad_pw" time="0.302" /><testcase classname="backend.tests.test_crewfit_api.TestAuth" name="test_signup_and_extended_onboarding" time="0.442" /><testcase classname="backend.tests.test_crewfit_api.TestRoster" name="test_previous_rosters_deactivated" time="2.359" /><testcase classname="backend.tests.test_crewfit_api.TestRoster" name="test_current_expiry" time="0.041" /><testcase classname="backend.tests.test_crewfit_api.TestRoster" name="test_confirm_rescores" time="0.089" /><testcase classname="backend.tests.test_crewfit_api.TestHotels" name="test_search_seeded" time="0.126" /><testcase classname="backend.tests.test_crewfit_api.TestHotels" name="test_upsert_increments" time="0.044" /><testcase classname="backend.tests.test_crewfit_api.TestHotels" name="test_attach_hotel_to_roster_day" time="0.087" /><testcase classname="backend.tests.test_crewfit_api.TestWorkouts" name="test_shape" time="60.143" /><testcase classname="backend.tests.test_crewfit_api.TestWorkouts" name="test_patch_coach_locked_and_location" time="0.105" /><testcase classname="backend.tests.test_crewfit_api.TestWorkouts" name="test_client_cannot_patch_other_workout" time="0.045" /><testcase classname="backend.tests.test_crewfit_api.TestWorkouts" name="test_regenerate_scope_dates_preserves_locked" time="12.740" /><testcase classname="backend.tests.test_crewfit_api.TestWorkouts" name="test_regenerate_week" time="62.417" /><testcase classname="backend.tests.test_crewfit_api.TestWorkouts" name="test_regenerate_no_scope_400" time="0.116" /><testcase classname="backend.tests.test_crewfit_api.TestWorkouts" name="test_complete_workout" time="0.046" /><testcase classname="backend.tests.test_crewfit_api.TestExercises" name="test_list" time="0.042" /><testcase classname="backend.tests.test_crewfit_api.TestExercises" name="test_client_forbidden_create" time="0.040" /><testcase classname="backend.tests.test_crewfit_api.TestExercises" name="test_coach_create_and_delete" time="0.125" /><testcase classname="backend.tests.test_crewfit_api.TestCheckins" name="test_create_and_list" time="0.083" /><testcase classname="backend.tests.test_crewfit_api.TestNutrition" name="test_meal_no_photo" time="0.044" /><testcase classname="backend.tests.test_crewfit_api.TestNutrition" name="test_list_and_summary" time="0.308" /><testcase classname="backend.tests.test_crewfit_api.TestProgress" name="test_create_and_list" time="0.084" /><testcase classname="backend.tests.test_crewfit_api.TestMessages" name="test_thread_and_partners" time="0.334" /><testcase classname="backend.tests.test_crewfit_api.TestCoach" name="test_clients_summary" time="0.070" /><testcase classname="backend.tests.test_crewfit_api.TestCoach" name="test_dashboard_all_and_counts" time="0.065" /><testcase classname="backend.tests.test_crewfit_api.TestCoach" name="test_dashboard_filters[expiring_soon]" time="0.066" /><testcase classname="backend.tests.test_crewfit_api.TestCoach" name="test_dashboard_filters[expired]" time="0.069" /><testcase classname="backend.tests.test_crewfit_api.TestCoach" name="test_dashboard_filters[no_roster]" time="0.063" /><testcase classname="backend.tests.test_crewfit_api.TestCoach" name="test_dashboard_filters[needs_confirmation]" time="0.105" /><testcase classname="backend.tests.test_crewfit_api.TestCoach" name="test_dashboard_filters[pending_approval]" time="0.061" /><testcase classname="backend.tests.test_crewfit_api.TestCoach" name="test_dashboard_filters[red_days]" time="0.066" /><testcase classname="backend.tests.test_crewfit_api.TestCoach" name="test_dashboard_filters[missed]" time="0.062" /><testcase classname="backend.tests.test_crewfit_api.TestCoach" name="test_dashboard_filters[all]" time="0.066" /><testcase classname="backend.tests.test_crewfit_api.TestCoach" name="test_dashboard_forbidden_for_client" time="0.043" /><testcase classname="backend.tests.test_crewfit_api.TestCoach" name="test_client_detail_with_history" time="0.121" /><testcase classname="backend.tests.test_crewfit_api.TestCoach" name="test_clients_forbidden_for_client" time="0.042" /><testcase classname="backend.tests.test_crewfit_api.TestPush" name="test_register_push_placeholder_key_still_201" time="0.050" /><testcase classname="backend.tests.test_events.TestEventCRUD" name="test_client_create_event" time="0.043" /><testcase classname="backend.tests.test_events.TestEventCRUD" name="test_create_deactivates_previous_and_history_kept" time="0.212" /><testcase classname="backend.tests.test_events.TestEventCRUD" name="test_current_returns_active_with_phase_info" time="0.042" /><testcase classname="backend.tests.test_events.TestEventCRUD" name="test_patch_own_event" time="0.089" /><testcase classname="backend.tests.test_events.TestEventCRUD" name="test_client_cannot_patch_other_users_event" time="0.084" /><testcase classname="backend.tests.test_events.TestEventCRUD" name="test_delete_soft_deactivates" time="0.177" /><testcase classname="backend.tests.test_events.TestEventCRUD" name="test_client_cannot_delete_other_users_event" time="0.083" /><testcase classname="backend.tests.test_events.TestEventCoachOnBehalf" name="test_coach_creates_event_for_client" time="0.083" /><testcase classname="backend.tests.test_events.TestEventCoachOnBehalf" name="test_coach_get_client_event" time="0.042" /><testcase classname="backend.tests.test_events.TestEventCoachOnBehalf" name="test_coach_client_endpoint_requires_coach" time="0.083" /><testcase classname="backend.tests.test_events.TestEventCoachOnBehalf" name="test_coach_client_detail_includes_event" time="0.163" /><testcase classname="backend.tests.test_events.TestEventPhaseComputation" name="test_phase_branch[200-base]" time="0.127" /><testcase classname="backend.tests.test_events.TestEventPhaseComputation" name="test_phase_branch[70-build]" time="0.089" /><testcase classname="backend.tests.test_events.TestEventPhaseComputation" name="test_phase_branch[40-peak]" time="0.164" /><testcase classname="backend.tests.test_events.TestEventPhaseComputation" name="test_phase_branch[15-taper]" time="0.087" /><testcase classname="backend.tests.test_events.TestEventPhaseComputation" name="test_phase_branch[5-race_week]" time="0.086" /><testcase classname="backend.tests.test_events.TestEventPhaseComputation" name="test_phase_branch[-5-recovery]" time="0.128" /><testcase classname="backend.tests.test_events.TestEventPhaseComputation" name="test_phase_branch[-30-post]" time="0.165" /><testcase classname="backend.tests.test_events.TestWorkoutPatchEventFields" name="test_patch_key_session_and_event_phase" time="0.134" /><testcase classname="backend.tests.test_events.TestEventsNotFound" name="test_patch_missing_returns_404" time="0.043" /><testcase classname="backend.tests.test_events.TestEventsNotFound" name="test_delete_missing_returns_404" time="0.042" /><testcase classname="backend.tests.test_schedule_player.TestDailyHappened" name="test_invalid_tag_400" time="0.042" /><testcase classname="backend.tests.test_schedule_player.TestDailyHappened" name="test_valid_tag_upsert[flight_delayed]" time="0.084" /><testcase classname="backend.tests.test_schedule_player.TestDailyHappened" name="test_valid_tag_upsert[called_from_standby]" time="0.043" /><testcase classname="backend.tests.test_schedule_player.TestDailyHappened" name="test_valid_tag_upsert[slept_badly]" time="0.044" /><testcase classname="backend.tests.test_schedule_player.TestDailyHappened" name="test_valid_tag_upsert[less_time]" time="0.045" /><testcase classname="backend.tests.test_schedule_player.TestDailyHappened" name="test_valid_tag_upsert[hotel_changed]" time="0.043" /><testcase classname="backend.tests.test_schedule_player.TestDailyHappened" name="test_valid_tag_upsert[ill]" time="0.043" /><testcase classname="backend.tests.test_schedule_player.TestDailyHappened" name="test_valid_tag_upsert[workout_missed]" time="0.042" /><testcase classname="backend.tests.test_schedule_player.TestDailyHappened" name="test_valid_tag_upsert[family_plans]" time="0.042" /><testcase classname="backend.tests.test_schedule_player.TestDailyHappened" name="test_valid_tag_upsert[other]" time="0.042" /><testcase classname="backend.tests.test_schedule_player.TestDailyHappened" name="test_valid_tag_upsert[yes_as_planned]" time="0.042" /><testcase classname="backend.tests.test_schedule_player.TestDailyHappened" name="test_valid_tag_upsert[workout_completed]" time="0.061" /><testcase classname="backend.tests.test_schedule_player.TestDailyHappened" name="test_idempotent_same_user_same_date" time="0.132" /><testcase classname="backend.tests.test_schedule_player.TestDailyHappened" name="test_list_desc_by_date_scoped" time="0.044" /><testcase classname="backend.tests.test_schedule_player.TestDailyHappened" name="test_non_trigger_tags_dont_log_event" time="0.214" /><testcase classname="backend.tests.test_schedule_player.TestDailyHappened" name="test_trigger_tag_logs_event_with_change_type" time="0.126" /><testcase classname="backend.tests.test_schedule_player.TestDailyHappened" name="test_trigger_tag_minor_change_type" time="0.127" /><testcase classname="backend.tests.test_schedule_player.TestStandby" name="test_standby_on_off_persists_and_logs" time="0.360" /><testcase classname="backend.tests.test_schedule_player.TestSickness" name="test_sickness_on_off_persists_dict_and_logs_moderate" time="0.253" /><testcase classname="backend.tests.test_schedule_player.TestHoliday" name="test_holiday_on_off_persists_dict" time="0.210" /><testcase classname="backend.tests.test_schedule_player.TestScheduleEventsList" name="test_list_desc_and_scoped" time="0.083" /><testcase classname="backend.tests.test_schedule_player.TestSmartReplan" name="test_no_active_roster_400" time="0.004" /><testcase classname="backend.tests.test_schedule_player.TestSmartReplan" name="test_active_roster_replans_specific_dates" time="18.815" /><testcase classname="backend.tests.test_schedule_player.TestPlayerPref" name="test_valid_player_persists[free]" time="0.049" /><testcase classname="backend.tests.test_schedule_player.TestPlayerPref" name="test_valid_player_persists[guided_strength]" time="0.045" /><testcase classname="backend.tests.test_schedule_player.TestPlayerPref" name="test_valid_player_persists[guided_timer]" time="0.085" /><testcase classname="backend.tests.test_schedule_player.TestPlayerPref" name="test_valid_player_persists[auto]" time="0.045" /><testcase classname="backend.tests.test_schedule_player.TestPlayerPref" name="test_invalid_player_400" time="0.047" /><testcase classname="backend.tests.test_schedule_player.TestPlayerPref" name="test_player_pref_works_for_coach" time="0.042" /><testcase classname="backend.tests.test_schedule_player.TestWorkoutPlayer" name="test_valid_player_updates_workout" time="0.150" /><testcase classname="backend.tests.test_schedule_player.TestWorkoutPlayer" name="test_invalid_player_value_400" time="0.041" /><testcase classname="backend.tests.test_schedule_player.TestWorkoutPlayer" name="test_client_cannot_patch_someone_elses_workout" time="0.346" /><testcase classname="backend.tests.test_scripts_video.TestExerciseVideo" name="test_client_forbidden_patch_video" time="0.087" /><testcase classname="backend.tests.test_scripts_video.TestExerciseVideo" name="test_patch_youtube_video_sets_fields" time="0.046" /><testcase classname="backend.tests.test_scripts_video.TestExerciseVideo" name="test_video_suggestion_youtube" time="0.043" /><testcase classname="backend.tests.test_scripts_video.TestExerciseVideo" name="test_patch_coach_video_overrides" time="0.083" /><testcase classname="backend.tests.test_scripts_video.TestExerciseVideo" name="test_video_suggestion_coach_takes_precedence" time="0.085" /><testcase classname="backend.tests.test_scripts_video.TestExerciseVideo" name="test_video_suggestion_search_fallback" time="0.086" /><testcase classname="backend.tests.test_scripts_video.TestExerciseVideo" name="test_video_suggestion_404" time="0.044" /><testcase classname="backend.tests.test_scripts_video.TestCoachStyle" name="test_client_forbidden" time="0.043" /><testcase classname="backend.tests.test_scripts_video.TestCoachStyle" name="test_invalid_style_400" time="0.042" /><testcase classname="backend.tests.test_scripts_video.TestCoachStyle" name="test_valid_style_persists" time="0.468" /><testcase classname="backend.tests.test_scripts_video.TestCheckinQuestions" name="test_questions_shape" time="9.827" /><testcase classname="backend.tests.test_scripts_video.TestAdaptiveCheckin" name="test_adaptive_submit_and_kickoff" time="18.404" /><testcase classname="backend.tests.test_scripts_video.TestCoachScripts" name="test_generate_shape" time="16.905" /><testcase classname="backend.tests.test_scripts_video.TestCoachScripts" name="test_generate_style_default_when_unspecified" time="18.919" /><testcase classname="backend.tests.test_scripts_video.TestCoachScripts" name="test_generate_style_invalid_falls_back_to_friendly" time="16.785" /><testcase classname="backend.tests.test_scripts_video.TestCoachScripts" name="test_list_coach_only" time="0.080" /><testcase classname="backend.tests.test_scripts_video.TestCoachScripts" name="test_list_desc_and_scoped" time="0.049" /><testcase classname="backend.tests.test_scripts_video.TestCoachScripts" name="test_get_single_coach_only" time="0.047" /><testcase classname="backend.tests.test_scripts_video.TestCoachScripts" name="test_get_single_ok" time="0.047" /><testcase classname="backend.tests.test_scripts_video.TestCoachScripts" name="test_get_single_404_wrong_id" time="0.046" /><testcase classname="backend.tests.test_scripts_video.TestCoachScripts" name="test_patch_records_edit_history" time="0.052" /><testcase classname="backend.tests.test_scripts_video.TestCoachScripts" name="test_patch_approve_sets_sent_at" time="0.109" /></testsuite></testsuites>