<?xml version="1.0" encoding="utf-8"?><testsuites name="pytest tests"><testsuite name="pytest" errors="0" failures="0" skipped="0" tests="38" time="424.302" timestamp="2026-07-08T12:04:31.043707+00:00" hostname="agent-env-d747f935-23a3-478a-b320-92d4e78ba06a"><testcase classname="backend.tests.test_reality_engine.TestRealityKinds" name="test_kinds_returns_17" time="0.231" /><testcase classname="backend.tests.test_reality_engine.TestSubmitAllKinds" name="test_submit_kind[exhausted]" time="16.709" /><testcase classname="backend.tests.test_reality_engine.TestSubmitAllKinds" name="test_submit_kind[flight_delayed]" time="14.985" /><testcase classname="backend.tests.test_reality_engine.TestSubmitAllKinds" name="test_submit_kind[roster_changed]" time="16.121" /><testcase classname="backend.tests.test_reality_engine.TestSubmitAllKinds" name="test_submit_kind[hotel_changed]" time="13.544" /><testcase classname="backend.tests.test_reality_engine.TestSubmitAllKinds" name="test_submit_kind[no_gym]" time="14.214" /><testcase classname="backend.tests.test_reality_engine.TestSubmitAllKinds" name="test_submit_kind[feeling_amazing]" time="15.683" /><testcase classname="backend.tests.test_reality_engine.TestSubmitAllKinds" name="test_submit_kind[less_time]" time="14.646" /><testcase classname="backend.tests.test_reality_engine.TestSubmitAllKinds" name="test_submit_kind[more_time]" time="12.679" /><testcase classname="backend.tests.test_reality_engine.TestSubmitAllKinds" name="test_submit_kind[family_commitments]" time="13.120" /><testcase classname="backend.tests.test_reality_engine.TestSubmitAllKinds" name="test_submit_kind[annual_leave]" time="15.399" /><testcase classname="backend.tests.test_reality_engine.TestSubmitAllKinds" name="test_submit_kind[feeling_ill]" time="15.402" /><testcase classname="backend.tests.test_reality_engine.TestSubmitAllKinds" name="test_submit_kind[injured]" time="18.807" /><testcase classname="backend.tests.test_reality_engine.TestSubmitAllKinds" name="test_submit_kind[travelling]" time="14.449" /><testcase classname="backend.tests.test_reality_engine.TestSubmitAllKinds" name="test_submit_kind[bad_weather]" time="17.187" /><testcase classname="backend.tests.test_reality_engine.TestSubmitAllKinds" name="test_submit_kind[missed_yesterday]" time="18.538" /><testcase classname="backend.tests.test_reality_engine.TestSubmitAllKinds" name="test_submit_kind[want_to_move]" time="0.247" /><testcase classname="backend.tests.test_reality_engine.TestSubmitAllKinds" name="test_submit_kind[other]" time="13.129" /><testcase classname="backend.tests.test_reality_engine.TestSubmitValidation" name="test_invalid_kind_400" time="0.003" /><testcase classname="backend.tests.test_reality_engine.TestApplyOptionA" name="test_apply_A_records_history" time="14.417" /><testcase classname="backend.tests.test_reality_engine.TestApplyOptionC" name="test_apply_C_routes_to_coach" time="13.586" /><testcase classname="backend.tests.test_reality_engine.TestApplyIdempotency" name="test_apply_twice_400" time="15.390" /><testcase classname="backend.tests.test_reality_engine.TestApplyNotFound" name="test_apply_nonexistent_404" time="0.002" /><testcase classname="backend.tests.test_reality_engine.TestPrecedence" name="test_coach_locked_workout_untouched" time="23.679" /><testcase classname="backend.tests.test_reality_engine.TestPrecedence" name="test_completed_workout_untouched" time="12.929" /><testcase classname="backend.tests.test_reality_engine.TestCoachAlertVisibility" name="test_reality_applied_shows_in_roster_alerts" time="18.108" /><testcase classname="backend.tests.test_reality_engine.TestCoachPending" name="test_pending_after_ask_coach" time="20.762" /><testcase classname="backend.tests.test_reality_engine.TestCoachDecision" name="test_approve_A" time="13.763" /><testcase classname="backend.tests.test_reality_engine.TestCoachMode" name="test_set_and_get_mode" time="0.006" /><testcase classname="backend.tests.test_reality_engine.TestCoachMode" name="test_invalid_mode_400" time="0.002" /><testcase classname="backend.tests.test_reality_engine.TestStrictModeLocked" name="test_strict_locked_routes_to_ask_coach" time="16.293" /><testcase classname="backend.tests.test_reality_engine.TestRoleGating" name="test_client_cannot_hit_coach_pending" time="0.002" /><testcase classname="backend.tests.test_reality_engine.TestRoleGating" name="test_client_cannot_hit_coach_decision" time="0.002" /><testcase classname="backend.tests.test_reality_engine.TestRoleGating" name="test_client_cannot_set_coach_mode" time="0.002" /><testcase classname="backend.tests.test_reality_engine.TestRoleGating" name="test_client_cannot_get_coach_settings" time="0.002" /><testcase classname="backend.tests.test_reality_engine.TestFetchById" name="test_client_can_fetch_own" time="14.300" /><testcase classname="backend.tests.test_reality_engine.TestFetchById" name="test_coach_can_fetch_any" time="15.630" /><testcase classname="backend.tests.test_reality_engine.TestFetchById" name="test_other_client_cannot_fetch" time="0.232" /></testsuite></testsuites>