<?xml version="1.0" encoding="utf-8"?><testsuites name="pytest tests"><testsuite name="pytest" errors="0" failures="0" skipped="0" tests="32" time="22.096" timestamp="2026-07-07T10:49:17.462803+00:00" hostname="agent-env-d747f935-23a3-478a-b320-92d4e78ba06a"><testcase classname="backend.tests.test_schedule_player.TestDailyHappened" name="test_invalid_tag_400" time="0.526" /><testcase classname="backend.tests.test_schedule_player.TestDailyHappened" name="test_valid_tag_upsert[flight_delayed]" time="0.066" /><testcase classname="backend.tests.test_schedule_player.TestDailyHappened" name="test_valid_tag_upsert[called_from_standby]" time="0.083" /><testcase classname="backend.tests.test_schedule_player.TestDailyHappened" name="test_valid_tag_upsert[slept_badly]" time="0.092" /><testcase classname="backend.tests.test_schedule_player.TestDailyHappened" name="test_valid_tag_upsert[less_time]" time="0.042" /><testcase classname="backend.tests.test_schedule_player.TestDailyHappened" name="test_valid_tag_upsert[hotel_changed]" time="0.044" /><testcase classname="backend.tests.test_schedule_player.TestDailyHappened" name="test_valid_tag_upsert[ill]" time="0.044" /><testcase classname="backend.tests.test_schedule_player.TestDailyHappened" name="test_valid_tag_upsert[workout_missed]" time="0.082" /><testcase classname="backend.tests.test_schedule_player.TestDailyHappened" name="test_valid_tag_upsert[family_plans]" time="0.044" /><testcase classname="backend.tests.test_schedule_player.TestDailyHappened" name="test_valid_tag_upsert[other]" time="0.043" /><testcase classname="backend.tests.test_schedule_player.TestDailyHappened" name="test_valid_tag_upsert[yes_as_planned]" time="0.043" /><testcase classname="backend.tests.test_schedule_player.TestDailyHappened" name="test_valid_tag_upsert[workout_completed]" time="0.042" /><testcase classname="backend.tests.test_schedule_player.TestDailyHappened" name="test_idempotent_same_user_same_date" time="0.163" /><testcase classname="backend.tests.test_schedule_player.TestDailyHappened" name="test_list_desc_by_date_scoped" time="0.040" /><testcase classname="backend.tests.test_schedule_player.TestDailyHappened" name="test_non_trigger_tags_dont_log_event" time="0.205" /><testcase classname="backend.tests.test_schedule_player.TestDailyHappened" name="test_trigger_tag_logs_event_with_change_type" time="0.082" /><testcase classname="backend.tests.test_schedule_player.TestDailyHappened" name="test_trigger_tag_minor_change_type" time="0.102" /><testcase classname="backend.tests.test_schedule_player.TestStandby" name="test_standby_on_off_persists_and_logs" time="0.284" /><testcase classname="backend.tests.test_schedule_player.TestSickness" name="test_sickness_on_off_persists_dict_and_logs_moderate" time="0.251" /><testcase classname="backend.tests.test_schedule_player.TestHoliday" name="test_holiday_on_off_persists_dict" time="0.168" /><testcase classname="backend.tests.test_schedule_player.TestScheduleEventsList" name="test_list_desc_and_scoped" time="0.386" /><testcase classname="backend.tests.test_schedule_player.TestSmartReplan" name="test_no_active_roster_400" time="0.003" /><testcase classname="backend.tests.test_schedule_player.TestSmartReplan" name="test_active_roster_replans_specific_dates" time="18.366" /><testcase classname="backend.tests.test_schedule_player.TestPlayerPref" name="test_valid_player_persists[free]" time="0.044" /><testcase classname="backend.tests.test_schedule_player.TestPlayerPref" name="test_valid_player_persists[guided_strength]" time="0.045" /><testcase classname="backend.tests.test_schedule_player.TestPlayerPref" name="test_valid_player_persists[guided_timer]" time="0.045" /><testcase classname="backend.tests.test_schedule_player.TestPlayerPref" name="test_valid_player_persists[auto]" time="0.042" /><testcase classname="backend.tests.test_schedule_player.TestPlayerPref" name="test_invalid_player_400" time="0.044" /><testcase classname="backend.tests.test_schedule_player.TestPlayerPref" name="test_player_pref_works_for_coach" time="0.044" /><testcase classname="backend.tests.test_schedule_player.TestWorkoutPlayer" name="test_valid_player_updates_workout" time="0.169" /><testcase classname="backend.tests.test_schedule_player.TestWorkoutPlayer" name="test_invalid_player_value_400" time="0.043" /><testcase classname="backend.tests.test_schedule_player.TestWorkoutPlayer" name="test_client_cannot_patch_someone_elses_workout" time="0.346" /></testsuite></testsuites>