<?xml version="1.0" encoding="utf-8"?><testsuites name="pytest tests"><testsuite name="pytest" errors="0" failures="0" skipped="0" tests="22" time="81.054" timestamp="2026-07-07T10:33:02.016992+00:00" hostname="agent-env-d747f935-23a3-478a-b320-92d4e78ba06a"><testcase classname="backend.tests.test_scripts_video.TestExerciseVideo" name="test_client_forbidden_patch_video" time="0.825" /><testcase classname="backend.tests.test_scripts_video.TestExerciseVideo" name="test_patch_youtube_video_sets_fields" time="0.047" /><testcase classname="backend.tests.test_scripts_video.TestExerciseVideo" name="test_video_suggestion_youtube" time="0.050" /><testcase classname="backend.tests.test_scripts_video.TestExerciseVideo" name="test_patch_coach_video_overrides" time="0.048" /><testcase classname="backend.tests.test_scripts_video.TestExerciseVideo" name="test_video_suggestion_coach_takes_precedence" time="0.043" /><testcase classname="backend.tests.test_scripts_video.TestExerciseVideo" name="test_video_suggestion_search_fallback" time="0.093" /><testcase classname="backend.tests.test_scripts_video.TestExerciseVideo" name="test_video_suggestion_404" time="0.045" /><testcase classname="backend.tests.test_scripts_video.TestCoachStyle" name="test_client_forbidden" time="0.047" /><testcase classname="backend.tests.test_scripts_video.TestCoachStyle" name="test_invalid_style_400" time="0.046" /><testcase classname="backend.tests.test_scripts_video.TestCoachStyle" name="test_valid_style_persists" time="0.382" /><testcase classname="backend.tests.test_scripts_video.TestCheckinQuestions" name="test_questions_shape" time="9.850" /><testcase classname="backend.tests.test_scripts_video.TestAdaptiveCheckin" name="test_adaptive_submit_and_kickoff" time="18.462" /><testcase classname="backend.tests.test_scripts_video.TestCoachScripts" name="test_generate_shape" time="17.457" /><testcase classname="backend.tests.test_scripts_video.TestCoachScripts" name="test_generate_style_default_when_unspecified" time="17.073" /><testcase classname="backend.tests.test_scripts_video.TestCoachScripts" name="test_generate_style_invalid_falls_back_to_friendly" time="16.023" /><testcase classname="backend.tests.test_scripts_video.TestCoachScripts" name="test_list_coach_only" time="0.110" /><testcase classname="backend.tests.test_scripts_video.TestCoachScripts" name="test_list_desc_and_scoped" time="0.049" /><testcase classname="backend.tests.test_scripts_video.TestCoachScripts" name="test_get_single_coach_only" time="0.049" /><testcase classname="backend.tests.test_scripts_video.TestCoachScripts" name="test_get_single_ok" time="0.056" /><testcase classname="backend.tests.test_scripts_video.TestCoachScripts" name="test_get_single_404_wrong_id" time="0.045" /><testcase classname="backend.tests.test_scripts_video.TestCoachScripts" name="test_patch_records_edit_history" time="0.051" /><testcase classname="backend.tests.test_scripts_video.TestCoachScripts" name="test_patch_approve_sets_sent_at" time="0.138" /></testsuite></testsuites>