<?xml version="1.0" encoding="utf-8"?><testsuites name="pytest tests"><testsuite name="pytest" errors="0" failures="0" skipped="0" tests="30" time="12.244" timestamp="2026-07-10T11:35:39.115905+00:00" hostname="agent-env-d747f935-23a3-478a-b320-92d4e78ba06a"><testcase classname="backend.tests.test_social_subtitles.TestGenerateAndPoll" name="test_generate_kicks_off_pending_job" time="0.748" /><testcase classname="backend.tests.test_social_subtitles.TestGenerateAndPoll" name="test_generate_idempotent_while_pending" time="0.178" /><testcase classname="backend.tests.test_social_subtitles.TestGenerateAndPoll" name="test_poll_until_ready_with_segments_srt_vtt" time="1.589" /><testcase classname="backend.tests.test_social_subtitles.TestGenerateAndPoll" name="test_sidecar_files_on_disk" time="0.046" /><testcase classname="backend.tests.test_social_subtitles.TestSubtitleByAsset" name="test_get_by_asset_returns_latest" time="0.043" /><testcase classname="backend.tests.test_social_subtitles.TestSubtitleByAsset" name="test_get_by_asset_null_when_none" time="0.174" /><testcase classname="backend.tests.test_social_subtitles.TestDownload" name="test_download_srt_header_auth" time="0.044" /><testcase classname="backend.tests.test_social_subtitles.TestDownload" name="test_download_vtt_header_auth" time="0.054" /><testcase classname="backend.tests.test_social_subtitles.TestDownload" name="test_download_srt_query_token_auth" time="0.056" /><testcase classname="backend.tests.test_social_subtitles.TestDownload" name="test_download_vtt_query_token_auth" time="0.047" /><testcase classname="backend.tests.test_social_subtitles.TestDownload" name="test_download_invalid_fmt" time="0.043" /><testcase classname="backend.tests.test_social_subtitles.TestPatch" name="test_patch_rebuilds_srt_vtt_and_flips_status" time="0.044" /><testcase classname="backend.tests.test_social_subtitles.TestBurn" name="test_burn_kickoff_and_ready" time="2.170" /><testcase classname="backend.tests.test_social_subtitles.TestBurn" name="test_burn_stream_header_auth" time="0.047" /><testcase classname="backend.tests.test_social_subtitles.TestBurn" name="test_burn_stream_query_token_auth" time="0.041" /><testcase classname="backend.tests.test_social_subtitles.TestBurn" name="test_burn_stream_404_when_no_burn" time="1.892" /><testcase classname="backend.tests.test_social_subtitles.TestBurn" name="test_burn_400_when_status_invalid" time="1.807" /><testcase classname="backend.tests.test_social_subtitles.TestBurnWithoutPatch" name="test_burn_ready_state_after_generate" time="2.251" /><testcase classname="backend.tests.test_social_subtitles.TestClientRoleGating" name="test_client_generate_forbidden" time="0.324" /><testcase classname="backend.tests.test_social_subtitles.TestClientRoleGating" name="test_client_get_subtitle_forbidden" time="0.040" /><testcase classname="backend.tests.test_social_subtitles.TestClientRoleGating" name="test_client_get_by_asset_forbidden" time="0.052" /><testcase classname="backend.tests.test_social_subtitles.TestClientRoleGating" name="test_client_patch_forbidden" time="0.042" /><testcase classname="backend.tests.test_social_subtitles.TestClientRoleGating" name="test_client_burn_forbidden" time="0.044" /><testcase classname="backend.tests.test_social_subtitles.TestClientRoleGating" name="test_client_download_header_auth_forbidden" time="0.041" /><testcase classname="backend.tests.test_social_subtitles.TestClientRoleGating" name="test_client_download_query_token_forbidden" time="0.081" /><testcase classname="backend.tests.test_social_subtitles.TestClientRoleGating" name="test_client_burned_stream_header_forbidden" time="0.066" /><testcase classname="backend.tests.test_social_subtitles.TestClientRoleGating" name="test_client_burned_stream_query_token_forbidden" time="0.040" /><testcase classname="backend.tests.test_social_subtitles.TestRegressionAssets" name="test_asset_detail" time="0.041" /><testcase classname="backend.tests.test_social_subtitles.TestRegressionAssets" name="test_asset_list" time="0.083" /><testcase classname="backend.tests.test_social_subtitles.TestRegressionAssets" name="test_asset_stream_header_auth" time="0.044" /></testsuite></testsuites>