<?xml version="1.0" encoding="utf-8"?><testsuites name="pytest tests"><testsuite name="pytest" errors="0" failures="0" skipped="0" tests="31" time="239.416" timestamp="2026-07-10T10:52:16.242247+00:00" hostname="agent-env-d747f935-23a3-478a-b320-92d4e78ba06a"><testcase classname="backend.tests.test_social_studio.TestRoleGuard" name="test_settings_client_forbidden" time="0.500" /><testcase classname="backend.tests.test_social_studio.TestRoleGuard" name="test_settings_coach_ok" time="0.305" /><testcase classname="backend.tests.test_social_studio.TestGenerate" name="test_generate_returns_valid_shape" time="21.819" /><testcase classname="backend.tests.test_social_studio.TestPostCRUD" name="test_create_post" time="0.051" /><testcase classname="backend.tests.test_social_studio.TestPostCRUD" name="test_list_posts" time="0.043" /><testcase classname="backend.tests.test_social_studio.TestPostCRUD" name="test_list_filters_by_status" time="0.043" /><testcase classname="backend.tests.test_social_studio.TestPostCRUD" name="test_list_filters_by_platform" time="0.048" /><testcase classname="backend.tests.test_social_studio.TestPostCRUD" name="test_get_post_detail" time="0.043" /><testcase classname="backend.tests.test_social_studio.TestPostCRUD" name="test_patch_post" time="0.042" /><testcase classname="backend.tests.test_social_studio.TestPostCRUD" name="test_patch_post_invalid_status" time="0.043" /><testcase classname="backend.tests.test_social_studio.TestRegenerate" name="test_regenerate_shorter" time="11.184" /><testcase classname="backend.tests.test_social_studio.TestRegenerate" name="test_regenerate_hook_only" time="3.959" /><testcase classname="backend.tests.test_social_studio.TestRegenerate" name="test_regenerate_caption_only" time="11.373" /><testcase classname="backend.tests.test_social_studio.TestRegenerate" name="test_regenerate_invalid_action" time="0.083" /><testcase classname="backend.tests.test_social_studio.TestStatusTransitions" name="test_approve" time="0.169" /><testcase classname="backend.tests.test_social_studio.TestStatusTransitions" name="test_schedule_marks_task_done" time="0.135" /><testcase classname="backend.tests.test_social_studio.TestStatusTransitions" name="test_mark_posted" time="0.125" /><testcase classname="backend.tests.test_social_studio.TestStatusTransitions" name="test_dismiss" time="0.128" /><testcase classname="backend.tests.test_social_studio.TestAnalytics" name="test_analytics_shape" time="0.085" /><testcase classname="backend.tests.test_social_studio.TestSettings" name="test_put_settings_persists" time="0.269" /><testcase classname="backend.tests.test_social_studio.TestSettings" name="test_put_settings_empty_body_400" time="0.042" /><testcase classname="backend.tests.test_social_studio.TestDailyTask" name="test_daily_generate_creates_task" time="27.287" /><testcase classname="backend.tests.test_social_studio.TestDailyTask" name="test_daily_generate_idempotent" time="25.673" /><testcase classname="backend.tests.test_social_studio.TestDailyTask" name="test_daily_regenerate_archives_and_replaces" time="42.156" /><testcase classname="backend.tests.test_social_studio.TestDailyTask" name="test_pillar_rotation" time="93.393" /><testcase classname="backend.tests.test_social_studio.TestRegression" name="test_coach_tasks_lists_social_task" time="0.088" /><testcase classname="backend.tests.test_social_studio.TestRegression" name="test_habits_today" time="0.045" /><testcase classname="backend.tests.test_social_studio.TestRegression" name="test_notifications_settings" time="0.045" /><testcase classname="backend.tests.test_social_studio.TestRegression" name="test_coach_messages_drafts" time="0.043" /><testcase classname="backend.tests.test_social_studio.TestRegression" name="test_coach_change_log" time="0.048" /><testcase classname="backend.tests.test_social_studio.TestRegression" name="test_standby_today" time="0.086" /></testsuite></testsuites>