<?xml version="1.0" encoding="utf-8"?><testsuites name="pytest tests"><testsuite name="pytest" errors="0" failures="0" skipped="0" tests="10" time="2.481" timestamp="2026-07-08T11:15:03.852482+00:00" hostname="agent-env-d747f935-23a3-478a-b320-92d4e78ba06a"><testcase classname="backend.tests.test_workout_dedup_index.TestDedupAndIndex" name="test_no_duplicate_user_date_groups" time="0.006" /><testcase classname="backend.tests.test_workout_dedup_index.TestDedupAndIndex" name="test_unique_compound_index_present" time="0.001" /><testcase classname="backend.tests.test_workout_dedup_index.TestDedupAndIndex" name="test_duplicate_insert_raises_dup_key_error" time="0.002" /><testcase classname="backend.tests.test_workout_dedup_index.TestDayOverrideStatusFlipDeterministic" name="test_neutral_override_flips_status_to_updating_exactly_one_row" time="1.002" /><testcase classname="backend.tests.test_workout_dedup_index.TestDayOverrideStatusFlipDeterministic" name="test_sick_tag_flips_status_to_coach_reviewing" time="0.460" /><testcase classname="backend.tests.test_workout_dedup_index.TestRegression" name="test_calendar_timeline_ok" time="0.109" /><testcase classname="backend.tests.test_workout_dedup_index.TestRegression" name="test_coach_analytics_ok" time="0.470" /><testcase classname="backend.tests.test_workout_dedup_index.TestRegression" name="test_roster_upload_and_generate_reachable" time="0.096" /><testcase classname="backend.tests.test_workout_dedup_index.TestRegression" name="test_workouts_regenerate_returns_job" time="0.241" /><testcase classname="backend.tests.test_workout_dedup_index.TestRegression" name="test_no_new_duplicates_after_regenerate" time="0.002" /></testsuite></testsuites>