<?xml version="1.0" encoding="utf-8"?><testsuites name="pytest tests"><testsuite name="pytest" errors="0" failures="0" skipped="0" tests="10" time="1.777" timestamp="2026-07-08T20:03:09.269419+00:00" hostname="agent-env-d747f935-23a3-478a-b320-92d4e78ba06a"><testcase classname="backend.tests.test_workout_player_phase3.TestCardioSetLogging" name="test_pace_auto_derived_from_duration_and_distance" time="0.671" /><testcase classname="backend.tests.test_workout_player_phase3.TestCardioSetLogging" name="test_explicit_pace_preserved" time="0.128" /><testcase classname="backend.tests.test_workout_player_phase3.TestCardioSetLogging" name="test_duration_only_pace_is_null" time="0.046" /><testcase classname="backend.tests.test_workout_player_phase3.TestCardioSetLogging" name="test_warmup_and_timer_persisted" time="0.045" /><testcase classname="backend.tests.test_workout_player_phase3.TestCardioSetLogging" name="test_heart_rate_and_calories_persisted" time="0.053" /><testcase classname="backend.tests.test_workout_player_phase3.TestCardioSetLogging" name="test_list_sets_returns_cardio_fields" time="0.092" /><testcase classname="backend.tests.test_workout_player_phase3.TestProgressionHint" name="test_progression_increase_when_target_hit_and_rpe_low" time="0.194" /><testcase classname="backend.tests.test_workout_player_phase3.TestProgressionHint" name="test_progression_hold_when_rpe_high" time="0.194" /><testcase classname="backend.tests.test_workout_player_phase3.TestProgressionHint" name="test_progression_uncertain_when_rpe_missing" time="0.180" /><testcase classname="backend.tests.test_workout_player_phase3.TestWeightedSetRegression" name="test_weighted_set_basic_persistence" time="0.129" /></testsuite></testsuites>